<?xml version="1.0" encoding="UTF-8"?>
<robot generator="Robot 3.1 (Python 3.9.4 on darwin)" generated="20221130 18:03:04.146" rpa="false">
<suite id="s1" name="置灰个人中心" source="/Users/xiaozixi/Desktop/自动化测试/iPad-AutoTest/channel/灰度测试/置灰个人中心.txt">
<kw name="公共－初始化环境" library="公共" type="setup">
<kw name="公共－清除数据" library="公共">
<kw name="Sleep" library="BuiltIn">
<doc>Pauses the test executed for the given time.</doc>
<arguments>
<arg>3</arg>
</arguments>
<msg timestamp="20221130 18:03:08.378" level="INFO">Slept 3 seconds</msg>
<status status="PASS" starttime="20221130 18:03:05.377" endtime="20221130 18:03:08.378"></status>
</kw>
<kw name="Delete Data" library="auto">
<doc>删除临时表的数据</doc>
<arguments>
<arg>${platform}</arg>
</arguments>
<msg timestamp="20221130 18:03:08.379" level="INFO">delete_data...</msg>
<status status="PASS" starttime="20221130 18:03:08.379" endtime="20221130 18:03:08.393"></status>
</kw>
<kw name="Sleep" library="BuiltIn">
<doc>Pauses the test executed for the given time.</doc>
<arguments>
<arg>5</arg>
</arguments>
<msg timestamp="20221130 18:03:13.394" level="INFO">Slept 5 seconds</msg>
<status status="PASS" starttime="20221130 18:03:08.393" endtime="20221130 18:03:13.395"></status>
</kw>
<status status="PASS" starttime="20221130 18:03:05.376" endtime="20221130 18:03:13.395"></status>
</kw>
<kw name="Open Application" library="AppiumLibrary">
<doc>Opens a new application to given Appium server.
Capabilities of appium server, Android and iOS,
Please check https://github.com/appium/appium/blob/master/docs/en/writing-running-appium/server-args.md
| *Option*            | *Man.* | *Description*     |
| remote_url          | Yes    | Appium server url |
| alias               | no     | alias             |</doc>
<arguments>
<arg>http://127.0.0.1:4723/wd/hub</arg>
<arg>platformName=iOS</arg>
<arg>deviceName=iPad</arg>
<arg>platformVersion=14.4.1</arg>
<arg>newCommandTimeout=600</arg>
<arg>udid=f4168aea0d6a99829d75f3ea681f430ad71df1ea</arg>
<arg>bundleId=com.imgo.tv.hd</arg>
<arg>AutomationName=XCUITest</arg>
</arguments>
<kw name="Capture Page Screenshot" library="AppiumLibrary">
<doc>Takes a screenshot of the current page and embeds it into the log.</doc>
<msg timestamp="20221130 18:03:29.680" level="FAIL">No application is open</msg>
<status status="FAIL" starttime="20221130 18:03:29.674" endtime="20221130 18:03:29.680"></status>
</kw>
<msg timestamp="20221130 18:03:29.680" level="WARN">Keyword 'Capture Page Screenshot' could not be run on failure: No application is open</msg>
<msg timestamp="20221130 18:03:29.683" level="FAIL">WebDriverException: Message: An unknown server-side error occurred while processing the command. Original error: Unable to launch WebDriverAgent because of xcodebuild failure: xcodebuild failed with code 65
xcodebuild error message:
. Make sure you follow the tutorial at https://github.com/appium/appium-xcuitest-driver/blob/master/docs/real-device-config.md. Try to remove the WebDriverAgentRunner application from the device if it is installed and reboot the device.
</msg>
<status status="FAIL" starttime="20221130 18:03:13.395" endtime="20221130 18:03:29.684"></status>
</kw>
<status status="FAIL" starttime="20221130 18:03:05.376" endtime="20221130 18:03:29.684"></status>
</kw>
<test id="s1-t1" name="个人中心">
<status status="FAIL" starttime="20221130 18:03:29.684" endtime="20221130 18:03:29.684" critical="yes">Parent suite setup failed:
WebDriverException: Message: An unknown server-side error occurred while processing the command. Original error: Unable to launch WebDriverAgent because of xcodebuild failure: xcodebuild failed with code 65
xcodebuild error message:
. Make sure you follow the tutorial at https://github.com/appium/appium-xcuitest-driver/blob/master/docs/real-device-config.md. Try to remove the WebDriverAgentRunner application from the device if it is installed and reboot the device.
</status>
</test>
<test id="s1-t2" name="VIP会员页面">
<status status="FAIL" starttime="20221130 18:03:29.685" endtime="20221130 18:03:29.685" critical="yes">Parent suite setup failed:
WebDriverException: Message: An unknown server-side error occurred while processing the command. Original error: Unable to launch WebDriverAgent because of xcodebuild failure: xcodebuild failed with code 65
xcodebuild error message:
. Make sure you follow the tutorial at https://github.com/appium/appium-xcuitest-driver/blob/master/docs/real-device-config.md. Try to remove the WebDriverAgentRunner application from the device if it is installed and reboot the device.
</status>
</test>
<test id="s1-t3" name="开通会员页面">
<status status="FAIL" starttime="20221130 18:03:29.685" endtime="20221130 18:03:29.686" critical="yes">Parent suite setup failed:
WebDriverException: Message: An unknown server-side error occurred while processing the command. Original error: Unable to launch WebDriverAgent because of xcodebuild failure: xcodebuild failed with code 65
xcodebuild error message:
. Make sure you follow the tutorial at https://github.com/appium/appium-xcuitest-driver/blob/master/docs/real-device-config.md. Try to remove the WebDriverAgentRunner application from the device if it is installed and reboot the device.
</status>
</test>
<test id="s1-t4" name="开通会员页面下滑">
<status status="FAIL" starttime="20221130 18:03:29.686" endtime="20221130 18:03:29.687" critical="yes">Parent suite setup failed:
WebDriverException: Message: An unknown server-side error occurred while processing the command. Original error: Unable to launch WebDriverAgent because of xcodebuild failure: xcodebuild failed with code 65
xcodebuild error message:
. Make sure you follow the tutorial at https://github.com/appium/appium-xcuitest-driver/blob/master/docs/real-device-config.md. Try to remove the WebDriverAgentRunner application from the device if it is installed and reboot the device.
</status>
</test>
<test id="s1-t5" name="关闭开通会员页面">
<status status="FAIL" starttime="20221130 18:03:29.687" endtime="20221130 18:03:29.688" critical="yes">Parent suite setup failed:
WebDriverException: Message: An unknown server-side error occurred while processing the command. Original error: Unable to launch WebDriverAgent because of xcodebuild failure: xcodebuild failed with code 65
xcodebuild error message:
. Make sure you follow the tutorial at https://github.com/appium/appium-xcuitest-driver/blob/master/docs/real-device-config.md. Try to remove the WebDriverAgentRunner application from the device if it is installed and reboot the device.
</status>
</test>
<test id="s1-t6" name="关闭开通会员确认页面">
<status status="FAIL" starttime="20221130 18:03:29.688" endtime="20221130 18:03:29.689" critical="yes">Parent suite setup failed:
WebDriverException: Message: An unknown server-side error occurred while processing the command. Original error: Unable to launch WebDriverAgent because of xcodebuild failure: xcodebuild failed with code 65
xcodebuild error message:
. Make sure you follow the tutorial at https://github.com/appium/appium-xcuitest-driver/blob/master/docs/real-device-config.md. Try to remove the WebDriverAgentRunner application from the device if it is installed and reboot the device.
</status>
</test>
<test id="s1-t7" name="关闭VIP会员页面">
<status status="FAIL" starttime="20221130 18:03:29.689" endtime="20221130 18:03:29.690" critical="yes">Parent suite setup failed:
WebDriverException: Message: An unknown server-side error occurred while processing the command. Original error: Unable to launch WebDriverAgent because of xcodebuild failure: xcodebuild failed with code 65
xcodebuild error message:
. Make sure you follow the tutorial at https://github.com/appium/appium-xcuitest-driver/blob/master/docs/real-device-config.md. Try to remove the WebDriverAgentRunner application from the device if it is installed and reboot the device.
</status>
</test>
<test id="s1-t8" name="积分中心">
<status status="FAIL" starttime="20221130 18:03:29.690" endtime="20221130 18:03:29.691" critical="yes">Parent suite setup failed:
WebDriverException: Message: An unknown server-side error occurred while processing the command. Original error: Unable to launch WebDriverAgent because of xcodebuild failure: xcodebuild failed with code 65
xcodebuild error message:
. Make sure you follow the tutorial at https://github.com/appium/appium-xcuitest-driver/blob/master/docs/real-device-config.md. Try to remove the WebDriverAgentRunner application from the device if it is installed and reboot the device.
</status>
</test>
<test id="s1-t9" name="积分中心页面下滑">
<status status="FAIL" starttime="20221130 18:03:29.691" endtime="20221130 18:03:29.692" critical="yes">Parent suite setup failed:
WebDriverException: Message: An unknown server-side error occurred while processing the command. Original error: Unable to launch WebDriverAgent because of xcodebuild failure: xcodebuild failed with code 65
xcodebuild error message:
. Make sure you follow the tutorial at https://github.com/appium/appium-xcuitest-driver/blob/master/docs/real-device-config.md. Try to remove the WebDriverAgentRunner application from the device if it is installed and reboot the device.
</status>
</test>
<test id="s1-t10" name="播放记录页面">
<status status="FAIL" starttime="20221130 18:03:29.692" endtime="20221130 18:03:29.692" critical="yes">Parent suite setup failed:
WebDriverException: Message: An unknown server-side error occurred while processing the command. Original error: Unable to launch WebDriverAgent because of xcodebuild failure: xcodebuild failed with code 65
xcodebuild error message:
. Make sure you follow the tutorial at https://github.com/appium/appium-xcuitest-driver/blob/master/docs/real-device-config.md. Try to remove the WebDriverAgentRunner application from the device if it is installed and reboot the device.
</status>
</test>
<test id="s1-t11" name="离线中心页面">
<status status="FAIL" starttime="20221130 18:03:29.693" endtime="20221130 18:03:29.693" critical="yes">Parent suite setup failed:
WebDriverException: Message: An unknown server-side error occurred while processing the command. Original error: Unable to launch WebDriverAgent because of xcodebuild failure: xcodebuild failed with code 65
xcodebuild error message:
. Make sure you follow the tutorial at https://github.com/appium/appium-xcuitest-driver/blob/master/docs/real-device-config.md. Try to remove the WebDriverAgentRunner application from the device if it is installed and reboot the device.
</status>
</test>
<test id="s1-t12" name="我的看单页面">
<status status="FAIL" starttime="20221130 18:03:29.694" endtime="20221130 18:03:29.694" critical="yes">Parent suite setup failed:
WebDriverException: Message: An unknown server-side error occurred while processing the command. Original error: Unable to launch WebDriverAgent because of xcodebuild failure: xcodebuild failed with code 65
xcodebuild error message:
. Make sure you follow the tutorial at https://github.com/appium/appium-xcuitest-driver/blob/master/docs/real-device-config.md. Try to remove the WebDriverAgentRunner application from the device if it is installed and reboot the device.
</status>
</test>
<test id="s1-t13" name="消息中心页面">
<status status="FAIL" starttime="20221130 18:03:29.694" endtime="20221130 18:03:29.695" critical="yes">Parent suite setup failed:
WebDriverException: Message: An unknown server-side error occurred while processing the command. Original error: Unable to launch WebDriverAgent because of xcodebuild failure: xcodebuild failed with code 65
xcodebuild error message:
. Make sure you follow the tutorial at https://github.com/appium/appium-xcuitest-driver/blob/master/docs/real-device-config.md. Try to remove the WebDriverAgentRunner application from the device if it is installed and reboot the device.
</status>
</test>
<test id="s1-t14" name="帮助反馈页面">
<status status="FAIL" starttime="20221130 18:03:29.696" endtime="20221130 18:03:29.696" critical="yes">Parent suite setup failed:
WebDriverException: Message: An unknown server-side error occurred while processing the command. Original error: Unable to launch WebDriverAgent because of xcodebuild failure: xcodebuild failed with code 65
xcodebuild error message:
. Make sure you follow the tutorial at https://github.com/appium/appium-xcuitest-driver/blob/master/docs/real-device-config.md. Try to remove the WebDriverAgentRunner application from the device if it is installed and reboot the device.
</status>
</test>
<test id="s1-t15" name="个人中心下滑">
<status status="FAIL" starttime="20221130 18:03:29.696" endtime="20221130 18:03:29.697" critical="yes">Parent suite setup failed:
WebDriverException: Message: An unknown server-side error occurred while processing the command. Original error: Unable to launch WebDriverAgent because of xcodebuild failure: xcodebuild failed with code 65
xcodebuild error message:
. Make sure you follow the tutorial at https://github.com/appium/appium-xcuitest-driver/blob/master/docs/real-device-config.md. Try to remove the WebDriverAgentRunner application from the device if it is installed and reboot the device.
</status>
</test>
<test id="s1-t16" name="设置页面">
<status status="FAIL" starttime="20221130 18:03:29.697" endtime="20221130 18:03:29.698" critical="yes">Parent suite setup failed:
WebDriverException: Message: An unknown server-side error occurred while processing the command. Original error: Unable to launch WebDriverAgent because of xcodebuild failure: xcodebuild failed with code 65
xcodebuild error message:
. Make sure you follow the tutorial at https://github.com/appium/appium-xcuitest-driver/blob/master/docs/real-device-config.md. Try to remove the WebDriverAgentRunner application from the device if it is installed and reboot the device.
</status>
</test>
<test id="s1-t17" name="设置-修改密码页面">
<status status="FAIL" starttime="20221130 18:03:29.698" endtime="20221130 18:03:29.699" critical="yes">Parent suite setup failed:
WebDriverException: Message: An unknown server-side error occurred while processing the command. Original error: Unable to launch WebDriverAgent because of xcodebuild failure: xcodebuild failed with code 65
xcodebuild error message:
. Make sure you follow the tutorial at https://github.com/appium/appium-xcuitest-driver/blob/master/docs/real-device-config.md. Try to remove the WebDriverAgentRunner application from the device if it is installed and reboot the device.
</status>
</test>
<test id="s1-t18" name="设置-绑定号码页面">
<status status="FAIL" starttime="20221130 18:03:29.699" endtime="20221130 18:03:29.700" critical="yes">Parent suite setup failed:
WebDriverException: Message: An unknown server-side error occurred while processing the command. Original error: Unable to launch WebDriverAgent because of xcodebuild failure: xcodebuild failed with code 65
xcodebuild error message:
. Make sure you follow the tutorial at https://github.com/appium/appium-xcuitest-driver/blob/master/docs/real-device-config.md. Try to remove the WebDriverAgentRunner application from the device if it is installed and reboot the device.
</status>
</test>
<test id="s1-t19" name="设置-青少年模式页面">
<status status="FAIL" starttime="20221130 18:03:29.700" endtime="20221130 18:03:29.701" critical="yes">Parent suite setup failed:
WebDriverException: Message: An unknown server-side error occurred while processing the command. Original error: Unable to launch WebDriverAgent because of xcodebuild failure: xcodebuild failed with code 65
xcodebuild error message:
. Make sure you follow the tutorial at https://github.com/appium/appium-xcuitest-driver/blob/master/docs/real-device-config.md. Try to remove the WebDriverAgentRunner application from the device if it is installed and reboot the device.
</status>
</test>
<test id="s1-t20" name="设置-账号注销页面">
<status status="FAIL" starttime="20221130 18:03:29.701" endtime="20221130 18:03:29.702" critical="yes">Parent suite setup failed:
WebDriverException: Message: An unknown server-side error occurred while processing the command. Original error: Unable to launch WebDriverAgent because of xcodebuild failure: xcodebuild failed with code 65
xcodebuild error message:
. Make sure you follow the tutorial at https://github.com/appium/appium-xcuitest-driver/blob/master/docs/real-device-config.md. Try to remove the WebDriverAgentRunner application from the device if it is installed and reboot the device.
</status>
</test>
<test id="s1-t21" name="设置-个人信息保护政策页面">
<status status="FAIL" starttime="20221130 18:03:29.702" endtime="20221130 18:03:29.703" critical="yes">Parent suite setup failed:
WebDriverException: Message: An unknown server-side error occurred while processing the command. Original error: Unable to launch WebDriverAgent because of xcodebuild failure: xcodebuild failed with code 65
xcodebuild error message:
. Make sure you follow the tutorial at https://github.com/appium/appium-xcuitest-driver/blob/master/docs/real-device-config.md. Try to remove the WebDriverAgentRunner application from the device if it is installed and reboot the device.
</status>
</test>
<test id="s1-t22" name="设置-其他法律文件页面">
<status status="FAIL" starttime="20221130 18:03:29.703" endtime="20221130 18:03:29.704" critical="yes">Parent suite setup failed:
WebDriverException: Message: An unknown server-side error occurred while processing the command. Original error: Unable to launch WebDriverAgent because of xcodebuild failure: xcodebuild failed with code 65
xcodebuild error message:
. Make sure you follow the tutorial at https://github.com/appium/appium-xcuitest-driver/blob/master/docs/real-device-config.md. Try to remove the WebDriverAgentRunner application from the device if it is installed and reboot the device.
</status>
</test>
<test id="s1-t23" name="设置-隐私保护页面">
<status status="FAIL" starttime="20221130 18:03:29.704" endtime="20221130 18:03:29.705" critical="yes">Parent suite setup failed:
WebDriverException: Message: An unknown server-side error occurred while processing the command. Original error: Unable to launch WebDriverAgent because of xcodebuild failure: xcodebuild failed with code 65
xcodebuild error message:
. Make sure you follow the tutorial at https://github.com/appium/appium-xcuitest-driver/blob/master/docs/real-device-config.md. Try to remove the WebDriverAgentRunner application from the device if it is installed and reboot the device.
</status>
</test>
<test id="s1-t24" name="设置-常见问题页面">
<status status="FAIL" starttime="20221130 18:03:29.705" endtime="20221130 18:03:29.706" critical="yes">Parent suite setup failed:
WebDriverException: Message: An unknown server-side error occurred while processing the command. Original error: Unable to launch WebDriverAgent because of xcodebuild failure: xcodebuild failed with code 65
xcodebuild error message:
. Make sure you follow the tutorial at https://github.com/appium/appium-xcuitest-driver/blob/master/docs/real-device-config.md. Try to remove the WebDriverAgentRunner application from the device if it is installed and reboot the device.
</status>
</test>
<test id="s1-t25" name="设置-关于我们页面">
<status status="FAIL" starttime="20221130 18:03:29.706" endtime="20221130 18:03:29.707" critical="yes">Parent suite setup failed:
WebDriverException: Message: An unknown server-side error occurred while processing the command. Original error: Unable to launch WebDriverAgent because of xcodebuild failure: xcodebuild failed with code 65
xcodebuild error message:
. Make sure you follow the tutorial at https://github.com/appium/appium-xcuitest-driver/blob/master/docs/real-device-config.md. Try to remove the WebDriverAgentRunner application from the device if it is installed and reboot the device.
</status>
</test>
<kw name="公共－关闭环境" library="公共" type="teardown">
<kw name="Close All Applications" library="AppiumLibrary">
<doc>Closes all open applications.</doc>
<status status="PASS" starttime="20221130 18:03:29.708" endtime="20221130 18:03:29.709"></status>
</kw>
<status status="PASS" starttime="20221130 18:03:29.708" endtime="20221130 18:03:29.709"></status>
</kw>
<status status="FAIL" starttime="20221130 18:03:04.147" endtime="20221130 18:03:29.709">Suite setup failed:
WebDriverException: Message: An unknown server-side error occurred while processing the command. Original error: Unable to launch WebDriverAgent because of xcodebuild failure: xcodebuild failed with code 65
xcodebuild error message:
. Make sure you follow the tutorial at https://github.com/appium/appium-xcuitest-driver/blob/master/docs/real-device-config.md. Try to remove the WebDriverAgentRunner application from the device if it is installed and reboot the device.
</status>
</suite>
<statistics>
<total>
<stat pass="0" fail="25">Critical Tests</stat>
<stat pass="0" fail="25">All Tests</stat>
</total>
<tag>
</tag>
<suite>
<stat pass="0" fail="25" id="s1" name="置灰个人中心">置灰个人中心</stat>
</suite>
</statistics>
<errors>
<msg timestamp="20221130 18:03:04.141" level="WARN">Automatically parsing other than '*.robot' files is deprecated. Convert '/Users/xiaozixi/Desktop/自动化测试/iPad-AutoTest/channel/灰度测试/置灰个人中心.txt' to '*.robot' format or use '--extension' to explicitly configure which files to parse.</msg>
<msg timestamp="20221130 18:03:29.680" level="WARN">Keyword 'Capture Page Screenshot' could not be run on failure: No application is open</msg>
</errors>
</robot>
