<?xml version="1.0" encoding="UTF-8"?>
<!DOCTYPE html PUBLIC "-//W3C//DTD XHTML 1.0 Strict//EN" "http://www.w3.org/TR/xhtml1/DTD/xhtml1-strict.dtd">
<html xmlns="http://www.w3.org/1999/xhtml">
<head>
    <title>ipad自动化测试报告</title>
    <meta name="generator" content="HTMLTestRunner 0.8.2"/>
    <meta http-equiv="Content-Type" content="text/html; charset=UTF-8"/>
    
<style type="text/css" media="screen">
body        { font-family: verdana, arial, helvetica, sans-serif; font-size: 80%; }
table       { font-size: 100%; }
pre         { }

/* -- heading ---------------------------------------------------------------------- */
h1 {
	font-size: 16pt;
	color: gray;
}
.heading {
    margin-top: 0ex;
    margin-bottom: 1ex;
}

.heading .attribute {
    margin-top: 1ex;
    margin-bottom: 0;
}

.heading .description {
    margin-top: 4ex;
    margin-bottom: 6ex;
}

/* -- css div popup ------------------------------------------------------------------------ */
a.popup_link {
}

a.popup_link:hover {
    color: red;
}

.popup_window {
    display: none;
    position: relative;
    left: 0px;
    top: 0px;
    /*border: solid #627173 1px; */
    padding: 10px;
    background-color: #E6E6D6;
    font-family: "Lucida Console", "Courier New", Courier, monospace;
    text-align: left;
    font-size: 8pt;
    width: 500px;
}

}
/* -- report ------------------------------------------------------------------------ */
#show_detail_line {
    margin-top: 3ex;
    margin-bottom: 1ex;
}
#result_table {
    width: 80%;
    border-collapse: collapse;
    border: 1px solid #777;
}
#header_row {
    font-weight: bold;
    color: white;
    background-color: #777;
}
#result_table td {
    border: 1px solid #777;
    padding: 2px;
}
#total_row  { font-weight: bold; }
.passClass  { background-color: #6c6; }
.failClass  { background-color: #c60; }
.errorClass { background-color: #c00; }
.passCase   { color: #6c6; }
.failCase   { color: #c60; font-weight: bold; }
.errorCase  { color: #c00; font-weight: bold; }
.hiddenRow  { display: none; }
.testcase   { margin-left: 2em; }


/* -- ending ---------------------------------------------------------------------- */
#ending {
}

</style>

</head>
<body>
<script language="javascript" type="text/javascript"><!--
output_list = Array();

/* level - 0:Summary; 1:Failed; 2:All */
function showCase(level) {
    trs = document.getElementsByTagName("tr");
    for (var i = 0; i < trs.length; i++) {
        tr = trs[i];
        id = tr.id;
        if (id.substr(0,2) == 'ft') {
            if (level < 1) {
                tr.className = 'hiddenRow';
            }
            else {
                tr.className = '';
            }
        }
        if (id.substr(0,2) == 'pt') {
            if (level > 1) {
                tr.className = '';
            }
            else {
                tr.className = 'hiddenRow';
            }
        }
    }
}


function showClassDetail(cid, count) {
    var id_list = Array(count);
    var toHide = 1;
    for (var i = 0; i < count; i++) {
        tid0 = 't' + cid.substr(1) + '.' + (i+1);
        tid = 'f' + tid0;
        tr = document.getElementById(tid);
        if (!tr) {
            tid = 'p' + tid0;
            tr = document.getElementById(tid);
        }
        id_list[i] = tid;
        if (tr.className) {
            toHide = 0;
        }
    }
    for (var i = 0; i < count; i++) {
        tid = id_list[i];
        if (toHide) {
            document.getElementById('div_'+tid).style.display = 'none'
            document.getElementById(tid).className = 'hiddenRow';
        }
        else {
            document.getElementById(tid).className = '';
        }
    }
}


function showTestDetail(div_id){
    var details_div = document.getElementById(div_id)
    var displayState = details_div.style.display
    // alert(displayState)
    if (displayState != 'block' ) {
        displayState = 'block'
        details_div.style.display = 'block'
    }
    else {
        details_div.style.display = 'none'
    }
}


function html_escape(s) {
    s = s.replace(/&/g,'&amp;');
    s = s.replace(/</g,'&lt;');
    s = s.replace(/>/g,'&gt;');
    return s;
}

/* obsoleted by detail in <div>
function showOutput(id, name) {
    var w = window.open("", //url
                    name,
                    "resizable,scrollbars,status,width=800,height=450");
    d = w.document;
    d.write("<pre>");
    d.write(html_escape(output_list[id]));
    d.write("\n");
    d.write("<a href='javascript:window.close()'>close</a>\n");
    d.write("</pre>\n");
    d.close();
}
*/
--></script>

<div class='heading'>
<h1>ipad自动化测试报告</h1>
<p class='attribute'><strong>Start Time:</strong> 2022-07-12 15:26:03</p>
<p class='attribute'><strong>Duration:</strong> 0:22:56.294158</p>
<p class='attribute'><strong>Status:</strong> Pass 143 Failure 7 Error 97</p>

<p class='description'>测试结果描述</p>
</div>



<p id='show_detail_line'>Show
<a href='javascript:showCase(0)'>Summary</a>
<a href='javascript:showCase(1)'>Failed</a>
<a href='javascript:showCase(2)'>All</a>
</p>
<table id='result_table'>
<colgroup>
<col align='left' />
<col align='right' />
<col align='right' />
<col align='right' />
<col align='right' />
<col align='right' />
</colgroup>
<tr id='header_row'>
    <td>Test Group/Test case</td>
    <td>Count</td>
    <td>Pass</td>
    <td>Fail</td>
    <td>Error</td>
    <td>View</td>
</tr>

<tr class='errorClass'>
    <td>jingxuan.jingxuan_test</td>
    <td>24</td>
    <td>17</td>
    <td>6</td>
    <td>1</td>
    <td><a href="javascript:showClassDetail('c1',24)">Detail</a></td>
</tr>

<tr id='ft1.1' class='none'>
    <td class='failCase'><div class='testcase'>test_001</div></td>
    <td colspan='5' align='center'>

    <!--css div popup start-->
    <a class="popup_link" onfocus='this.blur();' href="javascript:showTestDetail('div_ft1.1')" >
        fail</a>

    <div id='div_ft1.1' class="popup_window">
        <div style='text-align: right; color:red;cursor:pointer'>
        <a onfocus='this.blur();' onclick="document.getElementById('div_ft1.1').style.display = 'none' " >
           [x]</a>
        </div>
        <pre>
        
ft1.1: ChannelLogoIcon
Traceback (most recent call last):
  File "/Users/xiaozixi/Desktop/自动化测试/iPad-AutoTest/Function/jingxuan.py", line 32, in test_001
    assert str == '芒果TV'
AssertionError


        </pre>
    </div>
    <!--css div popup end-->

    </td>
</tr>

<tr id='pt1.2' class='hiddenRow'>
    <td class='none'><div class='testcase'>test_002</div></td>
    <td colspan='5' align='center'>pass</td>
</tr>

<tr id='pt1.3' class='hiddenRow'>
    <td class='none'><div class='testcase'>test_003</div></td>
    <td colspan='5' align='center'>pass</td>
</tr>

<tr id='pt1.4' class='hiddenRow'>
    <td class='none'><div class='testcase'>test_004</div></td>
    <td colspan='5' align='center'>pass</td>
</tr>

<tr id='pt1.5' class='hiddenRow'>
    <td class='none'><div class='testcase'>test_005</div></td>
    <td colspan='5' align='center'>pass</td>
</tr>

<tr id='pt1.6' class='hiddenRow'>
    <td class='none'><div class='testcase'>test_006</div></td>
    <td colspan='5' align='center'>pass</td>
</tr>

<tr id='pt1.7' class='hiddenRow'>
    <td class='none'><div class='testcase'>test_007</div></td>
    <td colspan='5' align='center'>pass</td>
</tr>

<tr id='pt1.8' class='hiddenRow'>
    <td class='none'><div class='testcase'>test_008</div></td>
    <td colspan='5' align='center'>pass</td>
</tr>

<tr id='ft1.9' class='none'>
    <td class='errorCase'><div class='testcase'>test_009</div></td>
    <td colspan='5' align='center'>

    <!--css div popup start-->
    <a class="popup_link" onfocus='this.blur();' href="javascript:showTestDetail('div_ft1.9')" >
        error</a>

    <div id='div_ft1.9' class="popup_window">
        <div style='text-align: right; color:red;cursor:pointer'>
        <a onfocus='this.blur();' onclick="document.getElementById('div_ft1.9').style.display = 'none' " >
           [x]</a>
        </div>
        <pre>
        
ft1.9: Traceback (most recent call last):
  File "/Users/xiaozixi/Desktop/自动化测试/iPad-AutoTest/Function/jingxuan.py", line 63, in test_009
    str = self.JingxuanPage.find_ele(JingxuanPage.chain6).get_attribute('label')
  File "/Users/xiaozixi/Desktop/自动化测试/iPad-AutoTest/page/BasePage.py", line 20, in find_ele
    return self.driver.find_element_by_ios_class_chain(loc)
  File "/usr/local/lib/python3.9/site-packages/appium/webdriver/extensions/search_context/ios.py", line 103, in find_element_by_ios_class_chain
    return self.find_element(by=MobileBy.IOS_CLASS_CHAIN, value=class_chain_string)
  File "/usr/local/lib/python3.9/site-packages/appium/webdriver/webdriver.py", line 282, in find_element
    return self.execute(RemoteCommand.FIND_ELEMENT, {'using': by, 'value': value})['value']
  File "/usr/local/lib/python3.9/site-packages/selenium/webdriver/remote/webdriver.py", line 321, in execute
    self.error_handler.check_response(response)
  File "/usr/local/lib/python3.9/site-packages/appium/webdriver/errorhandler.py", line 31, in check_response
    raise wde
  File "/usr/local/lib/python3.9/site-packages/appium/webdriver/errorhandler.py", line 26, in check_response
    super().check_response(response)
  File "/usr/local/lib/python3.9/site-packages/selenium/webdriver/remote/errorhandler.py", line 242, in check_response
    raise exception_class(message, screen, stacktrace)
selenium.common.exceptions.NoSuchElementException: Message: An element could not be located on the page using the given search parameters.



        </pre>
    </div>
    <!--css div popup end-->

    </td>
</tr>

<tr id='pt1.10' class='hiddenRow'>
    <td class='none'><div class='testcase'>test_010</div></td>
    <td colspan='5' align='center'>pass</td>
</tr>

<tr id='pt1.11' class='hiddenRow'>
    <td class='none'><div class='testcase'>test_011</div></td>
    <td colspan='5' align='center'>pass</td>
</tr>

<tr id='pt1.12' class='hiddenRow'>
    <td class='none'><div class='testcase'>test_012</div></td>
    <td colspan='5' align='center'>pass</td>
</tr>

<tr id='pt1.13' class='hiddenRow'>
    <td class='none'><div class='testcase'>test_013</div></td>
    <td colspan='5' align='center'>pass</td>
</tr>

<tr id='ft1.14' class='none'>
    <td class='failCase'><div class='testcase'>test_014</div></td>
    <td colspan='5' align='center'>

    <!--css div popup start-->
    <a class="popup_link" onfocus='this.blur();' href="javascript:showTestDetail('div_ft1.14')" >
        fail</a>

    <div id='div_ft1.14' class="popup_window">
        <div style='text-align: right; color:red;cursor:pointer'>
        <a onfocus='this.blur();' onclick="document.getElementById('div_ft1.14').style.display = 'none' " >
           [x]</a>
        </div>
        <pre>
        
ft1.14: Traceback (most recent call last):
  File "/Users/xiaozixi/Desktop/自动化测试/iPad-AutoTest/Function/jingxuan.py", line 84, in test_014
    assert str == '首页'
AssertionError


        </pre>
    </div>
    <!--css div popup end-->

    </td>
</tr>

<tr id='ft1.15' class='none'>
    <td class='failCase'><div class='testcase'>test_015</div></td>
    <td colspan='5' align='center'>

    <!--css div popup start-->
    <a class="popup_link" onfocus='this.blur();' href="javascript:showTestDetail('div_ft1.15')" >
        fail</a>

    <div id='div_ft1.15' class="popup_window">
        <div style='text-align: right; color:red;cursor:pointer'>
        <a onfocus='this.blur();' onclick="document.getElementById('div_ft1.15').style.display = 'none' " >
           [x]</a>
        </div>
        <pre>
        
ft1.15: Traceback (most recent call last):
  File "/Users/xiaozixi/Desktop/自动化测试/iPad-AutoTest/Function/jingxuan.py", line 88, in test_015
    assert str == '大芒'
AssertionError


        </pre>
    </div>
    <!--css div popup end-->

    </td>
</tr>

<tr id='ft1.16' class='none'>
    <td class='failCase'><div class='testcase'>test_016</div></td>
    <td colspan='5' align='center'>

    <!--css div popup start-->
    <a class="popup_link" onfocus='this.blur();' href="javascript:showTestDetail('div_ft1.16')" >
        fail</a>

    <div id='div_ft1.16' class="popup_window">
        <div style='text-align: right; color:red;cursor:pointer'>
        <a onfocus='this.blur();' onclick="document.getElementById('div_ft1.16').style.display = 'none' " >
           [x]</a>
        </div>
        <pre>
        
ft1.16: Traceback (most recent call last):
  File "/Users/xiaozixi/Desktop/自动化测试/iPad-AutoTest/Function/jingxuan.py", line 92, in test_016
    assert str == '会员'
AssertionError


        </pre>
    </div>
    <!--css div popup end-->

    </td>
</tr>

<tr id='ft1.17' class='none'>
    <td class='failCase'><div class='testcase'>test_017</div></td>
    <td colspan='5' align='center'>

    <!--css div popup start-->
    <a class="popup_link" onfocus='this.blur();' href="javascript:showTestDetail('div_ft1.17')" >
        fail</a>

    <div id='div_ft1.17' class="popup_window">
        <div style='text-align: right; color:red;cursor:pointer'>
        <a onfocus='this.blur();' onclick="document.getElementById('div_ft1.17').style.display = 'none' " >
           [x]</a>
        </div>
        <pre>
        
ft1.17: Traceback (most recent call last):
  File "/Users/xiaozixi/Desktop/自动化测试/iPad-AutoTest/Function/jingxuan.py", line 96, in test_017
    assert str == '一起看'
AssertionError


        </pre>
    </div>
    <!--css div popup end-->

    </td>
</tr>

<tr id='ft1.18' class='none'>
    <td class='failCase'><div class='testcase'>test_018</div></td>
    <td colspan='5' align='center'>

    <!--css div popup start-->
    <a class="popup_link" onfocus='this.blur();' href="javascript:showTestDetail('div_ft1.18')" >
        fail</a>

    <div id='div_ft1.18' class="popup_window">
        <div style='text-align: right; color:red;cursor:pointer'>
        <a onfocus='this.blur();' onclick="document.getElementById('div_ft1.18').style.display = 'none' " >
           [x]</a>
        </div>
        <pre>
        
ft1.18: Traceback (most recent call last):
  File "/Users/xiaozixi/Desktop/自动化测试/iPad-AutoTest/Function/jingxuan.py", line 100, in test_018
    assert str == '我的'
AssertionError


        </pre>
    </div>
    <!--css div popup end-->

    </td>
</tr>

<tr id='pt1.19' class='hiddenRow'>
    <td class='none'><div class='testcase'>test_019</div></td>
    <td colspan='5' align='center'>pass</td>
</tr>

<tr id='pt1.20' class='hiddenRow'>
    <td class='none'><div class='testcase'>test_020</div></td>
    <td colspan='5' align='center'>pass</td>
</tr>

<tr id='pt1.21' class='hiddenRow'>
    <td class='none'><div class='testcase'>test_021</div></td>
    <td colspan='5' align='center'>pass</td>
</tr>

<tr id='pt1.22' class='hiddenRow'>
    <td class='none'><div class='testcase'>test_022</div></td>
    <td colspan='5' align='center'>pass</td>
</tr>

<tr id='pt1.23' class='hiddenRow'>
    <td class='none'><div class='testcase'>test_023</div></td>
    <td colspan='5' align='center'>pass</td>
</tr>

<tr id='pt1.24' class='hiddenRow'>
    <td class='none'><div class='testcase'>test_024</div></td>
    <td colspan='5' align='center'>pass</td>
</tr>

<tr class='errorClass'>
    <td>wode.wo_test</td>
    <td>127</td>
    <td>36</td>
    <td>0</td>
    <td>91</td>
    <td><a href="javascript:showClassDetail('c2',127)">Detail</a></td>
</tr>

<tr id='pt2.1' class='hiddenRow'>
    <td class='none'><div class='testcase'>test_001</div></td>
    <td colspan='5' align='center'>pass</td>
</tr>

<tr id='ft2.2' class='none'>
    <td class='errorCase'><div class='testcase'>test_002</div></td>
    <td colspan='5' align='center'>

    <!--css div popup start-->
    <a class="popup_link" onfocus='this.blur();' href="javascript:showTestDetail('div_ft2.2')" >
        error</a>

    <div id='div_ft2.2' class="popup_window">
        <div style='text-align: right; color:red;cursor:pointer'>
        <a onfocus='this.blur();' onclick="document.getElementById('div_ft2.2').style.display = 'none' " >
           [x]</a>
        </div>
        <pre>
        
ft2.2: Traceback (most recent call last):
  File "/Users/xiaozixi/Desktop/自动化测试/iPad-AutoTest/Function/wode.py", line 44, in test_002
    str = self.LoginPage.find_ele(MyPage.chain2).get_attribute('label')
  File "/Users/xiaozixi/Desktop/自动化测试/iPad-AutoTest/page/BasePage.py", line 20, in find_ele
    return self.driver.find_element_by_ios_class_chain(loc)
  File "/usr/local/lib/python3.9/site-packages/appium/webdriver/extensions/search_context/ios.py", line 103, in find_element_by_ios_class_chain
    return self.find_element(by=MobileBy.IOS_CLASS_CHAIN, value=class_chain_string)
  File "/usr/local/lib/python3.9/site-packages/appium/webdriver/webdriver.py", line 282, in find_element
    return self.execute(RemoteCommand.FIND_ELEMENT, {'using': by, 'value': value})['value']
  File "/usr/local/lib/python3.9/site-packages/selenium/webdriver/remote/webdriver.py", line 321, in execute
    self.error_handler.check_response(response)
  File "/usr/local/lib/python3.9/site-packages/appium/webdriver/errorhandler.py", line 31, in check_response
    raise wde
  File "/usr/local/lib/python3.9/site-packages/appium/webdriver/errorhandler.py", line 26, in check_response
    super().check_response(response)
  File "/usr/local/lib/python3.9/site-packages/selenium/webdriver/remote/errorhandler.py", line 242, in check_response
    raise exception_class(message, screen, stacktrace)
selenium.common.exceptions.NoSuchElementException: Message: An element could not be located on the page using the given search parameters.



        </pre>
    </div>
    <!--css div popup end-->

    </td>
</tr>

<tr id='pt2.3' class='hiddenRow'>
    <td class='none'><div class='testcase'>test_003</div></td>
    <td colspan='5' align='center'>pass</td>
</tr>

<tr id='ft2.4' class='none'>
    <td class='errorCase'><div class='testcase'>test_004</div></td>
    <td colspan='5' align='center'>

    <!--css div popup start-->
    <a class="popup_link" onfocus='this.blur();' href="javascript:showTestDetail('div_ft2.4')" >
        error</a>

    <div id='div_ft2.4' class="popup_window">
        <div style='text-align: right; color:red;cursor:pointer'>
        <a onfocus='this.blur();' onclick="document.getElementById('div_ft2.4').style.display = 'none' " >
           [x]</a>
        </div>
        <pre>
        
ft2.4: Traceback (most recent call last):
  File "/Users/xiaozixi/Desktop/自动化测试/iPad-AutoTest/Function/wode.py", line 52, in test_004
    str = self.LoginPage.find_ele(MyPage.chain4).get_attribute('label')
  File "/Users/xiaozixi/Desktop/自动化测试/iPad-AutoTest/page/BasePage.py", line 20, in find_ele
    return self.driver.find_element_by_ios_class_chain(loc)
  File "/usr/local/lib/python3.9/site-packages/appium/webdriver/extensions/search_context/ios.py", line 103, in find_element_by_ios_class_chain
    return self.find_element(by=MobileBy.IOS_CLASS_CHAIN, value=class_chain_string)
  File "/usr/local/lib/python3.9/site-packages/appium/webdriver/webdriver.py", line 282, in find_element
    return self.execute(RemoteCommand.FIND_ELEMENT, {'using': by, 'value': value})['value']
  File "/usr/local/lib/python3.9/site-packages/selenium/webdriver/remote/webdriver.py", line 321, in execute
    self.error_handler.check_response(response)
  File "/usr/local/lib/python3.9/site-packages/appium/webdriver/errorhandler.py", line 31, in check_response
    raise wde
  File "/usr/local/lib/python3.9/site-packages/appium/webdriver/errorhandler.py", line 26, in check_response
    super().check_response(response)
  File "/usr/local/lib/python3.9/site-packages/selenium/webdriver/remote/errorhandler.py", line 242, in check_response
    raise exception_class(message, screen, stacktrace)
selenium.common.exceptions.NoSuchElementException: Message: An element could not be located on the page using the given search parameters.



        </pre>
    </div>
    <!--css div popup end-->

    </td>
</tr>

<tr id='ft2.5' class='none'>
    <td class='errorCase'><div class='testcase'>test_005</div></td>
    <td colspan='5' align='center'>

    <!--css div popup start-->
    <a class="popup_link" onfocus='this.blur();' href="javascript:showTestDetail('div_ft2.5')" >
        error</a>

    <div id='div_ft2.5' class="popup_window">
        <div style='text-align: right; color:red;cursor:pointer'>
        <a onfocus='this.blur();' onclick="document.getElementById('div_ft2.5').style.display = 'none' " >
           [x]</a>
        </div>
        <pre>
        
ft2.5: Traceback (most recent call last):
  File "/Users/xiaozixi/Desktop/自动化测试/iPad-AutoTest/Function/wode.py", line 56, in test_005
    str = self.LoginPage.find_ele(MyPage.chain5).get_attribute('label')
  File "/Users/xiaozixi/Desktop/自动化测试/iPad-AutoTest/page/BasePage.py", line 20, in find_ele
    return self.driver.find_element_by_ios_class_chain(loc)
  File "/usr/local/lib/python3.9/site-packages/appium/webdriver/extensions/search_context/ios.py", line 103, in find_element_by_ios_class_chain
    return self.find_element(by=MobileBy.IOS_CLASS_CHAIN, value=class_chain_string)
  File "/usr/local/lib/python3.9/site-packages/appium/webdriver/webdriver.py", line 282, in find_element
    return self.execute(RemoteCommand.FIND_ELEMENT, {'using': by, 'value': value})['value']
  File "/usr/local/lib/python3.9/site-packages/selenium/webdriver/remote/webdriver.py", line 321, in execute
    self.error_handler.check_response(response)
  File "/usr/local/lib/python3.9/site-packages/appium/webdriver/errorhandler.py", line 31, in check_response
    raise wde
  File "/usr/local/lib/python3.9/site-packages/appium/webdriver/errorhandler.py", line 26, in check_response
    super().check_response(response)
  File "/usr/local/lib/python3.9/site-packages/selenium/webdriver/remote/errorhandler.py", line 242, in check_response
    raise exception_class(message, screen, stacktrace)
selenium.common.exceptions.NoSuchElementException: Message: An element could not be located on the page using the given search parameters.



        </pre>
    </div>
    <!--css div popup end-->

    </td>
</tr>

<tr id='pt2.6' class='hiddenRow'>
    <td class='none'><div class='testcase'>test_006</div></td>
    <td colspan='5' align='center'>pass</td>
</tr>

<tr id='pt2.7' class='hiddenRow'>
    <td class='none'><div class='testcase'>test_007</div></td>
    <td colspan='5' align='center'>pass</td>
</tr>

<tr id='pt2.8' class='hiddenRow'>
    <td class='none'><div class='testcase'>test_008</div></td>
    <td colspan='5' align='center'>pass</td>
</tr>

<tr id='pt2.9' class='hiddenRow'>
    <td class='none'><div class='testcase'>test_009</div></td>
    <td colspan='5' align='center'>pass</td>
</tr>

<tr id='pt2.10' class='hiddenRow'>
    <td class='none'><div class='testcase'>test_010</div></td>
    <td colspan='5' align='center'>pass</td>
</tr>

<tr id='pt2.11' class='hiddenRow'>
    <td class='none'><div class='testcase'>test_011</div></td>
    <td colspan='5' align='center'>pass</td>
</tr>

<tr id='pt2.12' class='hiddenRow'>
    <td class='none'><div class='testcase'>test_012</div></td>
    <td colspan='5' align='center'>pass</td>
</tr>

<tr id='ft2.13' class='none'>
    <td class='errorCase'><div class='testcase'>test_013</div></td>
    <td colspan='5' align='center'>

    <!--css div popup start-->
    <a class="popup_link" onfocus='this.blur();' href="javascript:showTestDetail('div_ft2.13')" >
        error</a>

    <div id='div_ft2.13' class="popup_window">
        <div style='text-align: right; color:red;cursor:pointer'>
        <a onfocus='this.blur();' onclick="document.getElementById('div_ft2.13').style.display = 'none' " >
           [x]</a>
        </div>
        <pre>
        
ft2.13: Traceback (most recent call last):
  File "/Users/xiaozixi/Desktop/自动化测试/iPad-AutoTest/Function/wode.py", line 90, in test_013
    self.LoginPage.click_ele(LoginPage.chain1)
  File "/Users/xiaozixi/Desktop/自动化测试/iPad-AutoTest/page/BasePage.py", line 26, in click_ele
    self.find_ele(loc).click()
  File "/Users/xiaozixi/Desktop/自动化测试/iPad-AutoTest/page/BasePage.py", line 20, in find_ele
    return self.driver.find_element_by_ios_class_chain(loc)
  File "/usr/local/lib/python3.9/site-packages/appium/webdriver/extensions/search_context/ios.py", line 103, in find_element_by_ios_class_chain
    return self.find_element(by=MobileBy.IOS_CLASS_CHAIN, value=class_chain_string)
  File "/usr/local/lib/python3.9/site-packages/appium/webdriver/webdriver.py", line 282, in find_element
    return self.execute(RemoteCommand.FIND_ELEMENT, {'using': by, 'value': value})['value']
  File "/usr/local/lib/python3.9/site-packages/selenium/webdriver/remote/webdriver.py", line 321, in execute
    self.error_handler.check_response(response)
  File "/usr/local/lib/python3.9/site-packages/appium/webdriver/errorhandler.py", line 31, in check_response
    raise wde
  File "/usr/local/lib/python3.9/site-packages/appium/webdriver/errorhandler.py", line 26, in check_response
    super().check_response(response)
  File "/usr/local/lib/python3.9/site-packages/selenium/webdriver/remote/errorhandler.py", line 242, in check_response
    raise exception_class(message, screen, stacktrace)
selenium.common.exceptions.NoSuchElementException: Message: An element could not be located on the page using the given search parameters.



        </pre>
    </div>
    <!--css div popup end-->

    </td>
</tr>

<tr id='ft2.14' class='none'>
    <td class='errorCase'><div class='testcase'>test_014</div></td>
    <td colspan='5' align='center'>

    <!--css div popup start-->
    <a class="popup_link" onfocus='this.blur();' href="javascript:showTestDetail('div_ft2.14')" >
        error</a>

    <div id='div_ft2.14' class="popup_window">
        <div style='text-align: right; color:red;cursor:pointer'>
        <a onfocus='this.blur();' onclick="document.getElementById('div_ft2.14').style.display = 'none' " >
           [x]</a>
        </div>
        <pre>
        
ft2.14: Traceback (most recent call last):
  File "/Users/xiaozixi/Desktop/自动化测试/iPad-AutoTest/Function/wode.py", line 96, in test_014
    str = self.LoginPage.find_ele(MyPage.chain14).get_attribute('label')
  File "/Users/xiaozixi/Desktop/自动化测试/iPad-AutoTest/page/BasePage.py", line 20, in find_ele
    return self.driver.find_element_by_ios_class_chain(loc)
  File "/usr/local/lib/python3.9/site-packages/appium/webdriver/extensions/search_context/ios.py", line 103, in find_element_by_ios_class_chain
    return self.find_element(by=MobileBy.IOS_CLASS_CHAIN, value=class_chain_string)
  File "/usr/local/lib/python3.9/site-packages/appium/webdriver/webdriver.py", line 282, in find_element
    return self.execute(RemoteCommand.FIND_ELEMENT, {'using': by, 'value': value})['value']
  File "/usr/local/lib/python3.9/site-packages/selenium/webdriver/remote/webdriver.py", line 321, in execute
    self.error_handler.check_response(response)
  File "/usr/local/lib/python3.9/site-packages/appium/webdriver/errorhandler.py", line 31, in check_response
    raise wde
  File "/usr/local/lib/python3.9/site-packages/appium/webdriver/errorhandler.py", line 26, in check_response
    super().check_response(response)
  File "/usr/local/lib/python3.9/site-packages/selenium/webdriver/remote/errorhandler.py", line 242, in check_response
    raise exception_class(message, screen, stacktrace)
selenium.common.exceptions.NoSuchElementException: Message: An element could not be located on the page using the given search parameters.



        </pre>
    </div>
    <!--css div popup end-->

    </td>
</tr>

<tr id='pt2.15' class='hiddenRow'>
    <td class='none'><div class='testcase'>test_015</div></td>
    <td colspan='5' align='center'>pass</td>
</tr>

<tr id='pt2.16' class='hiddenRow'>
    <td class='none'><div class='testcase'>test_016</div></td>
    <td colspan='5' align='center'>pass</td>
</tr>

<tr id='pt2.17' class='hiddenRow'>
    <td class='none'><div class='testcase'>test_017</div></td>
    <td colspan='5' align='center'>pass</td>
</tr>

<tr id='pt2.18' class='hiddenRow'>
    <td class='none'><div class='testcase'>test_018</div></td>
    <td colspan='5' align='center'>pass</td>
</tr>

<tr id='pt2.19' class='hiddenRow'>
    <td class='none'><div class='testcase'>test_019</div></td>
    <td colspan='5' align='center'>pass</td>
</tr>

<tr id='pt2.20' class='hiddenRow'>
    <td class='none'><div class='testcase'>test_020</div></td>
    <td colspan='5' align='center'>pass</td>
</tr>

<tr id='pt2.21' class='hiddenRow'>
    <td class='none'><div class='testcase'>test_021</div></td>
    <td colspan='5' align='center'>pass</td>
</tr>

<tr id='pt2.22' class='hiddenRow'>
    <td class='none'><div class='testcase'>test_022</div></td>
    <td colspan='5' align='center'>pass</td>
</tr>

<tr id='pt2.23' class='hiddenRow'>
    <td class='none'><div class='testcase'>test_023</div></td>
    <td colspan='5' align='center'>pass</td>
</tr>

<tr id='pt2.24' class='hiddenRow'>
    <td class='none'><div class='testcase'>test_024</div></td>
    <td colspan='5' align='center'>pass</td>
</tr>

<tr id='ft2.25' class='none'>
    <td class='errorCase'><div class='testcase'>test_025</div></td>
    <td colspan='5' align='center'>

    <!--css div popup start-->
    <a class="popup_link" onfocus='this.blur();' href="javascript:showTestDetail('div_ft2.25')" >
        error</a>

    <div id='div_ft2.25' class="popup_window">
        <div style='text-align: right; color:red;cursor:pointer'>
        <a onfocus='this.blur();' onclick="document.getElementById('div_ft2.25').style.display = 'none' " >
           [x]</a>
        </div>
        <pre>
        
ft2.25: Traceback (most recent call last):
  File "/Users/xiaozixi/Desktop/自动化测试/iPad-AutoTest/Function/wode.py", line 151, in test_025
    str = self.LoginPage.find_ele(MyPage.chain23).get_attribute('label')
  File "/Users/xiaozixi/Desktop/自动化测试/iPad-AutoTest/page/BasePage.py", line 20, in find_ele
    return self.driver.find_element_by_ios_class_chain(loc)
  File "/usr/local/lib/python3.9/site-packages/appium/webdriver/extensions/search_context/ios.py", line 103, in find_element_by_ios_class_chain
    return self.find_element(by=MobileBy.IOS_CLASS_CHAIN, value=class_chain_string)
  File "/usr/local/lib/python3.9/site-packages/appium/webdriver/webdriver.py", line 282, in find_element
    return self.execute(RemoteCommand.FIND_ELEMENT, {'using': by, 'value': value})['value']
  File "/usr/local/lib/python3.9/site-packages/selenium/webdriver/remote/webdriver.py", line 321, in execute
    self.error_handler.check_response(response)
  File "/usr/local/lib/python3.9/site-packages/appium/webdriver/errorhandler.py", line 31, in check_response
    raise wde
  File "/usr/local/lib/python3.9/site-packages/appium/webdriver/errorhandler.py", line 26, in check_response
    super().check_response(response)
  File "/usr/local/lib/python3.9/site-packages/selenium/webdriver/remote/errorhandler.py", line 242, in check_response
    raise exception_class(message, screen, stacktrace)
selenium.common.exceptions.NoSuchElementException: Message: An element could not be located on the page using the given search parameters.



        </pre>
    </div>
    <!--css div popup end-->

    </td>
</tr>

<tr id='pt2.26' class='hiddenRow'>
    <td class='none'><div class='testcase'>test_026</div></td>
    <td colspan='5' align='center'>pass</td>
</tr>

<tr id='ft2.27' class='none'>
    <td class='errorCase'><div class='testcase'>test_027</div></td>
    <td colspan='5' align='center'>

    <!--css div popup start-->
    <a class="popup_link" onfocus='this.blur();' href="javascript:showTestDetail('div_ft2.27')" >
        error</a>

    <div id='div_ft2.27' class="popup_window">
        <div style='text-align: right; color:red;cursor:pointer'>
        <a onfocus='this.blur();' onclick="document.getElementById('div_ft2.27').style.display = 'none' " >
           [x]</a>
        </div>
        <pre>
        
ft2.27: Traceback (most recent call last):
  File "/Users/xiaozixi/Desktop/自动化测试/iPad-AutoTest/Function/wode.py", line 168, in test_027
    self.LoginPage.click_ele(MyPage.back)
  File "/Users/xiaozixi/Desktop/自动化测试/iPad-AutoTest/page/BasePage.py", line 26, in click_ele
    self.find_ele(loc).click()
  File "/Users/xiaozixi/Desktop/自动化测试/iPad-AutoTest/page/BasePage.py", line 20, in find_ele
    return self.driver.find_element_by_ios_class_chain(loc)
  File "/usr/local/lib/python3.9/site-packages/appium/webdriver/extensions/search_context/ios.py", line 103, in find_element_by_ios_class_chain
    return self.find_element(by=MobileBy.IOS_CLASS_CHAIN, value=class_chain_string)
  File "/usr/local/lib/python3.9/site-packages/appium/webdriver/webdriver.py", line 282, in find_element
    return self.execute(RemoteCommand.FIND_ELEMENT, {'using': by, 'value': value})['value']
  File "/usr/local/lib/python3.9/site-packages/selenium/webdriver/remote/webdriver.py", line 321, in execute
    self.error_handler.check_response(response)
  File "/usr/local/lib/python3.9/site-packages/appium/webdriver/errorhandler.py", line 31, in check_response
    raise wde
  File "/usr/local/lib/python3.9/site-packages/appium/webdriver/errorhandler.py", line 26, in check_response
    super().check_response(response)
  File "/usr/local/lib/python3.9/site-packages/selenium/webdriver/remote/errorhandler.py", line 242, in check_response
    raise exception_class(message, screen, stacktrace)
selenium.common.exceptions.NoSuchElementException: Message: An element could not be located on the page using the given search parameters.



        </pre>
    </div>
    <!--css div popup end-->

    </td>
</tr>

<tr id='pt2.28' class='hiddenRow'>
    <td class='none'><div class='testcase'>test_028</div></td>
    <td colspan='5' align='center'>pass</td>
</tr>

<tr id='pt2.29' class='hiddenRow'>
    <td class='none'><div class='testcase'>test_029</div></td>
    <td colspan='5' align='center'>pass</td>
</tr>

<tr id='pt2.30' class='hiddenRow'>
    <td class='none'><div class='testcase'>test_030</div></td>
    <td colspan='5' align='center'>pass</td>
</tr>

<tr id='pt2.31' class='hiddenRow'>
    <td class='none'><div class='testcase'>test_031</div></td>
    <td colspan='5' align='center'>pass</td>
</tr>

<tr id='pt2.32' class='hiddenRow'>
    <td class='none'><div class='testcase'>test_032</div></td>
    <td colspan='5' align='center'>pass</td>
</tr>

<tr id='pt2.33' class='hiddenRow'>
    <td class='none'><div class='testcase'>test_033</div></td>
    <td colspan='5' align='center'>pass</td>
</tr>

<tr id='pt2.34' class='hiddenRow'>
    <td class='none'><div class='testcase'>test_034</div></td>
    <td colspan='5' align='center'>pass</td>
</tr>

<tr id='pt2.35' class='hiddenRow'>
    <td class='none'><div class='testcase'>test_035</div></td>
    <td colspan='5' align='center'>pass</td>
</tr>

<tr id='pt2.36' class='hiddenRow'>
    <td class='none'><div class='testcase'>test_036</div></td>
    <td colspan='5' align='center'>pass</td>
</tr>

<tr id='pt2.37' class='hiddenRow'>
    <td class='none'><div class='testcase'>test_037</div></td>
    <td colspan='5' align='center'>pass</td>
</tr>

<tr id='pt2.38' class='hiddenRow'>
    <td class='none'><div class='testcase'>test_038</div></td>
    <td colspan='5' align='center'>pass</td>
</tr>

<tr id='pt2.39' class='hiddenRow'>
    <td class='none'><div class='testcase'>test_039</div></td>
    <td colspan='5' align='center'>pass</td>
</tr>

<tr id='pt2.40' class='hiddenRow'>
    <td class='none'><div class='testcase'>test_040</div></td>
    <td colspan='5' align='center'>pass</td>
</tr>

<tr id='pt2.41' class='hiddenRow'>
    <td class='none'><div class='testcase'>test_041</div></td>
    <td colspan='5' align='center'>pass</td>
</tr>

<tr id='pt2.42' class='hiddenRow'>
    <td class='none'><div class='testcase'>test_042</div></td>
    <td colspan='5' align='center'>pass</td>
</tr>

<tr id='pt2.43' class='hiddenRow'>
    <td class='none'><div class='testcase'>test_043</div></td>
    <td colspan='5' align='center'>pass</td>
</tr>

<tr id='ft2.44' class='none'>
    <td class='errorCase'><div class='testcase'>test_044</div></td>
    <td colspan='5' align='center'>

    <!--css div popup start-->
    <a class="popup_link" onfocus='this.blur();' href="javascript:showTestDetail('div_ft2.44')" >
        error</a>

    <div id='div_ft2.44' class="popup_window">
        <div style='text-align: right; color:red;cursor:pointer'>
        <a onfocus='this.blur();' onclick="document.getElementById('div_ft2.44').style.display = 'none' " >
           [x]</a>
        </div>
        <pre>
        
ft2.44: Traceback (most recent call last):
  File "/Users/xiaozixi/Desktop/自动化测试/iPad-AutoTest/Function/wode.py", line 263, in test_044
    str = self.MyPage.find_ele(MyPage.chain43).get_attribute('label')
  File "/Users/xiaozixi/Desktop/自动化测试/iPad-AutoTest/page/BasePage.py", line 20, in find_ele
    return self.driver.find_element_by_ios_class_chain(loc)
  File "/usr/local/lib/python3.9/site-packages/appium/webdriver/extensions/search_context/ios.py", line 103, in find_element_by_ios_class_chain
    return self.find_element(by=MobileBy.IOS_CLASS_CHAIN, value=class_chain_string)
  File "/usr/local/lib/python3.9/site-packages/appium/webdriver/webdriver.py", line 282, in find_element
    return self.execute(RemoteCommand.FIND_ELEMENT, {'using': by, 'value': value})['value']
  File "/usr/local/lib/python3.9/site-packages/selenium/webdriver/remote/webdriver.py", line 321, in execute
    self.error_handler.check_response(response)
  File "/usr/local/lib/python3.9/site-packages/appium/webdriver/errorhandler.py", line 31, in check_response
    raise wde
  File "/usr/local/lib/python3.9/site-packages/appium/webdriver/errorhandler.py", line 26, in check_response
    super().check_response(response)
  File "/usr/local/lib/python3.9/site-packages/selenium/webdriver/remote/errorhandler.py", line 242, in check_response
    raise exception_class(message, screen, stacktrace)
selenium.common.exceptions.NoSuchElementException: Message: An element could not be located on the page using the given search parameters.



        </pre>
    </div>
    <!--css div popup end-->

    </td>
</tr>

<tr id='ft2.45' class='none'>
    <td class='errorCase'><div class='testcase'>test_045</div></td>
    <td colspan='5' align='center'>

    <!--css div popup start-->
    <a class="popup_link" onfocus='this.blur();' href="javascript:showTestDetail('div_ft2.45')" >
        error</a>

    <div id='div_ft2.45' class="popup_window">
        <div style='text-align: right; color:red;cursor:pointer'>
        <a onfocus='this.blur();' onclick="document.getElementById('div_ft2.45').style.display = 'none' " >
           [x]</a>
        </div>
        <pre>
        
ft2.45: Traceback (most recent call last):
  File "/Users/xiaozixi/Desktop/自动化测试/iPad-AutoTest/Function/wode.py", line 269, in test_045
    str = self.MyPage.find_ele_xpath(MyPage.xpath46).get_attribute('label')
  File "/Users/xiaozixi/Desktop/自动化测试/iPad-AutoTest/page/BasePage.py", line 23, in find_ele_xpath
    return self.driver.find_element_by_xpath(loc)
  File "/usr/local/lib/python3.9/site-packages/selenium/webdriver/remote/webdriver.py", line 394, in find_element_by_xpath
    return self.find_element(by=By.XPATH, value=xpath)
  File "/usr/local/lib/python3.9/site-packages/appium/webdriver/webdriver.py", line 282, in find_element
    return self.execute(RemoteCommand.FIND_ELEMENT, {'using': by, 'value': value})['value']
  File "/usr/local/lib/python3.9/site-packages/selenium/webdriver/remote/webdriver.py", line 321, in execute
    self.error_handler.check_response(response)
  File "/usr/local/lib/python3.9/site-packages/appium/webdriver/errorhandler.py", line 31, in check_response
    raise wde
  File "/usr/local/lib/python3.9/site-packages/appium/webdriver/errorhandler.py", line 26, in check_response
    super().check_response(response)
  File "/usr/local/lib/python3.9/site-packages/selenium/webdriver/remote/errorhandler.py", line 242, in check_response
    raise exception_class(message, screen, stacktrace)
selenium.common.exceptions.NoSuchElementException: Message: An element could not be located on the page using the given search parameters.



        </pre>
    </div>
    <!--css div popup end-->

    </td>
</tr>

<tr id='ft2.46' class='none'>
    <td class='errorCase'><div class='testcase'>test_046</div></td>
    <td colspan='5' align='center'>

    <!--css div popup start-->
    <a class="popup_link" onfocus='this.blur();' href="javascript:showTestDetail('div_ft2.46')" >
        error</a>

    <div id='div_ft2.46' class="popup_window">
        <div style='text-align: right; color:red;cursor:pointer'>
        <a onfocus='this.blur();' onclick="document.getElementById('div_ft2.46').style.display = 'none' " >
           [x]</a>
        </div>
        <pre>
        
ft2.46: Traceback (most recent call last):
  File "/Users/xiaozixi/Desktop/自动化测试/iPad-AutoTest/Function/wode.py", line 275, in test_046
    str = self.MyPage.find_ele(MyPage.chain44).get_attribute('label')
  File "/Users/xiaozixi/Desktop/自动化测试/iPad-AutoTest/page/BasePage.py", line 20, in find_ele
    return self.driver.find_element_by_ios_class_chain(loc)
  File "/usr/local/lib/python3.9/site-packages/appium/webdriver/extensions/search_context/ios.py", line 103, in find_element_by_ios_class_chain
    return self.find_element(by=MobileBy.IOS_CLASS_CHAIN, value=class_chain_string)
  File "/usr/local/lib/python3.9/site-packages/appium/webdriver/webdriver.py", line 282, in find_element
    return self.execute(RemoteCommand.FIND_ELEMENT, {'using': by, 'value': value})['value']
  File "/usr/local/lib/python3.9/site-packages/selenium/webdriver/remote/webdriver.py", line 321, in execute
    self.error_handler.check_response(response)
  File "/usr/local/lib/python3.9/site-packages/appium/webdriver/errorhandler.py", line 31, in check_response
    raise wde
  File "/usr/local/lib/python3.9/site-packages/appium/webdriver/errorhandler.py", line 26, in check_response
    super().check_response(response)
  File "/usr/local/lib/python3.9/site-packages/selenium/webdriver/remote/errorhandler.py", line 242, in check_response
    raise exception_class(message, screen, stacktrace)
selenium.common.exceptions.NoSuchElementException: Message: An element could not be located on the page using the given search parameters.



        </pre>
    </div>
    <!--css div popup end-->

    </td>
</tr>

<tr id='ft2.47' class='none'>
    <td class='errorCase'><div class='testcase'>test_047</div></td>
    <td colspan='5' align='center'>

    <!--css div popup start-->
    <a class="popup_link" onfocus='this.blur();' href="javascript:showTestDetail('div_ft2.47')" >
        error</a>

    <div id='div_ft2.47' class="popup_window">
        <div style='text-align: right; color:red;cursor:pointer'>
        <a onfocus='this.blur();' onclick="document.getElementById('div_ft2.47').style.display = 'none' " >
           [x]</a>
        </div>
        <pre>
        
ft2.47: Traceback (most recent call last):
  File "/Users/xiaozixi/Desktop/自动化测试/iPad-AutoTest/Function/wode.py", line 281, in test_047
    str = self.MyPage.find_ele(MyPage.chain45).get_attribute('label')
  File "/Users/xiaozixi/Desktop/自动化测试/iPad-AutoTest/page/BasePage.py", line 20, in find_ele
    return self.driver.find_element_by_ios_class_chain(loc)
  File "/usr/local/lib/python3.9/site-packages/appium/webdriver/extensions/search_context/ios.py", line 103, in find_element_by_ios_class_chain
    return self.find_element(by=MobileBy.IOS_CLASS_CHAIN, value=class_chain_string)
  File "/usr/local/lib/python3.9/site-packages/appium/webdriver/webdriver.py", line 282, in find_element
    return self.execute(RemoteCommand.FIND_ELEMENT, {'using': by, 'value': value})['value']
  File "/usr/local/lib/python3.9/site-packages/selenium/webdriver/remote/webdriver.py", line 321, in execute
    self.error_handler.check_response(response)
  File "/usr/local/lib/python3.9/site-packages/appium/webdriver/errorhandler.py", line 31, in check_response
    raise wde
  File "/usr/local/lib/python3.9/site-packages/appium/webdriver/errorhandler.py", line 26, in check_response
    super().check_response(response)
  File "/usr/local/lib/python3.9/site-packages/selenium/webdriver/remote/errorhandler.py", line 242, in check_response
    raise exception_class(message, screen, stacktrace)
selenium.common.exceptions.NoSuchElementException: Message: An element could not be located on the page using the given search parameters.



        </pre>
    </div>
    <!--css div popup end-->

    </td>
</tr>

<tr id='ft2.48' class='none'>
    <td class='errorCase'><div class='testcase'>test_048</div></td>
    <td colspan='5' align='center'>

    <!--css div popup start-->
    <a class="popup_link" onfocus='this.blur();' href="javascript:showTestDetail('div_ft2.48')" >
        error</a>

    <div id='div_ft2.48' class="popup_window">
        <div style='text-align: right; color:red;cursor:pointer'>
        <a onfocus='this.blur();' onclick="document.getElementById('div_ft2.48').style.display = 'none' " >
           [x]</a>
        </div>
        <pre>
        
ft2.48: Traceback (most recent call last):
  File "/Users/xiaozixi/Desktop/自动化测试/iPad-AutoTest/Function/wode.py", line 287, in test_048
    self.MyPage.click_ele(MyPage.close)
  File "/Users/xiaozixi/Desktop/自动化测试/iPad-AutoTest/page/BasePage.py", line 26, in click_ele
    self.find_ele(loc).click()
  File "/Users/xiaozixi/Desktop/自动化测试/iPad-AutoTest/page/BasePage.py", line 20, in find_ele
    return self.driver.find_element_by_ios_class_chain(loc)
  File "/usr/local/lib/python3.9/site-packages/appium/webdriver/extensions/search_context/ios.py", line 103, in find_element_by_ios_class_chain
    return self.find_element(by=MobileBy.IOS_CLASS_CHAIN, value=class_chain_string)
  File "/usr/local/lib/python3.9/site-packages/appium/webdriver/webdriver.py", line 282, in find_element
    return self.execute(RemoteCommand.FIND_ELEMENT, {'using': by, 'value': value})['value']
  File "/usr/local/lib/python3.9/site-packages/selenium/webdriver/remote/webdriver.py", line 321, in execute
    self.error_handler.check_response(response)
  File "/usr/local/lib/python3.9/site-packages/appium/webdriver/errorhandler.py", line 31, in check_response
    raise wde
  File "/usr/local/lib/python3.9/site-packages/appium/webdriver/errorhandler.py", line 26, in check_response
    super().check_response(response)
  File "/usr/local/lib/python3.9/site-packages/selenium/webdriver/remote/errorhandler.py", line 242, in check_response
    raise exception_class(message, screen, stacktrace)
selenium.common.exceptions.NoSuchElementException: Message: An element could not be located on the page using the given search parameters.



        </pre>
    </div>
    <!--css div popup end-->

    </td>
</tr>

<tr id='ft2.49' class='none'>
    <td class='errorCase'><div class='testcase'>test_049</div></td>
    <td colspan='5' align='center'>

    <!--css div popup start-->
    <a class="popup_link" onfocus='this.blur();' href="javascript:showTestDetail('div_ft2.49')" >
        error</a>

    <div id='div_ft2.49' class="popup_window">
        <div style='text-align: right; color:red;cursor:pointer'>
        <a onfocus='this.blur();' onclick="document.getElementById('div_ft2.49').style.display = 'none' " >
           [x]</a>
        </div>
        <pre>
        
ft2.49: Traceback (most recent call last):
  File "/Users/xiaozixi/Desktop/自动化测试/iPad-AutoTest/Function/wode.py", line 294, in test_049
    self.MyPage.click_ele(MyPage.chain9)
  File "/Users/xiaozixi/Desktop/自动化测试/iPad-AutoTest/page/BasePage.py", line 26, in click_ele
    self.find_ele(loc).click()
  File "/Users/xiaozixi/Desktop/自动化测试/iPad-AutoTest/page/BasePage.py", line 20, in find_ele
    return self.driver.find_element_by_ios_class_chain(loc)
  File "/usr/local/lib/python3.9/site-packages/appium/webdriver/extensions/search_context/ios.py", line 103, in find_element_by_ios_class_chain
    return self.find_element(by=MobileBy.IOS_CLASS_CHAIN, value=class_chain_string)
  File "/usr/local/lib/python3.9/site-packages/appium/webdriver/webdriver.py", line 282, in find_element
    return self.execute(RemoteCommand.FIND_ELEMENT, {'using': by, 'value': value})['value']
  File "/usr/local/lib/python3.9/site-packages/selenium/webdriver/remote/webdriver.py", line 321, in execute
    self.error_handler.check_response(response)
  File "/usr/local/lib/python3.9/site-packages/appium/webdriver/errorhandler.py", line 31, in check_response
    raise wde
  File "/usr/local/lib/python3.9/site-packages/appium/webdriver/errorhandler.py", line 26, in check_response
    super().check_response(response)
  File "/usr/local/lib/python3.9/site-packages/selenium/webdriver/remote/errorhandler.py", line 242, in check_response
    raise exception_class(message, screen, stacktrace)
selenium.common.exceptions.NoSuchElementException: Message: An element could not be located on the page using the given search parameters.



        </pre>
    </div>
    <!--css div popup end-->

    </td>
</tr>

<tr id='ft2.50' class='none'>
    <td class='errorCase'><div class='testcase'>test_050</div></td>
    <td colspan='5' align='center'>

    <!--css div popup start-->
    <a class="popup_link" onfocus='this.blur();' href="javascript:showTestDetail('div_ft2.50')" >
        error</a>

    <div id='div_ft2.50' class="popup_window">
        <div style='text-align: right; color:red;cursor:pointer'>
        <a onfocus='this.blur();' onclick="document.getElementById('div_ft2.50').style.display = 'none' " >
           [x]</a>
        </div>
        <pre>
        
ft2.50: Traceback (most recent call last):
  File "/Users/xiaozixi/Desktop/自动化测试/iPad-AutoTest/Function/wode.py", line 301, in test_050
    str = self.MyPage.find_ele(MyPage.chain48).get_attribute('label')
  File "/Users/xiaozixi/Desktop/自动化测试/iPad-AutoTest/page/BasePage.py", line 20, in find_ele
    return self.driver.find_element_by_ios_class_chain(loc)
  File "/usr/local/lib/python3.9/site-packages/appium/webdriver/extensions/search_context/ios.py", line 103, in find_element_by_ios_class_chain
    return self.find_element(by=MobileBy.IOS_CLASS_CHAIN, value=class_chain_string)
  File "/usr/local/lib/python3.9/site-packages/appium/webdriver/webdriver.py", line 282, in find_element
    return self.execute(RemoteCommand.FIND_ELEMENT, {'using': by, 'value': value})['value']
  File "/usr/local/lib/python3.9/site-packages/selenium/webdriver/remote/webdriver.py", line 321, in execute
    self.error_handler.check_response(response)
  File "/usr/local/lib/python3.9/site-packages/appium/webdriver/errorhandler.py", line 31, in check_response
    raise wde
  File "/usr/local/lib/python3.9/site-packages/appium/webdriver/errorhandler.py", line 26, in check_response
    super().check_response(response)
  File "/usr/local/lib/python3.9/site-packages/selenium/webdriver/remote/errorhandler.py", line 242, in check_response
    raise exception_class(message, screen, stacktrace)
selenium.common.exceptions.NoSuchElementException: Message: An element could not be located on the page using the given search parameters.



        </pre>
    </div>
    <!--css div popup end-->

    </td>
</tr>

<tr id='ft2.51' class='none'>
    <td class='errorCase'><div class='testcase'>test_051</div></td>
    <td colspan='5' align='center'>

    <!--css div popup start-->
    <a class="popup_link" onfocus='this.blur();' href="javascript:showTestDetail('div_ft2.51')" >
        error</a>

    <div id='div_ft2.51' class="popup_window">
        <div style='text-align: right; color:red;cursor:pointer'>
        <a onfocus='this.blur();' onclick="document.getElementById('div_ft2.51').style.display = 'none' " >
           [x]</a>
        </div>
        <pre>
        
ft2.51: Traceback (most recent call last):
  File "/Users/xiaozixi/Desktop/自动化测试/iPad-AutoTest/Function/wode.py", line 307, in test_051
    str = self.MyPage.find_ele(MyPage.chain49).get_attribute('label')
  File "/Users/xiaozixi/Desktop/自动化测试/iPad-AutoTest/page/BasePage.py", line 20, in find_ele
    return self.driver.find_element_by_ios_class_chain(loc)
  File "/usr/local/lib/python3.9/site-packages/appium/webdriver/extensions/search_context/ios.py", line 103, in find_element_by_ios_class_chain
    return self.find_element(by=MobileBy.IOS_CLASS_CHAIN, value=class_chain_string)
  File "/usr/local/lib/python3.9/site-packages/appium/webdriver/webdriver.py", line 282, in find_element
    return self.execute(RemoteCommand.FIND_ELEMENT, {'using': by, 'value': value})['value']
  File "/usr/local/lib/python3.9/site-packages/selenium/webdriver/remote/webdriver.py", line 321, in execute
    self.error_handler.check_response(response)
  File "/usr/local/lib/python3.9/site-packages/appium/webdriver/errorhandler.py", line 31, in check_response
    raise wde
  File "/usr/local/lib/python3.9/site-packages/appium/webdriver/errorhandler.py", line 26, in check_response
    super().check_response(response)
  File "/usr/local/lib/python3.9/site-packages/selenium/webdriver/remote/errorhandler.py", line 242, in check_response
    raise exception_class(message, screen, stacktrace)
selenium.common.exceptions.NoSuchElementException: Message: An element could not be located on the page using the given search parameters.



        </pre>
    </div>
    <!--css div popup end-->

    </td>
</tr>

<tr id='ft2.52' class='none'>
    <td class='errorCase'><div class='testcase'>test_052</div></td>
    <td colspan='5' align='center'>

    <!--css div popup start-->
    <a class="popup_link" onfocus='this.blur();' href="javascript:showTestDetail('div_ft2.52')" >
        error</a>

    <div id='div_ft2.52' class="popup_window">
        <div style='text-align: right; color:red;cursor:pointer'>
        <a onfocus='this.blur();' onclick="document.getElementById('div_ft2.52').style.display = 'none' " >
           [x]</a>
        </div>
        <pre>
        
ft2.52: Traceback (most recent call last):
  File "/Users/xiaozixi/Desktop/自动化测试/iPad-AutoTest/Function/wode.py", line 312, in test_052
    str = self.MyPage.find_ele(MyPage.chain50).get_attribute('label')
  File "/Users/xiaozixi/Desktop/自动化测试/iPad-AutoTest/page/BasePage.py", line 20, in find_ele
    return self.driver.find_element_by_ios_class_chain(loc)
  File "/usr/local/lib/python3.9/site-packages/appium/webdriver/extensions/search_context/ios.py", line 103, in find_element_by_ios_class_chain
    return self.find_element(by=MobileBy.IOS_CLASS_CHAIN, value=class_chain_string)
  File "/usr/local/lib/python3.9/site-packages/appium/webdriver/webdriver.py", line 282, in find_element
    return self.execute(RemoteCommand.FIND_ELEMENT, {'using': by, 'value': value})['value']
  File "/usr/local/lib/python3.9/site-packages/selenium/webdriver/remote/webdriver.py", line 321, in execute
    self.error_handler.check_response(response)
  File "/usr/local/lib/python3.9/site-packages/appium/webdriver/errorhandler.py", line 31, in check_response
    raise wde
  File "/usr/local/lib/python3.9/site-packages/appium/webdriver/errorhandler.py", line 26, in check_response
    super().check_response(response)
  File "/usr/local/lib/python3.9/site-packages/selenium/webdriver/remote/errorhandler.py", line 242, in check_response
    raise exception_class(message, screen, stacktrace)
selenium.common.exceptions.NoSuchElementException: Message: An element could not be located on the page using the given search parameters.



        </pre>
    </div>
    <!--css div popup end-->

    </td>
</tr>

<tr id='ft2.53' class='none'>
    <td class='errorCase'><div class='testcase'>test_053</div></td>
    <td colspan='5' align='center'>

    <!--css div popup start-->
    <a class="popup_link" onfocus='this.blur();' href="javascript:showTestDetail('div_ft2.53')" >
        error</a>

    <div id='div_ft2.53' class="popup_window">
        <div style='text-align: right; color:red;cursor:pointer'>
        <a onfocus='this.blur();' onclick="document.getElementById('div_ft2.53').style.display = 'none' " >
           [x]</a>
        </div>
        <pre>
        
ft2.53: Traceback (most recent call last):
  File "/Users/xiaozixi/Desktop/自动化测试/iPad-AutoTest/Function/wode.py", line 318, in test_053
    self.MyPage.click_ele(MyPage.close)
  File "/Users/xiaozixi/Desktop/自动化测试/iPad-AutoTest/page/BasePage.py", line 26, in click_ele
    self.find_ele(loc).click()
  File "/Users/xiaozixi/Desktop/自动化测试/iPad-AutoTest/page/BasePage.py", line 20, in find_ele
    return self.driver.find_element_by_ios_class_chain(loc)
  File "/usr/local/lib/python3.9/site-packages/appium/webdriver/extensions/search_context/ios.py", line 103, in find_element_by_ios_class_chain
    return self.find_element(by=MobileBy.IOS_CLASS_CHAIN, value=class_chain_string)
  File "/usr/local/lib/python3.9/site-packages/appium/webdriver/webdriver.py", line 282, in find_element
    return self.execute(RemoteCommand.FIND_ELEMENT, {'using': by, 'value': value})['value']
  File "/usr/local/lib/python3.9/site-packages/selenium/webdriver/remote/webdriver.py", line 321, in execute
    self.error_handler.check_response(response)
  File "/usr/local/lib/python3.9/site-packages/appium/webdriver/errorhandler.py", line 31, in check_response
    raise wde
  File "/usr/local/lib/python3.9/site-packages/appium/webdriver/errorhandler.py", line 26, in check_response
    super().check_response(response)
  File "/usr/local/lib/python3.9/site-packages/selenium/webdriver/remote/errorhandler.py", line 242, in check_response
    raise exception_class(message, screen, stacktrace)
selenium.common.exceptions.NoSuchElementException: Message: An element could not be located on the page using the given search parameters.



        </pre>
    </div>
    <!--css div popup end-->

    </td>
</tr>

<tr id='ft2.54' class='none'>
    <td class='errorCase'><div class='testcase'>test_054</div></td>
    <td colspan='5' align='center'>

    <!--css div popup start-->
    <a class="popup_link" onfocus='this.blur();' href="javascript:showTestDetail('div_ft2.54')" >
        error</a>

    <div id='div_ft2.54' class="popup_window">
        <div style='text-align: right; color:red;cursor:pointer'>
        <a onfocus='this.blur();' onclick="document.getElementById('div_ft2.54').style.display = 'none' " >
           [x]</a>
        </div>
        <pre>
        
ft2.54: Traceback (most recent call last):
  File "/Users/xiaozixi/Desktop/自动化测试/iPad-AutoTest/Function/wode.py", line 325, in test_054
    self.MyPage.click_ele(MyPage.chain10)
  File "/Users/xiaozixi/Desktop/自动化测试/iPad-AutoTest/page/BasePage.py", line 26, in click_ele
    self.find_ele(loc).click()
  File "/Users/xiaozixi/Desktop/自动化测试/iPad-AutoTest/page/BasePage.py", line 20, in find_ele
    return self.driver.find_element_by_ios_class_chain(loc)
  File "/usr/local/lib/python3.9/site-packages/appium/webdriver/extensions/search_context/ios.py", line 103, in find_element_by_ios_class_chain
    return self.find_element(by=MobileBy.IOS_CLASS_CHAIN, value=class_chain_string)
  File "/usr/local/lib/python3.9/site-packages/appium/webdriver/webdriver.py", line 282, in find_element
    return self.execute(RemoteCommand.FIND_ELEMENT, {'using': by, 'value': value})['value']
  File "/usr/local/lib/python3.9/site-packages/selenium/webdriver/remote/webdriver.py", line 321, in execute
    self.error_handler.check_response(response)
  File "/usr/local/lib/python3.9/site-packages/appium/webdriver/errorhandler.py", line 31, in check_response
    raise wde
  File "/usr/local/lib/python3.9/site-packages/appium/webdriver/errorhandler.py", line 26, in check_response
    super().check_response(response)
  File "/usr/local/lib/python3.9/site-packages/selenium/webdriver/remote/errorhandler.py", line 242, in check_response
    raise exception_class(message, screen, stacktrace)
selenium.common.exceptions.NoSuchElementException: Message: An element could not be located on the page using the given search parameters.



        </pre>
    </div>
    <!--css div popup end-->

    </td>
</tr>

<tr id='ft2.55' class='none'>
    <td class='errorCase'><div class='testcase'>test_055</div></td>
    <td colspan='5' align='center'>

    <!--css div popup start-->
    <a class="popup_link" onfocus='this.blur();' href="javascript:showTestDetail('div_ft2.55')" >
        error</a>

    <div id='div_ft2.55' class="popup_window">
        <div style='text-align: right; color:red;cursor:pointer'>
        <a onfocus='this.blur();' onclick="document.getElementById('div_ft2.55').style.display = 'none' " >
           [x]</a>
        </div>
        <pre>
        
ft2.55: Traceback (most recent call last):
  File "/Users/xiaozixi/Desktop/自动化测试/iPad-AutoTest/Function/wode.py", line 331, in test_055
    self.MyPage.click_ele(MyPage.close)
  File "/Users/xiaozixi/Desktop/自动化测试/iPad-AutoTest/page/BasePage.py", line 26, in click_ele
    self.find_ele(loc).click()
  File "/Users/xiaozixi/Desktop/自动化测试/iPad-AutoTest/page/BasePage.py", line 20, in find_ele
    return self.driver.find_element_by_ios_class_chain(loc)
  File "/usr/local/lib/python3.9/site-packages/appium/webdriver/extensions/search_context/ios.py", line 103, in find_element_by_ios_class_chain
    return self.find_element(by=MobileBy.IOS_CLASS_CHAIN, value=class_chain_string)
  File "/usr/local/lib/python3.9/site-packages/appium/webdriver/webdriver.py", line 282, in find_element
    return self.execute(RemoteCommand.FIND_ELEMENT, {'using': by, 'value': value})['value']
  File "/usr/local/lib/python3.9/site-packages/selenium/webdriver/remote/webdriver.py", line 321, in execute
    self.error_handler.check_response(response)
  File "/usr/local/lib/python3.9/site-packages/appium/webdriver/errorhandler.py", line 31, in check_response
    raise wde
  File "/usr/local/lib/python3.9/site-packages/appium/webdriver/errorhandler.py", line 26, in check_response
    super().check_response(response)
  File "/usr/local/lib/python3.9/site-packages/selenium/webdriver/remote/errorhandler.py", line 242, in check_response
    raise exception_class(message, screen, stacktrace)
selenium.common.exceptions.NoSuchElementException: Message: An element could not be located on the page using the given search parameters.



        </pre>
    </div>
    <!--css div popup end-->

    </td>
</tr>

<tr id='ft2.56' class='none'>
    <td class='errorCase'><div class='testcase'>test_056</div></td>
    <td colspan='5' align='center'>

    <!--css div popup start-->
    <a class="popup_link" onfocus='this.blur();' href="javascript:showTestDetail('div_ft2.56')" >
        error</a>

    <div id='div_ft2.56' class="popup_window">
        <div style='text-align: right; color:red;cursor:pointer'>
        <a onfocus='this.blur();' onclick="document.getElementById('div_ft2.56').style.display = 'none' " >
           [x]</a>
        </div>
        <pre>
        
ft2.56: Traceback (most recent call last):
  File "/Users/xiaozixi/Desktop/自动化测试/iPad-AutoTest/Function/wode.py", line 339, in test_056
    str = self.LoginPage.click_ele(MyPage.chain11).get_attribute('label')
  File "/Users/xiaozixi/Desktop/自动化测试/iPad-AutoTest/page/BasePage.py", line 26, in click_ele
    self.find_ele(loc).click()
  File "/Users/xiaozixi/Desktop/自动化测试/iPad-AutoTest/page/BasePage.py", line 20, in find_ele
    return self.driver.find_element_by_ios_class_chain(loc)
  File "/usr/local/lib/python3.9/site-packages/appium/webdriver/extensions/search_context/ios.py", line 103, in find_element_by_ios_class_chain
    return self.find_element(by=MobileBy.IOS_CLASS_CHAIN, value=class_chain_string)
  File "/usr/local/lib/python3.9/site-packages/appium/webdriver/webdriver.py", line 282, in find_element
    return self.execute(RemoteCommand.FIND_ELEMENT, {'using': by, 'value': value})['value']
  File "/usr/local/lib/python3.9/site-packages/selenium/webdriver/remote/webdriver.py", line 321, in execute
    self.error_handler.check_response(response)
  File "/usr/local/lib/python3.9/site-packages/appium/webdriver/errorhandler.py", line 31, in check_response
    raise wde
  File "/usr/local/lib/python3.9/site-packages/appium/webdriver/errorhandler.py", line 26, in check_response
    super().check_response(response)
  File "/usr/local/lib/python3.9/site-packages/selenium/webdriver/remote/errorhandler.py", line 242, in check_response
    raise exception_class(message, screen, stacktrace)
selenium.common.exceptions.NoSuchElementException: Message: An element could not be located on the page using the given search parameters.



        </pre>
    </div>
    <!--css div popup end-->

    </td>
</tr>

<tr id='ft2.57' class='none'>
    <td class='errorCase'><div class='testcase'>test_057</div></td>
    <td colspan='5' align='center'>

    <!--css div popup start-->
    <a class="popup_link" onfocus='this.blur();' href="javascript:showTestDetail('div_ft2.57')" >
        error</a>

    <div id='div_ft2.57' class="popup_window">
        <div style='text-align: right; color:red;cursor:pointer'>
        <a onfocus='this.blur();' onclick="document.getElementById('div_ft2.57').style.display = 'none' " >
           [x]</a>
        </div>
        <pre>
        
ft2.57: Traceback (most recent call last):
  File "/Users/xiaozixi/Desktop/自动化测试/iPad-AutoTest/Function/wode.py", line 345, in test_057
    str = self.LoginPage.click_ele(MyPage.chain12).get_attribute('label')
  File "/Users/xiaozixi/Desktop/自动化测试/iPad-AutoTest/page/BasePage.py", line 26, in click_ele
    self.find_ele(loc).click()
  File "/Users/xiaozixi/Desktop/自动化测试/iPad-AutoTest/page/BasePage.py", line 20, in find_ele
    return self.driver.find_element_by_ios_class_chain(loc)
  File "/usr/local/lib/python3.9/site-packages/appium/webdriver/extensions/search_context/ios.py", line 103, in find_element_by_ios_class_chain
    return self.find_element(by=MobileBy.IOS_CLASS_CHAIN, value=class_chain_string)
  File "/usr/local/lib/python3.9/site-packages/appium/webdriver/webdriver.py", line 282, in find_element
    return self.execute(RemoteCommand.FIND_ELEMENT, {'using': by, 'value': value})['value']
  File "/usr/local/lib/python3.9/site-packages/selenium/webdriver/remote/webdriver.py", line 321, in execute
    self.error_handler.check_response(response)
  File "/usr/local/lib/python3.9/site-packages/appium/webdriver/errorhandler.py", line 31, in check_response
    raise wde
  File "/usr/local/lib/python3.9/site-packages/appium/webdriver/errorhandler.py", line 26, in check_response
    super().check_response(response)
  File "/usr/local/lib/python3.9/site-packages/selenium/webdriver/remote/errorhandler.py", line 242, in check_response
    raise exception_class(message, screen, stacktrace)
selenium.common.exceptions.NoSuchElementException: Message: An element could not be located on the page using the given search parameters.



        </pre>
    </div>
    <!--css div popup end-->

    </td>
</tr>

<tr id='ft2.58' class='none'>
    <td class='errorCase'><div class='testcase'>test_058</div></td>
    <td colspan='5' align='center'>

    <!--css div popup start-->
    <a class="popup_link" onfocus='this.blur();' href="javascript:showTestDetail('div_ft2.58')" >
        error</a>

    <div id='div_ft2.58' class="popup_window">
        <div style='text-align: right; color:red;cursor:pointer'>
        <a onfocus='this.blur();' onclick="document.getElementById('div_ft2.58').style.display = 'none' " >
           [x]</a>
        </div>
        <pre>
        
ft2.58: Traceback (most recent call last):
  File "/Users/xiaozixi/Desktop/自动化测试/iPad-AutoTest/Function/wode.py", line 351, in test_058
    self.MyPage.click_ele(MyPage.chain11)
  File "/Users/xiaozixi/Desktop/自动化测试/iPad-AutoTest/page/BasePage.py", line 26, in click_ele
    self.find_ele(loc).click()
  File "/Users/xiaozixi/Desktop/自动化测试/iPad-AutoTest/page/BasePage.py", line 20, in find_ele
    return self.driver.find_element_by_ios_class_chain(loc)
  File "/usr/local/lib/python3.9/site-packages/appium/webdriver/extensions/search_context/ios.py", line 103, in find_element_by_ios_class_chain
    return self.find_element(by=MobileBy.IOS_CLASS_CHAIN, value=class_chain_string)
  File "/usr/local/lib/python3.9/site-packages/appium/webdriver/webdriver.py", line 282, in find_element
    return self.execute(RemoteCommand.FIND_ELEMENT, {'using': by, 'value': value})['value']
  File "/usr/local/lib/python3.9/site-packages/selenium/webdriver/remote/webdriver.py", line 321, in execute
    self.error_handler.check_response(response)
  File "/usr/local/lib/python3.9/site-packages/appium/webdriver/errorhandler.py", line 31, in check_response
    raise wde
  File "/usr/local/lib/python3.9/site-packages/appium/webdriver/errorhandler.py", line 26, in check_response
    super().check_response(response)
  File "/usr/local/lib/python3.9/site-packages/selenium/webdriver/remote/errorhandler.py", line 242, in check_response
    raise exception_class(message, screen, stacktrace)
selenium.common.exceptions.NoSuchElementException: Message: An element could not be located on the page using the given search parameters.



        </pre>
    </div>
    <!--css div popup end-->

    </td>
</tr>

<tr id='ft2.59' class='none'>
    <td class='errorCase'><div class='testcase'>test_059</div></td>
    <td colspan='5' align='center'>

    <!--css div popup start-->
    <a class="popup_link" onfocus='this.blur();' href="javascript:showTestDetail('div_ft2.59')" >
        error</a>

    <div id='div_ft2.59' class="popup_window">
        <div style='text-align: right; color:red;cursor:pointer'>
        <a onfocus='this.blur();' onclick="document.getElementById('div_ft2.59').style.display = 'none' " >
           [x]</a>
        </div>
        <pre>
        
ft2.59: Traceback (most recent call last):
  File "/Users/xiaozixi/Desktop/自动化测试/iPad-AutoTest/Function/wode.py", line 357, in test_059
    self.MyPage.click_ele(MyPage.close)
  File "/Users/xiaozixi/Desktop/自动化测试/iPad-AutoTest/page/BasePage.py", line 26, in click_ele
    self.find_ele(loc).click()
  File "/Users/xiaozixi/Desktop/自动化测试/iPad-AutoTest/page/BasePage.py", line 20, in find_ele
    return self.driver.find_element_by_ios_class_chain(loc)
  File "/usr/local/lib/python3.9/site-packages/appium/webdriver/extensions/search_context/ios.py", line 103, in find_element_by_ios_class_chain
    return self.find_element(by=MobileBy.IOS_CLASS_CHAIN, value=class_chain_string)
  File "/usr/local/lib/python3.9/site-packages/appium/webdriver/webdriver.py", line 282, in find_element
    return self.execute(RemoteCommand.FIND_ELEMENT, {'using': by, 'value': value})['value']
  File "/usr/local/lib/python3.9/site-packages/selenium/webdriver/remote/webdriver.py", line 321, in execute
    self.error_handler.check_response(response)
  File "/usr/local/lib/python3.9/site-packages/appium/webdriver/errorhandler.py", line 31, in check_response
    raise wde
  File "/usr/local/lib/python3.9/site-packages/appium/webdriver/errorhandler.py", line 26, in check_response
    super().check_response(response)
  File "/usr/local/lib/python3.9/site-packages/selenium/webdriver/remote/errorhandler.py", line 242, in check_response
    raise exception_class(message, screen, stacktrace)
selenium.common.exceptions.NoSuchElementException: Message: An element could not be located on the page using the given search parameters.



        </pre>
    </div>
    <!--css div popup end-->

    </td>
</tr>

<tr id='ft2.60' class='none'>
    <td class='errorCase'><div class='testcase'>test_060</div></td>
    <td colspan='5' align='center'>

    <!--css div popup start-->
    <a class="popup_link" onfocus='this.blur();' href="javascript:showTestDetail('div_ft2.60')" >
        error</a>

    <div id='div_ft2.60' class="popup_window">
        <div style='text-align: right; color:red;cursor:pointer'>
        <a onfocus='this.blur();' onclick="document.getElementById('div_ft2.60').style.display = 'none' " >
           [x]</a>
        </div>
        <pre>
        
ft2.60: Traceback (most recent call last):
  File "/Users/xiaozixi/Desktop/自动化测试/iPad-AutoTest/Function/wode.py", line 363, in test_060
    self.MyPage.click_ele(MyPage.chain12)
  File "/Users/xiaozixi/Desktop/自动化测试/iPad-AutoTest/page/BasePage.py", line 26, in click_ele
    self.find_ele(loc).click()
  File "/Users/xiaozixi/Desktop/自动化测试/iPad-AutoTest/page/BasePage.py", line 20, in find_ele
    return self.driver.find_element_by_ios_class_chain(loc)
  File "/usr/local/lib/python3.9/site-packages/appium/webdriver/extensions/search_context/ios.py", line 103, in find_element_by_ios_class_chain
    return self.find_element(by=MobileBy.IOS_CLASS_CHAIN, value=class_chain_string)
  File "/usr/local/lib/python3.9/site-packages/appium/webdriver/webdriver.py", line 282, in find_element
    return self.execute(RemoteCommand.FIND_ELEMENT, {'using': by, 'value': value})['value']
  File "/usr/local/lib/python3.9/site-packages/selenium/webdriver/remote/webdriver.py", line 321, in execute
    self.error_handler.check_response(response)
  File "/usr/local/lib/python3.9/site-packages/appium/webdriver/errorhandler.py", line 31, in check_response
    raise wde
  File "/usr/local/lib/python3.9/site-packages/appium/webdriver/errorhandler.py", line 26, in check_response
    super().check_response(response)
  File "/usr/local/lib/python3.9/site-packages/selenium/webdriver/remote/errorhandler.py", line 242, in check_response
    raise exception_class(message, screen, stacktrace)
selenium.common.exceptions.NoSuchElementException: Message: An element could not be located on the page using the given search parameters.



        </pre>
    </div>
    <!--css div popup end-->

    </td>
</tr>

<tr id='ft2.61' class='none'>
    <td class='errorCase'><div class='testcase'>test_061</div></td>
    <td colspan='5' align='center'>

    <!--css div popup start-->
    <a class="popup_link" onfocus='this.blur();' href="javascript:showTestDetail('div_ft2.61')" >
        error</a>

    <div id='div_ft2.61' class="popup_window">
        <div style='text-align: right; color:red;cursor:pointer'>
        <a onfocus='this.blur();' onclick="document.getElementById('div_ft2.61').style.display = 'none' " >
           [x]</a>
        </div>
        <pre>
        
ft2.61: Traceback (most recent call last):
  File "/Users/xiaozixi/Desktop/自动化测试/iPad-AutoTest/Function/wode.py", line 369, in test_061
    str = self.MyPage.find_ele(MyPage.chain54).get_attribute('label')
  File "/Users/xiaozixi/Desktop/自动化测试/iPad-AutoTest/page/BasePage.py", line 20, in find_ele
    return self.driver.find_element_by_ios_class_chain(loc)
  File "/usr/local/lib/python3.9/site-packages/appium/webdriver/extensions/search_context/ios.py", line 103, in find_element_by_ios_class_chain
    return self.find_element(by=MobileBy.IOS_CLASS_CHAIN, value=class_chain_string)
  File "/usr/local/lib/python3.9/site-packages/appium/webdriver/webdriver.py", line 282, in find_element
    return self.execute(RemoteCommand.FIND_ELEMENT, {'using': by, 'value': value})['value']
  File "/usr/local/lib/python3.9/site-packages/selenium/webdriver/remote/webdriver.py", line 321, in execute
    self.error_handler.check_response(response)
  File "/usr/local/lib/python3.9/site-packages/appium/webdriver/errorhandler.py", line 31, in check_response
    raise wde
  File "/usr/local/lib/python3.9/site-packages/appium/webdriver/errorhandler.py", line 26, in check_response
    super().check_response(response)
  File "/usr/local/lib/python3.9/site-packages/selenium/webdriver/remote/errorhandler.py", line 242, in check_response
    raise exception_class(message, screen, stacktrace)
selenium.common.exceptions.NoSuchElementException: Message: An element could not be located on the page using the given search parameters.



        </pre>
    </div>
    <!--css div popup end-->

    </td>
</tr>

<tr id='ft2.62' class='none'>
    <td class='errorCase'><div class='testcase'>test_062</div></td>
    <td colspan='5' align='center'>

    <!--css div popup start-->
    <a class="popup_link" onfocus='this.blur();' href="javascript:showTestDetail('div_ft2.62')" >
        error</a>

    <div id='div_ft2.62' class="popup_window">
        <div style='text-align: right; color:red;cursor:pointer'>
        <a onfocus='this.blur();' onclick="document.getElementById('div_ft2.62').style.display = 'none' " >
           [x]</a>
        </div>
        <pre>
        
ft2.62: Traceback (most recent call last):
  File "/Users/xiaozixi/Desktop/自动化测试/iPad-AutoTest/Function/wode.py", line 374, in test_062
    self.MyPage.click_ele(MyPage.chain54)
  File "/Users/xiaozixi/Desktop/自动化测试/iPad-AutoTest/page/BasePage.py", line 26, in click_ele
    self.find_ele(loc).click()
  File "/Users/xiaozixi/Desktop/自动化测试/iPad-AutoTest/page/BasePage.py", line 20, in find_ele
    return self.driver.find_element_by_ios_class_chain(loc)
  File "/usr/local/lib/python3.9/site-packages/appium/webdriver/extensions/search_context/ios.py", line 103, in find_element_by_ios_class_chain
    return self.find_element(by=MobileBy.IOS_CLASS_CHAIN, value=class_chain_string)
  File "/usr/local/lib/python3.9/site-packages/appium/webdriver/webdriver.py", line 282, in find_element
    return self.execute(RemoteCommand.FIND_ELEMENT, {'using': by, 'value': value})['value']
  File "/usr/local/lib/python3.9/site-packages/selenium/webdriver/remote/webdriver.py", line 321, in execute
    self.error_handler.check_response(response)
  File "/usr/local/lib/python3.9/site-packages/appium/webdriver/errorhandler.py", line 31, in check_response
    raise wde
  File "/usr/local/lib/python3.9/site-packages/appium/webdriver/errorhandler.py", line 26, in check_response
    super().check_response(response)
  File "/usr/local/lib/python3.9/site-packages/selenium/webdriver/remote/errorhandler.py", line 242, in check_response
    raise exception_class(message, screen, stacktrace)
selenium.common.exceptions.NoSuchElementException: Message: An element could not be located on the page using the given search parameters.



        </pre>
    </div>
    <!--css div popup end-->

    </td>
</tr>

<tr id='ft2.63' class='none'>
    <td class='errorCase'><div class='testcase'>test_063</div></td>
    <td colspan='5' align='center'>

    <!--css div popup start-->
    <a class="popup_link" onfocus='this.blur();' href="javascript:showTestDetail('div_ft2.63')" >
        error</a>

    <div id='div_ft2.63' class="popup_window">
        <div style='text-align: right; color:red;cursor:pointer'>
        <a onfocus='this.blur();' onclick="document.getElementById('div_ft2.63').style.display = 'none' " >
           [x]</a>
        </div>
        <pre>
        
ft2.63: Traceback (most recent call last):
  File "/Users/xiaozixi/Desktop/自动化测试/iPad-AutoTest/Function/wode.py", line 380, in test_063
    self.MyPage.click_ele(MyPage.chain54)
  File "/Users/xiaozixi/Desktop/自动化测试/iPad-AutoTest/page/BasePage.py", line 26, in click_ele
    self.find_ele(loc).click()
  File "/Users/xiaozixi/Desktop/自动化测试/iPad-AutoTest/page/BasePage.py", line 20, in find_ele
    return self.driver.find_element_by_ios_class_chain(loc)
  File "/usr/local/lib/python3.9/site-packages/appium/webdriver/extensions/search_context/ios.py", line 103, in find_element_by_ios_class_chain
    return self.find_element(by=MobileBy.IOS_CLASS_CHAIN, value=class_chain_string)
  File "/usr/local/lib/python3.9/site-packages/appium/webdriver/webdriver.py", line 282, in find_element
    return self.execute(RemoteCommand.FIND_ELEMENT, {'using': by, 'value': value})['value']
  File "/usr/local/lib/python3.9/site-packages/selenium/webdriver/remote/webdriver.py", line 321, in execute
    self.error_handler.check_response(response)
  File "/usr/local/lib/python3.9/site-packages/appium/webdriver/errorhandler.py", line 31, in check_response
    raise wde
  File "/usr/local/lib/python3.9/site-packages/appium/webdriver/errorhandler.py", line 26, in check_response
    super().check_response(response)
  File "/usr/local/lib/python3.9/site-packages/selenium/webdriver/remote/errorhandler.py", line 242, in check_response
    raise exception_class(message, screen, stacktrace)
selenium.common.exceptions.NoSuchElementException: Message: An element could not be located on the page using the given search parameters.



        </pre>
    </div>
    <!--css div popup end-->

    </td>
</tr>

<tr id='ft2.64' class='none'>
    <td class='errorCase'><div class='testcase'>test_064</div></td>
    <td colspan='5' align='center'>

    <!--css div popup start-->
    <a class="popup_link" onfocus='this.blur();' href="javascript:showTestDetail('div_ft2.64')" >
        error</a>

    <div id='div_ft2.64' class="popup_window">
        <div style='text-align: right; color:red;cursor:pointer'>
        <a onfocus='this.blur();' onclick="document.getElementById('div_ft2.64').style.display = 'none' " >
           [x]</a>
        </div>
        <pre>
        
ft2.64: Traceback (most recent call last):
  File "/Users/xiaozixi/Desktop/自动化测试/iPad-AutoTest/Function/wode.py", line 386, in test_064
    self.MyPage.click_ele(MyPage.back)
  File "/Users/xiaozixi/Desktop/自动化测试/iPad-AutoTest/page/BasePage.py", line 26, in click_ele
    self.find_ele(loc).click()
  File "/Users/xiaozixi/Desktop/自动化测试/iPad-AutoTest/page/BasePage.py", line 20, in find_ele
    return self.driver.find_element_by_ios_class_chain(loc)
  File "/usr/local/lib/python3.9/site-packages/appium/webdriver/extensions/search_context/ios.py", line 103, in find_element_by_ios_class_chain
    return self.find_element(by=MobileBy.IOS_CLASS_CHAIN, value=class_chain_string)
  File "/usr/local/lib/python3.9/site-packages/appium/webdriver/webdriver.py", line 282, in find_element
    return self.execute(RemoteCommand.FIND_ELEMENT, {'using': by, 'value': value})['value']
  File "/usr/local/lib/python3.9/site-packages/selenium/webdriver/remote/webdriver.py", line 321, in execute
    self.error_handler.check_response(response)
  File "/usr/local/lib/python3.9/site-packages/appium/webdriver/errorhandler.py", line 31, in check_response
    raise wde
  File "/usr/local/lib/python3.9/site-packages/appium/webdriver/errorhandler.py", line 26, in check_response
    super().check_response(response)
  File "/usr/local/lib/python3.9/site-packages/selenium/webdriver/remote/errorhandler.py", line 242, in check_response
    raise exception_class(message, screen, stacktrace)
selenium.common.exceptions.NoSuchElementException: Message: An element could not be located on the page using the given search parameters.



        </pre>
    </div>
    <!--css div popup end-->

    </td>
</tr>

<tr id='ft2.65' class='none'>
    <td class='errorCase'><div class='testcase'>test_065</div></td>
    <td colspan='5' align='center'>

    <!--css div popup start-->
    <a class="popup_link" onfocus='this.blur();' href="javascript:showTestDetail('div_ft2.65')" >
        error</a>

    <div id='div_ft2.65' class="popup_window">
        <div style='text-align: right; color:red;cursor:pointer'>
        <a onfocus='this.blur();' onclick="document.getElementById('div_ft2.65').style.display = 'none' " >
           [x]</a>
        </div>
        <pre>
        
ft2.65: Traceback (most recent call last):
  File "/Users/xiaozixi/Desktop/自动化测试/iPad-AutoTest/Function/wode.py", line 392, in test_065
    str = self.MyPage.find_ele(MyPage.chain55).get_attribute('label')
  File "/Users/xiaozixi/Desktop/自动化测试/iPad-AutoTest/page/BasePage.py", line 20, in find_ele
    return self.driver.find_element_by_ios_class_chain(loc)
  File "/usr/local/lib/python3.9/site-packages/appium/webdriver/extensions/search_context/ios.py", line 103, in find_element_by_ios_class_chain
    return self.find_element(by=MobileBy.IOS_CLASS_CHAIN, value=class_chain_string)
  File "/usr/local/lib/python3.9/site-packages/appium/webdriver/webdriver.py", line 282, in find_element
    return self.execute(RemoteCommand.FIND_ELEMENT, {'using': by, 'value': value})['value']
  File "/usr/local/lib/python3.9/site-packages/selenium/webdriver/remote/webdriver.py", line 321, in execute
    self.error_handler.check_response(response)
  File "/usr/local/lib/python3.9/site-packages/appium/webdriver/errorhandler.py", line 31, in check_response
    raise wde
  File "/usr/local/lib/python3.9/site-packages/appium/webdriver/errorhandler.py", line 26, in check_response
    super().check_response(response)
  File "/usr/local/lib/python3.9/site-packages/selenium/webdriver/remote/errorhandler.py", line 242, in check_response
    raise exception_class(message, screen, stacktrace)
selenium.common.exceptions.NoSuchElementException: Message: An element could not be located on the page using the given search parameters.



        </pre>
    </div>
    <!--css div popup end-->

    </td>
</tr>

<tr id='ft2.66' class='none'>
    <td class='errorCase'><div class='testcase'>test_066</div></td>
    <td colspan='5' align='center'>

    <!--css div popup start-->
    <a class="popup_link" onfocus='this.blur();' href="javascript:showTestDetail('div_ft2.66')" >
        error</a>

    <div id='div_ft2.66' class="popup_window">
        <div style='text-align: right; color:red;cursor:pointer'>
        <a onfocus='this.blur();' onclick="document.getElementById('div_ft2.66').style.display = 'none' " >
           [x]</a>
        </div>
        <pre>
        
ft2.66: Traceback (most recent call last):
  File "/Users/xiaozixi/Desktop/自动化测试/iPad-AutoTest/Function/wode.py", line 397, in test_066
    self.MyPage.click_ele(MyPage.chain55)
  File "/Users/xiaozixi/Desktop/自动化测试/iPad-AutoTest/page/BasePage.py", line 26, in click_ele
    self.find_ele(loc).click()
  File "/Users/xiaozixi/Desktop/自动化测试/iPad-AutoTest/page/BasePage.py", line 20, in find_ele
    return self.driver.find_element_by_ios_class_chain(loc)
  File "/usr/local/lib/python3.9/site-packages/appium/webdriver/extensions/search_context/ios.py", line 103, in find_element_by_ios_class_chain
    return self.find_element(by=MobileBy.IOS_CLASS_CHAIN, value=class_chain_string)
  File "/usr/local/lib/python3.9/site-packages/appium/webdriver/webdriver.py", line 282, in find_element
    return self.execute(RemoteCommand.FIND_ELEMENT, {'using': by, 'value': value})['value']
  File "/usr/local/lib/python3.9/site-packages/selenium/webdriver/remote/webdriver.py", line 321, in execute
    self.error_handler.check_response(response)
  File "/usr/local/lib/python3.9/site-packages/appium/webdriver/errorhandler.py", line 31, in check_response
    raise wde
  File "/usr/local/lib/python3.9/site-packages/appium/webdriver/errorhandler.py", line 26, in check_response
    super().check_response(response)
  File "/usr/local/lib/python3.9/site-packages/selenium/webdriver/remote/errorhandler.py", line 242, in check_response
    raise exception_class(message, screen, stacktrace)
selenium.common.exceptions.NoSuchElementException: Message: An element could not be located on the page using the given search parameters.



        </pre>
    </div>
    <!--css div popup end-->

    </td>
</tr>

<tr id='ft2.67' class='none'>
    <td class='errorCase'><div class='testcase'>test_067</div></td>
    <td colspan='5' align='center'>

    <!--css div popup start-->
    <a class="popup_link" onfocus='this.blur();' href="javascript:showTestDetail('div_ft2.67')" >
        error</a>

    <div id='div_ft2.67' class="popup_window">
        <div style='text-align: right; color:red;cursor:pointer'>
        <a onfocus='this.blur();' onclick="document.getElementById('div_ft2.67').style.display = 'none' " >
           [x]</a>
        </div>
        <pre>
        
ft2.67: Traceback (most recent call last):
  File "/Users/xiaozixi/Desktop/自动化测试/iPad-AutoTest/Function/wode.py", line 403, in test_067
    self.MyPage.click_ele(MyPage.back)
  File "/Users/xiaozixi/Desktop/自动化测试/iPad-AutoTest/page/BasePage.py", line 26, in click_ele
    self.find_ele(loc).click()
  File "/Users/xiaozixi/Desktop/自动化测试/iPad-AutoTest/page/BasePage.py", line 20, in find_ele
    return self.driver.find_element_by_ios_class_chain(loc)
  File "/usr/local/lib/python3.9/site-packages/appium/webdriver/extensions/search_context/ios.py", line 103, in find_element_by_ios_class_chain
    return self.find_element(by=MobileBy.IOS_CLASS_CHAIN, value=class_chain_string)
  File "/usr/local/lib/python3.9/site-packages/appium/webdriver/webdriver.py", line 282, in find_element
    return self.execute(RemoteCommand.FIND_ELEMENT, {'using': by, 'value': value})['value']
  File "/usr/local/lib/python3.9/site-packages/selenium/webdriver/remote/webdriver.py", line 321, in execute
    self.error_handler.check_response(response)
  File "/usr/local/lib/python3.9/site-packages/appium/webdriver/errorhandler.py", line 31, in check_response
    raise wde
  File "/usr/local/lib/python3.9/site-packages/appium/webdriver/errorhandler.py", line 26, in check_response
    super().check_response(response)
  File "/usr/local/lib/python3.9/site-packages/selenium/webdriver/remote/errorhandler.py", line 242, in check_response
    raise exception_class(message, screen, stacktrace)
selenium.common.exceptions.NoSuchElementException: Message: An element could not be located on the page using the given search parameters.



        </pre>
    </div>
    <!--css div popup end-->

    </td>
</tr>

<tr id='ft2.68' class='none'>
    <td class='errorCase'><div class='testcase'>test_068</div></td>
    <td colspan='5' align='center'>

    <!--css div popup start-->
    <a class="popup_link" onfocus='this.blur();' href="javascript:showTestDetail('div_ft2.68')" >
        error</a>

    <div id='div_ft2.68' class="popup_window">
        <div style='text-align: right; color:red;cursor:pointer'>
        <a onfocus='this.blur();' onclick="document.getElementById('div_ft2.68').style.display = 'none' " >
           [x]</a>
        </div>
        <pre>
        
ft2.68: Traceback (most recent call last):
  File "/Users/xiaozixi/Desktop/自动化测试/iPad-AutoTest/Function/wode.py", line 409, in test_068
    str = self.MyPage.find_ele(MyPage.chain56).get_attribute('label')
  File "/Users/xiaozixi/Desktop/自动化测试/iPad-AutoTest/page/BasePage.py", line 20, in find_ele
    return self.driver.find_element_by_ios_class_chain(loc)
  File "/usr/local/lib/python3.9/site-packages/appium/webdriver/extensions/search_context/ios.py", line 103, in find_element_by_ios_class_chain
    return self.find_element(by=MobileBy.IOS_CLASS_CHAIN, value=class_chain_string)
  File "/usr/local/lib/python3.9/site-packages/appium/webdriver/webdriver.py", line 282, in find_element
    return self.execute(RemoteCommand.FIND_ELEMENT, {'using': by, 'value': value})['value']
  File "/usr/local/lib/python3.9/site-packages/selenium/webdriver/remote/webdriver.py", line 321, in execute
    self.error_handler.check_response(response)
  File "/usr/local/lib/python3.9/site-packages/appium/webdriver/errorhandler.py", line 31, in check_response
    raise wde
  File "/usr/local/lib/python3.9/site-packages/appium/webdriver/errorhandler.py", line 26, in check_response
    super().check_response(response)
  File "/usr/local/lib/python3.9/site-packages/selenium/webdriver/remote/errorhandler.py", line 242, in check_response
    raise exception_class(message, screen, stacktrace)
selenium.common.exceptions.NoSuchElementException: Message: An element could not be located on the page using the given search parameters.



        </pre>
    </div>
    <!--css div popup end-->

    </td>
</tr>

<tr id='ft2.69' class='none'>
    <td class='errorCase'><div class='testcase'>test_069</div></td>
    <td colspan='5' align='center'>

    <!--css div popup start-->
    <a class="popup_link" onfocus='this.blur();' href="javascript:showTestDetail('div_ft2.69')" >
        error</a>

    <div id='div_ft2.69' class="popup_window">
        <div style='text-align: right; color:red;cursor:pointer'>
        <a onfocus='this.blur();' onclick="document.getElementById('div_ft2.69').style.display = 'none' " >
           [x]</a>
        </div>
        <pre>
        
ft2.69: Traceback (most recent call last):
  File "/Users/xiaozixi/Desktop/自动化测试/iPad-AutoTest/Function/wode.py", line 414, in test_069
    self.MyPage.click_ele(MyPage.chain56)
  File "/Users/xiaozixi/Desktop/自动化测试/iPad-AutoTest/page/BasePage.py", line 26, in click_ele
    self.find_ele(loc).click()
  File "/Users/xiaozixi/Desktop/自动化测试/iPad-AutoTest/page/BasePage.py", line 20, in find_ele
    return self.driver.find_element_by_ios_class_chain(loc)
  File "/usr/local/lib/python3.9/site-packages/appium/webdriver/extensions/search_context/ios.py", line 103, in find_element_by_ios_class_chain
    return self.find_element(by=MobileBy.IOS_CLASS_CHAIN, value=class_chain_string)
  File "/usr/local/lib/python3.9/site-packages/appium/webdriver/webdriver.py", line 282, in find_element
    return self.execute(RemoteCommand.FIND_ELEMENT, {'using': by, 'value': value})['value']
  File "/usr/local/lib/python3.9/site-packages/selenium/webdriver/remote/webdriver.py", line 321, in execute
    self.error_handler.check_response(response)
  File "/usr/local/lib/python3.9/site-packages/appium/webdriver/errorhandler.py", line 31, in check_response
    raise wde
  File "/usr/local/lib/python3.9/site-packages/appium/webdriver/errorhandler.py", line 26, in check_response
    super().check_response(response)
  File "/usr/local/lib/python3.9/site-packages/selenium/webdriver/remote/errorhandler.py", line 242, in check_response
    raise exception_class(message, screen, stacktrace)
selenium.common.exceptions.NoSuchElementException: Message: An element could not be located on the page using the given search parameters.



        </pre>
    </div>
    <!--css div popup end-->

    </td>
</tr>

<tr id='ft2.70' class='none'>
    <td class='errorCase'><div class='testcase'>test_070</div></td>
    <td colspan='5' align='center'>

    <!--css div popup start-->
    <a class="popup_link" onfocus='this.blur();' href="javascript:showTestDetail('div_ft2.70')" >
        error</a>

    <div id='div_ft2.70' class="popup_window">
        <div style='text-align: right; color:red;cursor:pointer'>
        <a onfocus='this.blur();' onclick="document.getElementById('div_ft2.70').style.display = 'none' " >
           [x]</a>
        </div>
        <pre>
        
ft2.70: Traceback (most recent call last):
  File "/Users/xiaozixi/Desktop/自动化测试/iPad-AutoTest/Function/wode.py", line 420, in test_070
    str = self.MyPage.find_ele(MyPage.chain79).get_attribute('label')
  File "/Users/xiaozixi/Desktop/自动化测试/iPad-AutoTest/page/BasePage.py", line 20, in find_ele
    return self.driver.find_element_by_ios_class_chain(loc)
  File "/usr/local/lib/python3.9/site-packages/appium/webdriver/extensions/search_context/ios.py", line 103, in find_element_by_ios_class_chain
    return self.find_element(by=MobileBy.IOS_CLASS_CHAIN, value=class_chain_string)
  File "/usr/local/lib/python3.9/site-packages/appium/webdriver/webdriver.py", line 282, in find_element
    return self.execute(RemoteCommand.FIND_ELEMENT, {'using': by, 'value': value})['value']
  File "/usr/local/lib/python3.9/site-packages/selenium/webdriver/remote/webdriver.py", line 321, in execute
    self.error_handler.check_response(response)
  File "/usr/local/lib/python3.9/site-packages/appium/webdriver/errorhandler.py", line 31, in check_response
    raise wde
  File "/usr/local/lib/python3.9/site-packages/appium/webdriver/errorhandler.py", line 26, in check_response
    super().check_response(response)
  File "/usr/local/lib/python3.9/site-packages/selenium/webdriver/remote/errorhandler.py", line 242, in check_response
    raise exception_class(message, screen, stacktrace)
selenium.common.exceptions.NoSuchElementException: Message: An element could not be located on the page using the given search parameters.



        </pre>
    </div>
    <!--css div popup end-->

    </td>
</tr>

<tr id='ft2.71' class='none'>
    <td class='errorCase'><div class='testcase'>test_071</div></td>
    <td colspan='5' align='center'>

    <!--css div popup start-->
    <a class="popup_link" onfocus='this.blur();' href="javascript:showTestDetail('div_ft2.71')" >
        error</a>

    <div id='div_ft2.71' class="popup_window">
        <div style='text-align: right; color:red;cursor:pointer'>
        <a onfocus='this.blur();' onclick="document.getElementById('div_ft2.71').style.display = 'none' " >
           [x]</a>
        </div>
        <pre>
        
ft2.71: Traceback (most recent call last):
  File "/Users/xiaozixi/Desktop/自动化测试/iPad-AutoTest/Function/wode.py", line 425, in test_071
    str = self.MyPage.find_ele(MyPage.chain80).get_attribute('label')
  File "/Users/xiaozixi/Desktop/自动化测试/iPad-AutoTest/page/BasePage.py", line 20, in find_ele
    return self.driver.find_element_by_ios_class_chain(loc)
  File "/usr/local/lib/python3.9/site-packages/appium/webdriver/extensions/search_context/ios.py", line 103, in find_element_by_ios_class_chain
    return self.find_element(by=MobileBy.IOS_CLASS_CHAIN, value=class_chain_string)
  File "/usr/local/lib/python3.9/site-packages/appium/webdriver/webdriver.py", line 282, in find_element
    return self.execute(RemoteCommand.FIND_ELEMENT, {'using': by, 'value': value})['value']
  File "/usr/local/lib/python3.9/site-packages/selenium/webdriver/remote/webdriver.py", line 321, in execute
    self.error_handler.check_response(response)
  File "/usr/local/lib/python3.9/site-packages/appium/webdriver/errorhandler.py", line 31, in check_response
    raise wde
  File "/usr/local/lib/python3.9/site-packages/appium/webdriver/errorhandler.py", line 26, in check_response
    super().check_response(response)
  File "/usr/local/lib/python3.9/site-packages/selenium/webdriver/remote/errorhandler.py", line 242, in check_response
    raise exception_class(message, screen, stacktrace)
selenium.common.exceptions.NoSuchElementException: Message: An element could not be located on the page using the given search parameters.



        </pre>
    </div>
    <!--css div popup end-->

    </td>
</tr>

<tr id='ft2.72' class='none'>
    <td class='errorCase'><div class='testcase'>test_072</div></td>
    <td colspan='5' align='center'>

    <!--css div popup start-->
    <a class="popup_link" onfocus='this.blur();' href="javascript:showTestDetail('div_ft2.72')" >
        error</a>

    <div id='div_ft2.72' class="popup_window">
        <div style='text-align: right; color:red;cursor:pointer'>
        <a onfocus='this.blur();' onclick="document.getElementById('div_ft2.72').style.display = 'none' " >
           [x]</a>
        </div>
        <pre>
        
ft2.72: Traceback (most recent call last):
  File "/Users/xiaozixi/Desktop/自动化测试/iPad-AutoTest/Function/wode.py", line 430, in test_072
    self.MyPage.click_ele(MyPage.back)
  File "/Users/xiaozixi/Desktop/自动化测试/iPad-AutoTest/page/BasePage.py", line 26, in click_ele
    self.find_ele(loc).click()
  File "/Users/xiaozixi/Desktop/自动化测试/iPad-AutoTest/page/BasePage.py", line 20, in find_ele
    return self.driver.find_element_by_ios_class_chain(loc)
  File "/usr/local/lib/python3.9/site-packages/appium/webdriver/extensions/search_context/ios.py", line 103, in find_element_by_ios_class_chain
    return self.find_element(by=MobileBy.IOS_CLASS_CHAIN, value=class_chain_string)
  File "/usr/local/lib/python3.9/site-packages/appium/webdriver/webdriver.py", line 282, in find_element
    return self.execute(RemoteCommand.FIND_ELEMENT, {'using': by, 'value': value})['value']
  File "/usr/local/lib/python3.9/site-packages/selenium/webdriver/remote/webdriver.py", line 321, in execute
    self.error_handler.check_response(response)
  File "/usr/local/lib/python3.9/site-packages/appium/webdriver/errorhandler.py", line 31, in check_response
    raise wde
  File "/usr/local/lib/python3.9/site-packages/appium/webdriver/errorhandler.py", line 26, in check_response
    super().check_response(response)
  File "/usr/local/lib/python3.9/site-packages/selenium/webdriver/remote/errorhandler.py", line 242, in check_response
    raise exception_class(message, screen, stacktrace)
selenium.common.exceptions.NoSuchElementException: Message: An element could not be located on the page using the given search parameters.



        </pre>
    </div>
    <!--css div popup end-->

    </td>
</tr>

<tr id='ft2.73' class='none'>
    <td class='errorCase'><div class='testcase'>test_073</div></td>
    <td colspan='5' align='center'>

    <!--css div popup start-->
    <a class="popup_link" onfocus='this.blur();' href="javascript:showTestDetail('div_ft2.73')" >
        error</a>

    <div id='div_ft2.73' class="popup_window">
        <div style='text-align: right; color:red;cursor:pointer'>
        <a onfocus='this.blur();' onclick="document.getElementById('div_ft2.73').style.display = 'none' " >
           [x]</a>
        </div>
        <pre>
        
ft2.73: Traceback (most recent call last):
  File "/Users/xiaozixi/Desktop/自动化测试/iPad-AutoTest/Function/wode.py", line 437, in test_073
    str = self.MyPage.find_ele(MyPage.chain57).get_attribute('label')
  File "/Users/xiaozixi/Desktop/自动化测试/iPad-AutoTest/page/BasePage.py", line 20, in find_ele
    return self.driver.find_element_by_ios_class_chain(loc)
  File "/usr/local/lib/python3.9/site-packages/appium/webdriver/extensions/search_context/ios.py", line 103, in find_element_by_ios_class_chain
    return self.find_element(by=MobileBy.IOS_CLASS_CHAIN, value=class_chain_string)
  File "/usr/local/lib/python3.9/site-packages/appium/webdriver/webdriver.py", line 282, in find_element
    return self.execute(RemoteCommand.FIND_ELEMENT, {'using': by, 'value': value})['value']
  File "/usr/local/lib/python3.9/site-packages/selenium/webdriver/remote/webdriver.py", line 321, in execute
    self.error_handler.check_response(response)
  File "/usr/local/lib/python3.9/site-packages/appium/webdriver/errorhandler.py", line 31, in check_response
    raise wde
  File "/usr/local/lib/python3.9/site-packages/appium/webdriver/errorhandler.py", line 26, in check_response
    super().check_response(response)
  File "/usr/local/lib/python3.9/site-packages/selenium/webdriver/remote/errorhandler.py", line 242, in check_response
    raise exception_class(message, screen, stacktrace)
selenium.common.exceptions.NoSuchElementException: Message: An element could not be located on the page using the given search parameters.



        </pre>
    </div>
    <!--css div popup end-->

    </td>
</tr>

<tr id='ft2.74' class='none'>
    <td class='errorCase'><div class='testcase'>test_074</div></td>
    <td colspan='5' align='center'>

    <!--css div popup start-->
    <a class="popup_link" onfocus='this.blur();' href="javascript:showTestDetail('div_ft2.74')" >
        error</a>

    <div id='div_ft2.74' class="popup_window">
        <div style='text-align: right; color:red;cursor:pointer'>
        <a onfocus='this.blur();' onclick="document.getElementById('div_ft2.74').style.display = 'none' " >
           [x]</a>
        </div>
        <pre>
        
ft2.74: Traceback (most recent call last):
  File "/Users/xiaozixi/Desktop/自动化测试/iPad-AutoTest/Function/wode.py", line 442, in test_074
    self.MyPage.click_ele(MyPage.chain57)
  File "/Users/xiaozixi/Desktop/自动化测试/iPad-AutoTest/page/BasePage.py", line 26, in click_ele
    self.find_ele(loc).click()
  File "/Users/xiaozixi/Desktop/自动化测试/iPad-AutoTest/page/BasePage.py", line 20, in find_ele
    return self.driver.find_element_by_ios_class_chain(loc)
  File "/usr/local/lib/python3.9/site-packages/appium/webdriver/extensions/search_context/ios.py", line 103, in find_element_by_ios_class_chain
    return self.find_element(by=MobileBy.IOS_CLASS_CHAIN, value=class_chain_string)
  File "/usr/local/lib/python3.9/site-packages/appium/webdriver/webdriver.py", line 282, in find_element
    return self.execute(RemoteCommand.FIND_ELEMENT, {'using': by, 'value': value})['value']
  File "/usr/local/lib/python3.9/site-packages/selenium/webdriver/remote/webdriver.py", line 321, in execute
    self.error_handler.check_response(response)
  File "/usr/local/lib/python3.9/site-packages/appium/webdriver/errorhandler.py", line 31, in check_response
    raise wde
  File "/usr/local/lib/python3.9/site-packages/appium/webdriver/errorhandler.py", line 26, in check_response
    super().check_response(response)
  File "/usr/local/lib/python3.9/site-packages/selenium/webdriver/remote/errorhandler.py", line 242, in check_response
    raise exception_class(message, screen, stacktrace)
selenium.common.exceptions.NoSuchElementException: Message: An element could not be located on the page using the given search parameters.



        </pre>
    </div>
    <!--css div popup end-->

    </td>
</tr>

<tr id='ft2.75' class='none'>
    <td class='errorCase'><div class='testcase'>test_075</div></td>
    <td colspan='5' align='center'>

    <!--css div popup start-->
    <a class="popup_link" onfocus='this.blur();' href="javascript:showTestDetail('div_ft2.75')" >
        error</a>

    <div id='div_ft2.75' class="popup_window">
        <div style='text-align: right; color:red;cursor:pointer'>
        <a onfocus='this.blur();' onclick="document.getElementById('div_ft2.75').style.display = 'none' " >
           [x]</a>
        </div>
        <pre>
        
ft2.75: Traceback (most recent call last):
  File "/Users/xiaozixi/Desktop/自动化测试/iPad-AutoTest/Function/wode.py", line 449, in test_075
    str = self.MyPage.find_ele(MyPage.chain84).get_attribute('label')
  File "/Users/xiaozixi/Desktop/自动化测试/iPad-AutoTest/page/BasePage.py", line 20, in find_ele
    return self.driver.find_element_by_ios_class_chain(loc)
  File "/usr/local/lib/python3.9/site-packages/appium/webdriver/extensions/search_context/ios.py", line 103, in find_element_by_ios_class_chain
    return self.find_element(by=MobileBy.IOS_CLASS_CHAIN, value=class_chain_string)
  File "/usr/local/lib/python3.9/site-packages/appium/webdriver/webdriver.py", line 282, in find_element
    return self.execute(RemoteCommand.FIND_ELEMENT, {'using': by, 'value': value})['value']
  File "/usr/local/lib/python3.9/site-packages/selenium/webdriver/remote/webdriver.py", line 321, in execute
    self.error_handler.check_response(response)
  File "/usr/local/lib/python3.9/site-packages/appium/webdriver/errorhandler.py", line 31, in check_response
    raise wde
  File "/usr/local/lib/python3.9/site-packages/appium/webdriver/errorhandler.py", line 26, in check_response
    super().check_response(response)
  File "/usr/local/lib/python3.9/site-packages/selenium/webdriver/remote/errorhandler.py", line 242, in check_response
    raise exception_class(message, screen, stacktrace)
selenium.common.exceptions.NoSuchElementException: Message: An element could not be located on the page using the given search parameters.



        </pre>
    </div>
    <!--css div popup end-->

    </td>
</tr>

<tr id='ft2.76' class='none'>
    <td class='errorCase'><div class='testcase'>test_076</div></td>
    <td colspan='5' align='center'>

    <!--css div popup start-->
    <a class="popup_link" onfocus='this.blur();' href="javascript:showTestDetail('div_ft2.76')" >
        error</a>

    <div id='div_ft2.76' class="popup_window">
        <div style='text-align: right; color:red;cursor:pointer'>
        <a onfocus='this.blur();' onclick="document.getElementById('div_ft2.76').style.display = 'none' " >
           [x]</a>
        </div>
        <pre>
        
ft2.76: Traceback (most recent call last):
  File "/Users/xiaozixi/Desktop/自动化测试/iPad-AutoTest/Function/wode.py", line 454, in test_076
    str = self.MyPage.find_ele(MyPage.chain83).get_attribute('label')
  File "/Users/xiaozixi/Desktop/自动化测试/iPad-AutoTest/page/BasePage.py", line 20, in find_ele
    return self.driver.find_element_by_ios_class_chain(loc)
  File "/usr/local/lib/python3.9/site-packages/appium/webdriver/extensions/search_context/ios.py", line 103, in find_element_by_ios_class_chain
    return self.find_element(by=MobileBy.IOS_CLASS_CHAIN, value=class_chain_string)
  File "/usr/local/lib/python3.9/site-packages/appium/webdriver/webdriver.py", line 282, in find_element
    return self.execute(RemoteCommand.FIND_ELEMENT, {'using': by, 'value': value})['value']
  File "/usr/local/lib/python3.9/site-packages/selenium/webdriver/remote/webdriver.py", line 321, in execute
    self.error_handler.check_response(response)
  File "/usr/local/lib/python3.9/site-packages/appium/webdriver/errorhandler.py", line 31, in check_response
    raise wde
  File "/usr/local/lib/python3.9/site-packages/appium/webdriver/errorhandler.py", line 26, in check_response
    super().check_response(response)
  File "/usr/local/lib/python3.9/site-packages/selenium/webdriver/remote/errorhandler.py", line 242, in check_response
    raise exception_class(message, screen, stacktrace)
selenium.common.exceptions.NoSuchElementException: Message: An element could not be located on the page using the given search parameters.



        </pre>
    </div>
    <!--css div popup end-->

    </td>
</tr>

<tr id='ft2.77' class='none'>
    <td class='errorCase'><div class='testcase'>test_077</div></td>
    <td colspan='5' align='center'>

    <!--css div popup start-->
    <a class="popup_link" onfocus='this.blur();' href="javascript:showTestDetail('div_ft2.77')" >
        error</a>

    <div id='div_ft2.77' class="popup_window">
        <div style='text-align: right; color:red;cursor:pointer'>
        <a onfocus='this.blur();' onclick="document.getElementById('div_ft2.77').style.display = 'none' " >
           [x]</a>
        </div>
        <pre>
        
ft2.77: Traceback (most recent call last):
  File "/Users/xiaozixi/Desktop/自动化测试/iPad-AutoTest/Function/wode.py", line 459, in test_077
    self.MyPage.click_ele(MyPage.back)
  File "/Users/xiaozixi/Desktop/自动化测试/iPad-AutoTest/page/BasePage.py", line 26, in click_ele
    self.find_ele(loc).click()
  File "/Users/xiaozixi/Desktop/自动化测试/iPad-AutoTest/page/BasePage.py", line 20, in find_ele
    return self.driver.find_element_by_ios_class_chain(loc)
  File "/usr/local/lib/python3.9/site-packages/appium/webdriver/extensions/search_context/ios.py", line 103, in find_element_by_ios_class_chain
    return self.find_element(by=MobileBy.IOS_CLASS_CHAIN, value=class_chain_string)
  File "/usr/local/lib/python3.9/site-packages/appium/webdriver/webdriver.py", line 282, in find_element
    return self.execute(RemoteCommand.FIND_ELEMENT, {'using': by, 'value': value})['value']
  File "/usr/local/lib/python3.9/site-packages/selenium/webdriver/remote/webdriver.py", line 321, in execute
    self.error_handler.check_response(response)
  File "/usr/local/lib/python3.9/site-packages/appium/webdriver/errorhandler.py", line 31, in check_response
    raise wde
  File "/usr/local/lib/python3.9/site-packages/appium/webdriver/errorhandler.py", line 26, in check_response
    super().check_response(response)
  File "/usr/local/lib/python3.9/site-packages/selenium/webdriver/remote/errorhandler.py", line 242, in check_response
    raise exception_class(message, screen, stacktrace)
selenium.common.exceptions.NoSuchElementException: Message: An element could not be located on the page using the given search parameters.



        </pre>
    </div>
    <!--css div popup end-->

    </td>
</tr>

<tr id='ft2.78' class='none'>
    <td class='errorCase'><div class='testcase'>test_078</div></td>
    <td colspan='5' align='center'>

    <!--css div popup start-->
    <a class="popup_link" onfocus='this.blur();' href="javascript:showTestDetail('div_ft2.78')" >
        error</a>

    <div id='div_ft2.78' class="popup_window">
        <div style='text-align: right; color:red;cursor:pointer'>
        <a onfocus='this.blur();' onclick="document.getElementById('div_ft2.78').style.display = 'none' " >
           [x]</a>
        </div>
        <pre>
        
ft2.78: Traceback (most recent call last):
  File "/Users/xiaozixi/Desktop/自动化测试/iPad-AutoTest/Function/wode.py", line 465, in test_078
    str = self.MyPage.find_ele(MyPage.chain58).get_attribute('label')
  File "/Users/xiaozixi/Desktop/自动化测试/iPad-AutoTest/page/BasePage.py", line 20, in find_ele
    return self.driver.find_element_by_ios_class_chain(loc)
  File "/usr/local/lib/python3.9/site-packages/appium/webdriver/extensions/search_context/ios.py", line 103, in find_element_by_ios_class_chain
    return self.find_element(by=MobileBy.IOS_CLASS_CHAIN, value=class_chain_string)
  File "/usr/local/lib/python3.9/site-packages/appium/webdriver/webdriver.py", line 282, in find_element
    return self.execute(RemoteCommand.FIND_ELEMENT, {'using': by, 'value': value})['value']
  File "/usr/local/lib/python3.9/site-packages/selenium/webdriver/remote/webdriver.py", line 321, in execute
    self.error_handler.check_response(response)
  File "/usr/local/lib/python3.9/site-packages/appium/webdriver/errorhandler.py", line 31, in check_response
    raise wde
  File "/usr/local/lib/python3.9/site-packages/appium/webdriver/errorhandler.py", line 26, in check_response
    super().check_response(response)
  File "/usr/local/lib/python3.9/site-packages/selenium/webdriver/remote/errorhandler.py", line 242, in check_response
    raise exception_class(message, screen, stacktrace)
selenium.common.exceptions.NoSuchElementException: Message: An element could not be located on the page using the given search parameters.



        </pre>
    </div>
    <!--css div popup end-->

    </td>
</tr>

<tr id='ft2.79' class='none'>
    <td class='errorCase'><div class='testcase'>test_079</div></td>
    <td colspan='5' align='center'>

    <!--css div popup start-->
    <a class="popup_link" onfocus='this.blur();' href="javascript:showTestDetail('div_ft2.79')" >
        error</a>

    <div id='div_ft2.79' class="popup_window">
        <div style='text-align: right; color:red;cursor:pointer'>
        <a onfocus='this.blur();' onclick="document.getElementById('div_ft2.79').style.display = 'none' " >
           [x]</a>
        </div>
        <pre>
        
ft2.79: Traceback (most recent call last):
  File "/Users/xiaozixi/Desktop/自动化测试/iPad-AutoTest/Function/wode.py", line 470, in test_079
    str = self.MyPage.find_ele(MyPage.chain59).get_attribute('value')
  File "/Users/xiaozixi/Desktop/自动化测试/iPad-AutoTest/page/BasePage.py", line 20, in find_ele
    return self.driver.find_element_by_ios_class_chain(loc)
  File "/usr/local/lib/python3.9/site-packages/appium/webdriver/extensions/search_context/ios.py", line 103, in find_element_by_ios_class_chain
    return self.find_element(by=MobileBy.IOS_CLASS_CHAIN, value=class_chain_string)
  File "/usr/local/lib/python3.9/site-packages/appium/webdriver/webdriver.py", line 282, in find_element
    return self.execute(RemoteCommand.FIND_ELEMENT, {'using': by, 'value': value})['value']
  File "/usr/local/lib/python3.9/site-packages/selenium/webdriver/remote/webdriver.py", line 321, in execute
    self.error_handler.check_response(response)
  File "/usr/local/lib/python3.9/site-packages/appium/webdriver/errorhandler.py", line 31, in check_response
    raise wde
  File "/usr/local/lib/python3.9/site-packages/appium/webdriver/errorhandler.py", line 26, in check_response
    super().check_response(response)
  File "/usr/local/lib/python3.9/site-packages/selenium/webdriver/remote/errorhandler.py", line 242, in check_response
    raise exception_class(message, screen, stacktrace)
selenium.common.exceptions.NoSuchElementException: Message: An element could not be located on the page using the given search parameters.



        </pre>
    </div>
    <!--css div popup end-->

    </td>
</tr>

<tr id='ft2.80' class='none'>
    <td class='errorCase'><div class='testcase'>test_080</div></td>
    <td colspan='5' align='center'>

    <!--css div popup start-->
    <a class="popup_link" onfocus='this.blur();' href="javascript:showTestDetail('div_ft2.80')" >
        error</a>

    <div id='div_ft2.80' class="popup_window">
        <div style='text-align: right; color:red;cursor:pointer'>
        <a onfocus='this.blur();' onclick="document.getElementById('div_ft2.80').style.display = 'none' " >
           [x]</a>
        </div>
        <pre>
        
ft2.80: Traceback (most recent call last):
  File "/Users/xiaozixi/Desktop/自动化测试/iPad-AutoTest/Function/wode.py", line 475, in test_080
    self.MyPage.click_ele(MyPage.chain59)
  File "/Users/xiaozixi/Desktop/自动化测试/iPad-AutoTest/page/BasePage.py", line 26, in click_ele
    self.find_ele(loc).click()
  File "/Users/xiaozixi/Desktop/自动化测试/iPad-AutoTest/page/BasePage.py", line 20, in find_ele
    return self.driver.find_element_by_ios_class_chain(loc)
  File "/usr/local/lib/python3.9/site-packages/appium/webdriver/extensions/search_context/ios.py", line 103, in find_element_by_ios_class_chain
    return self.find_element(by=MobileBy.IOS_CLASS_CHAIN, value=class_chain_string)
  File "/usr/local/lib/python3.9/site-packages/appium/webdriver/webdriver.py", line 282, in find_element
    return self.execute(RemoteCommand.FIND_ELEMENT, {'using': by, 'value': value})['value']
  File "/usr/local/lib/python3.9/site-packages/selenium/webdriver/remote/webdriver.py", line 321, in execute
    self.error_handler.check_response(response)
  File "/usr/local/lib/python3.9/site-packages/appium/webdriver/errorhandler.py", line 31, in check_response
    raise wde
  File "/usr/local/lib/python3.9/site-packages/appium/webdriver/errorhandler.py", line 26, in check_response
    super().check_response(response)
  File "/usr/local/lib/python3.9/site-packages/selenium/webdriver/remote/errorhandler.py", line 242, in check_response
    raise exception_class(message, screen, stacktrace)
selenium.common.exceptions.NoSuchElementException: Message: An element could not be located on the page using the given search parameters.



        </pre>
    </div>
    <!--css div popup end-->

    </td>
</tr>

<tr id='ft2.81' class='none'>
    <td class='errorCase'><div class='testcase'>test_081</div></td>
    <td colspan='5' align='center'>

    <!--css div popup start-->
    <a class="popup_link" onfocus='this.blur();' href="javascript:showTestDetail('div_ft2.81')" >
        error</a>

    <div id='div_ft2.81' class="popup_window">
        <div style='text-align: right; color:red;cursor:pointer'>
        <a onfocus='this.blur();' onclick="document.getElementById('div_ft2.81').style.display = 'none' " >
           [x]</a>
        </div>
        <pre>
        
ft2.81: Traceback (most recent call last):
  File "/Users/xiaozixi/Desktop/自动化测试/iPad-AutoTest/Function/wode.py", line 481, in test_081
    self.MyPage.click_ele(MyPage.chain59)
  File "/Users/xiaozixi/Desktop/自动化测试/iPad-AutoTest/page/BasePage.py", line 26, in click_ele
    self.find_ele(loc).click()
  File "/Users/xiaozixi/Desktop/自动化测试/iPad-AutoTest/page/BasePage.py", line 20, in find_ele
    return self.driver.find_element_by_ios_class_chain(loc)
  File "/usr/local/lib/python3.9/site-packages/appium/webdriver/extensions/search_context/ios.py", line 103, in find_element_by_ios_class_chain
    return self.find_element(by=MobileBy.IOS_CLASS_CHAIN, value=class_chain_string)
  File "/usr/local/lib/python3.9/site-packages/appium/webdriver/webdriver.py", line 282, in find_element
    return self.execute(RemoteCommand.FIND_ELEMENT, {'using': by, 'value': value})['value']
  File "/usr/local/lib/python3.9/site-packages/selenium/webdriver/remote/webdriver.py", line 321, in execute
    self.error_handler.check_response(response)
  File "/usr/local/lib/python3.9/site-packages/appium/webdriver/errorhandler.py", line 31, in check_response
    raise wde
  File "/usr/local/lib/python3.9/site-packages/appium/webdriver/errorhandler.py", line 26, in check_response
    super().check_response(response)
  File "/usr/local/lib/python3.9/site-packages/selenium/webdriver/remote/errorhandler.py", line 242, in check_response
    raise exception_class(message, screen, stacktrace)
selenium.common.exceptions.NoSuchElementException: Message: An element could not be located on the page using the given search parameters.



        </pre>
    </div>
    <!--css div popup end-->

    </td>
</tr>

<tr id='ft2.82' class='none'>
    <td class='errorCase'><div class='testcase'>test_082</div></td>
    <td colspan='5' align='center'>

    <!--css div popup start-->
    <a class="popup_link" onfocus='this.blur();' href="javascript:showTestDetail('div_ft2.82')" >
        error</a>

    <div id='div_ft2.82' class="popup_window">
        <div style='text-align: right; color:red;cursor:pointer'>
        <a onfocus='this.blur();' onclick="document.getElementById('div_ft2.82').style.display = 'none' " >
           [x]</a>
        </div>
        <pre>
        
ft2.82: Traceback (most recent call last):
  File "/Users/xiaozixi/Desktop/自动化测试/iPad-AutoTest/Function/wode.py", line 488, in test_082
    str = self.MyPage.find_ele(MyPage.chain60).get_attribute('label')
  File "/Users/xiaozixi/Desktop/自动化测试/iPad-AutoTest/page/BasePage.py", line 20, in find_ele
    return self.driver.find_element_by_ios_class_chain(loc)
  File "/usr/local/lib/python3.9/site-packages/appium/webdriver/extensions/search_context/ios.py", line 103, in find_element_by_ios_class_chain
    return self.find_element(by=MobileBy.IOS_CLASS_CHAIN, value=class_chain_string)
  File "/usr/local/lib/python3.9/site-packages/appium/webdriver/webdriver.py", line 282, in find_element
    return self.execute(RemoteCommand.FIND_ELEMENT, {'using': by, 'value': value})['value']
  File "/usr/local/lib/python3.9/site-packages/selenium/webdriver/remote/webdriver.py", line 321, in execute
    self.error_handler.check_response(response)
  File "/usr/local/lib/python3.9/site-packages/appium/webdriver/errorhandler.py", line 31, in check_response
    raise wde
  File "/usr/local/lib/python3.9/site-packages/appium/webdriver/errorhandler.py", line 26, in check_response
    super().check_response(response)
  File "/usr/local/lib/python3.9/site-packages/selenium/webdriver/remote/errorhandler.py", line 242, in check_response
    raise exception_class(message, screen, stacktrace)
selenium.common.exceptions.NoSuchElementException: Message: An element could not be located on the page using the given search parameters.



        </pre>
    </div>
    <!--css div popup end-->

    </td>
</tr>

<tr id='ft2.83' class='none'>
    <td class='errorCase'><div class='testcase'>test_083</div></td>
    <td colspan='5' align='center'>

    <!--css div popup start-->
    <a class="popup_link" onfocus='this.blur();' href="javascript:showTestDetail('div_ft2.83')" >
        error</a>

    <div id='div_ft2.83' class="popup_window">
        <div style='text-align: right; color:red;cursor:pointer'>
        <a onfocus='this.blur();' onclick="document.getElementById('div_ft2.83').style.display = 'none' " >
           [x]</a>
        </div>
        <pre>
        
ft2.83: Traceback (most recent call last):
  File "/Users/xiaozixi/Desktop/自动化测试/iPad-AutoTest/Function/wode.py", line 494, in test_083
    str = self.MyPage.find_ele(MyPage.chain61).get_attribute('value')
  File "/Users/xiaozixi/Desktop/自动化测试/iPad-AutoTest/page/BasePage.py", line 20, in find_ele
    return self.driver.find_element_by_ios_class_chain(loc)
  File "/usr/local/lib/python3.9/site-packages/appium/webdriver/extensions/search_context/ios.py", line 103, in find_element_by_ios_class_chain
    return self.find_element(by=MobileBy.IOS_CLASS_CHAIN, value=class_chain_string)
  File "/usr/local/lib/python3.9/site-packages/appium/webdriver/webdriver.py", line 282, in find_element
    return self.execute(RemoteCommand.FIND_ELEMENT, {'using': by, 'value': value})['value']
  File "/usr/local/lib/python3.9/site-packages/selenium/webdriver/remote/webdriver.py", line 321, in execute
    self.error_handler.check_response(response)
  File "/usr/local/lib/python3.9/site-packages/appium/webdriver/errorhandler.py", line 31, in check_response
    raise wde
  File "/usr/local/lib/python3.9/site-packages/appium/webdriver/errorhandler.py", line 26, in check_response
    super().check_response(response)
  File "/usr/local/lib/python3.9/site-packages/selenium/webdriver/remote/errorhandler.py", line 242, in check_response
    raise exception_class(message, screen, stacktrace)
selenium.common.exceptions.NoSuchElementException: Message: An element could not be located on the page using the given search parameters.



        </pre>
    </div>
    <!--css div popup end-->

    </td>
</tr>

<tr id='ft2.84' class='none'>
    <td class='errorCase'><div class='testcase'>test_084</div></td>
    <td colspan='5' align='center'>

    <!--css div popup start-->
    <a class="popup_link" onfocus='this.blur();' href="javascript:showTestDetail('div_ft2.84')" >
        error</a>

    <div id='div_ft2.84' class="popup_window">
        <div style='text-align: right; color:red;cursor:pointer'>
        <a onfocus='this.blur();' onclick="document.getElementById('div_ft2.84').style.display = 'none' " >
           [x]</a>
        </div>
        <pre>
        
ft2.84: Traceback (most recent call last):
  File "/Users/xiaozixi/Desktop/自动化测试/iPad-AutoTest/Function/wode.py", line 500, in test_084
    self.MyPage.click_ele(MyPage.chain61)
  File "/Users/xiaozixi/Desktop/自动化测试/iPad-AutoTest/page/BasePage.py", line 26, in click_ele
    self.find_ele(loc).click()
  File "/Users/xiaozixi/Desktop/自动化测试/iPad-AutoTest/page/BasePage.py", line 20, in find_ele
    return self.driver.find_element_by_ios_class_chain(loc)
  File "/usr/local/lib/python3.9/site-packages/appium/webdriver/extensions/search_context/ios.py", line 103, in find_element_by_ios_class_chain
    return self.find_element(by=MobileBy.IOS_CLASS_CHAIN, value=class_chain_string)
  File "/usr/local/lib/python3.9/site-packages/appium/webdriver/webdriver.py", line 282, in find_element
    return self.execute(RemoteCommand.FIND_ELEMENT, {'using': by, 'value': value})['value']
  File "/usr/local/lib/python3.9/site-packages/selenium/webdriver/remote/webdriver.py", line 321, in execute
    self.error_handler.check_response(response)
  File "/usr/local/lib/python3.9/site-packages/appium/webdriver/errorhandler.py", line 31, in check_response
    raise wde
  File "/usr/local/lib/python3.9/site-packages/appium/webdriver/errorhandler.py", line 26, in check_response
    super().check_response(response)
  File "/usr/local/lib/python3.9/site-packages/selenium/webdriver/remote/errorhandler.py", line 242, in check_response
    raise exception_class(message, screen, stacktrace)
selenium.common.exceptions.NoSuchElementException: Message: An element could not be located on the page using the given search parameters.



        </pre>
    </div>
    <!--css div popup end-->

    </td>
</tr>

<tr id='ft2.85' class='none'>
    <td class='errorCase'><div class='testcase'>test_085</div></td>
    <td colspan='5' align='center'>

    <!--css div popup start-->
    <a class="popup_link" onfocus='this.blur();' href="javascript:showTestDetail('div_ft2.85')" >
        error</a>

    <div id='div_ft2.85' class="popup_window">
        <div style='text-align: right; color:red;cursor:pointer'>
        <a onfocus='this.blur();' onclick="document.getElementById('div_ft2.85').style.display = 'none' " >
           [x]</a>
        </div>
        <pre>
        
ft2.85: Traceback (most recent call last):
  File "/Users/xiaozixi/Desktop/自动化测试/iPad-AutoTest/Function/wode.py", line 507, in test_085
    self.MyPage.click_ele(MyPage.chain61)
  File "/Users/xiaozixi/Desktop/自动化测试/iPad-AutoTest/page/BasePage.py", line 26, in click_ele
    self.find_ele(loc).click()
  File "/Users/xiaozixi/Desktop/自动化测试/iPad-AutoTest/page/BasePage.py", line 20, in find_ele
    return self.driver.find_element_by_ios_class_chain(loc)
  File "/usr/local/lib/python3.9/site-packages/appium/webdriver/extensions/search_context/ios.py", line 103, in find_element_by_ios_class_chain
    return self.find_element(by=MobileBy.IOS_CLASS_CHAIN, value=class_chain_string)
  File "/usr/local/lib/python3.9/site-packages/appium/webdriver/webdriver.py", line 282, in find_element
    return self.execute(RemoteCommand.FIND_ELEMENT, {'using': by, 'value': value})['value']
  File "/usr/local/lib/python3.9/site-packages/selenium/webdriver/remote/webdriver.py", line 321, in execute
    self.error_handler.check_response(response)
  File "/usr/local/lib/python3.9/site-packages/appium/webdriver/errorhandler.py", line 31, in check_response
    raise wde
  File "/usr/local/lib/python3.9/site-packages/appium/webdriver/errorhandler.py", line 26, in check_response
    super().check_response(response)
  File "/usr/local/lib/python3.9/site-packages/selenium/webdriver/remote/errorhandler.py", line 242, in check_response
    raise exception_class(message, screen, stacktrace)
selenium.common.exceptions.NoSuchElementException: Message: An element could not be located on the page using the given search parameters.



        </pre>
    </div>
    <!--css div popup end-->

    </td>
</tr>

<tr id='ft2.86' class='none'>
    <td class='errorCase'><div class='testcase'>test_086</div></td>
    <td colspan='5' align='center'>

    <!--css div popup start-->
    <a class="popup_link" onfocus='this.blur();' href="javascript:showTestDetail('div_ft2.86')" >
        error</a>

    <div id='div_ft2.86' class="popup_window">
        <div style='text-align: right; color:red;cursor:pointer'>
        <a onfocus='this.blur();' onclick="document.getElementById('div_ft2.86').style.display = 'none' " >
           [x]</a>
        </div>
        <pre>
        
ft2.86: Traceback (most recent call last):
  File "/Users/xiaozixi/Desktop/自动化测试/iPad-AutoTest/Function/wode.py", line 514, in test_086
    str = self.MyPage.find_ele(MyPage.chain62).get_attribute('label')
  File "/Users/xiaozixi/Desktop/自动化测试/iPad-AutoTest/page/BasePage.py", line 20, in find_ele
    return self.driver.find_element_by_ios_class_chain(loc)
  File "/usr/local/lib/python3.9/site-packages/appium/webdriver/extensions/search_context/ios.py", line 103, in find_element_by_ios_class_chain
    return self.find_element(by=MobileBy.IOS_CLASS_CHAIN, value=class_chain_string)
  File "/usr/local/lib/python3.9/site-packages/appium/webdriver/webdriver.py", line 282, in find_element
    return self.execute(RemoteCommand.FIND_ELEMENT, {'using': by, 'value': value})['value']
  File "/usr/local/lib/python3.9/site-packages/selenium/webdriver/remote/webdriver.py", line 321, in execute
    self.error_handler.check_response(response)
  File "/usr/local/lib/python3.9/site-packages/appium/webdriver/errorhandler.py", line 31, in check_response
    raise wde
  File "/usr/local/lib/python3.9/site-packages/appium/webdriver/errorhandler.py", line 26, in check_response
    super().check_response(response)
  File "/usr/local/lib/python3.9/site-packages/selenium/webdriver/remote/errorhandler.py", line 242, in check_response
    raise exception_class(message, screen, stacktrace)
selenium.common.exceptions.NoSuchElementException: Message: An element could not be located on the page using the given search parameters.



        </pre>
    </div>
    <!--css div popup end-->

    </td>
</tr>

<tr id='ft2.87' class='none'>
    <td class='errorCase'><div class='testcase'>test_087</div></td>
    <td colspan='5' align='center'>

    <!--css div popup start-->
    <a class="popup_link" onfocus='this.blur();' href="javascript:showTestDetail('div_ft2.87')" >
        error</a>

    <div id='div_ft2.87' class="popup_window">
        <div style='text-align: right; color:red;cursor:pointer'>
        <a onfocus='this.blur();' onclick="document.getElementById('div_ft2.87').style.display = 'none' " >
           [x]</a>
        </div>
        <pre>
        
ft2.87: Traceback (most recent call last):
  File "/Users/xiaozixi/Desktop/自动化测试/iPad-AutoTest/Function/wode.py", line 520, in test_087
    str = self.MyPage.find_ele(MyPage.chain63).get_attribute('value')
  File "/Users/xiaozixi/Desktop/自动化测试/iPad-AutoTest/page/BasePage.py", line 20, in find_ele
    return self.driver.find_element_by_ios_class_chain(loc)
  File "/usr/local/lib/python3.9/site-packages/appium/webdriver/extensions/search_context/ios.py", line 103, in find_element_by_ios_class_chain
    return self.find_element(by=MobileBy.IOS_CLASS_CHAIN, value=class_chain_string)
  File "/usr/local/lib/python3.9/site-packages/appium/webdriver/webdriver.py", line 282, in find_element
    return self.execute(RemoteCommand.FIND_ELEMENT, {'using': by, 'value': value})['value']
  File "/usr/local/lib/python3.9/site-packages/selenium/webdriver/remote/webdriver.py", line 321, in execute
    self.error_handler.check_response(response)
  File "/usr/local/lib/python3.9/site-packages/appium/webdriver/errorhandler.py", line 31, in check_response
    raise wde
  File "/usr/local/lib/python3.9/site-packages/appium/webdriver/errorhandler.py", line 26, in check_response
    super().check_response(response)
  File "/usr/local/lib/python3.9/site-packages/selenium/webdriver/remote/errorhandler.py", line 242, in check_response
    raise exception_class(message, screen, stacktrace)
selenium.common.exceptions.NoSuchElementException: Message: An element could not be located on the page using the given search parameters.



        </pre>
    </div>
    <!--css div popup end-->

    </td>
</tr>

<tr id='ft2.88' class='none'>
    <td class='errorCase'><div class='testcase'>test_088</div></td>
    <td colspan='5' align='center'>

    <!--css div popup start-->
    <a class="popup_link" onfocus='this.blur();' href="javascript:showTestDetail('div_ft2.88')" >
        error</a>

    <div id='div_ft2.88' class="popup_window">
        <div style='text-align: right; color:red;cursor:pointer'>
        <a onfocus='this.blur();' onclick="document.getElementById('div_ft2.88').style.display = 'none' " >
           [x]</a>
        </div>
        <pre>
        
ft2.88: Traceback (most recent call last):
  File "/Users/xiaozixi/Desktop/自动化测试/iPad-AutoTest/Function/wode.py", line 525, in test_088
    self.MyPage.click_ele(MyPage.chain63)
  File "/Users/xiaozixi/Desktop/自动化测试/iPad-AutoTest/page/BasePage.py", line 26, in click_ele
    self.find_ele(loc).click()
  File "/Users/xiaozixi/Desktop/自动化测试/iPad-AutoTest/page/BasePage.py", line 20, in find_ele
    return self.driver.find_element_by_ios_class_chain(loc)
  File "/usr/local/lib/python3.9/site-packages/appium/webdriver/extensions/search_context/ios.py", line 103, in find_element_by_ios_class_chain
    return self.find_element(by=MobileBy.IOS_CLASS_CHAIN, value=class_chain_string)
  File "/usr/local/lib/python3.9/site-packages/appium/webdriver/webdriver.py", line 282, in find_element
    return self.execute(RemoteCommand.FIND_ELEMENT, {'using': by, 'value': value})['value']
  File "/usr/local/lib/python3.9/site-packages/selenium/webdriver/remote/webdriver.py", line 321, in execute
    self.error_handler.check_response(response)
  File "/usr/local/lib/python3.9/site-packages/appium/webdriver/errorhandler.py", line 31, in check_response
    raise wde
  File "/usr/local/lib/python3.9/site-packages/appium/webdriver/errorhandler.py", line 26, in check_response
    super().check_response(response)
  File "/usr/local/lib/python3.9/site-packages/selenium/webdriver/remote/errorhandler.py", line 242, in check_response
    raise exception_class(message, screen, stacktrace)
selenium.common.exceptions.NoSuchElementException: Message: An element could not be located on the page using the given search parameters.



        </pre>
    </div>
    <!--css div popup end-->

    </td>
</tr>

<tr id='ft2.89' class='none'>
    <td class='errorCase'><div class='testcase'>test_089</div></td>
    <td colspan='5' align='center'>

    <!--css div popup start-->
    <a class="popup_link" onfocus='this.blur();' href="javascript:showTestDetail('div_ft2.89')" >
        error</a>

    <div id='div_ft2.89' class="popup_window">
        <div style='text-align: right; color:red;cursor:pointer'>
        <a onfocus='this.blur();' onclick="document.getElementById('div_ft2.89').style.display = 'none' " >
           [x]</a>
        </div>
        <pre>
        
ft2.89: Traceback (most recent call last):
  File "/Users/xiaozixi/Desktop/自动化测试/iPad-AutoTest/Function/wode.py", line 531, in test_089
    self.MyPage.click_ele(MyPage.chain63)
  File "/Users/xiaozixi/Desktop/自动化测试/iPad-AutoTest/page/BasePage.py", line 26, in click_ele
    self.find_ele(loc).click()
  File "/Users/xiaozixi/Desktop/自动化测试/iPad-AutoTest/page/BasePage.py", line 20, in find_ele
    return self.driver.find_element_by_ios_class_chain(loc)
  File "/usr/local/lib/python3.9/site-packages/appium/webdriver/extensions/search_context/ios.py", line 103, in find_element_by_ios_class_chain
    return self.find_element(by=MobileBy.IOS_CLASS_CHAIN, value=class_chain_string)
  File "/usr/local/lib/python3.9/site-packages/appium/webdriver/webdriver.py", line 282, in find_element
    return self.execute(RemoteCommand.FIND_ELEMENT, {'using': by, 'value': value})['value']
  File "/usr/local/lib/python3.9/site-packages/selenium/webdriver/remote/webdriver.py", line 321, in execute
    self.error_handler.check_response(response)
  File "/usr/local/lib/python3.9/site-packages/appium/webdriver/errorhandler.py", line 31, in check_response
    raise wde
  File "/usr/local/lib/python3.9/site-packages/appium/webdriver/errorhandler.py", line 26, in check_response
    super().check_response(response)
  File "/usr/local/lib/python3.9/site-packages/selenium/webdriver/remote/errorhandler.py", line 242, in check_response
    raise exception_class(message, screen, stacktrace)
selenium.common.exceptions.NoSuchElementException: Message: An element could not be located on the page using the given search parameters.



        </pre>
    </div>
    <!--css div popup end-->

    </td>
</tr>

<tr id='ft2.90' class='none'>
    <td class='errorCase'><div class='testcase'>test_090</div></td>
    <td colspan='5' align='center'>

    <!--css div popup start-->
    <a class="popup_link" onfocus='this.blur();' href="javascript:showTestDetail('div_ft2.90')" >
        error</a>

    <div id='div_ft2.90' class="popup_window">
        <div style='text-align: right; color:red;cursor:pointer'>
        <a onfocus='this.blur();' onclick="document.getElementById('div_ft2.90').style.display = 'none' " >
           [x]</a>
        </div>
        <pre>
        
ft2.90: Traceback (most recent call last):
  File "/Users/xiaozixi/Desktop/自动化测试/iPad-AutoTest/Function/wode.py", line 537, in test_090
    str = self.MyPage.find_ele(MyPage.chain64).get_attribute('label')
  File "/Users/xiaozixi/Desktop/自动化测试/iPad-AutoTest/page/BasePage.py", line 20, in find_ele
    return self.driver.find_element_by_ios_class_chain(loc)
  File "/usr/local/lib/python3.9/site-packages/appium/webdriver/extensions/search_context/ios.py", line 103, in find_element_by_ios_class_chain
    return self.find_element(by=MobileBy.IOS_CLASS_CHAIN, value=class_chain_string)
  File "/usr/local/lib/python3.9/site-packages/appium/webdriver/webdriver.py", line 282, in find_element
    return self.execute(RemoteCommand.FIND_ELEMENT, {'using': by, 'value': value})['value']
  File "/usr/local/lib/python3.9/site-packages/selenium/webdriver/remote/webdriver.py", line 321, in execute
    self.error_handler.check_response(response)
  File "/usr/local/lib/python3.9/site-packages/appium/webdriver/errorhandler.py", line 31, in check_response
    raise wde
  File "/usr/local/lib/python3.9/site-packages/appium/webdriver/errorhandler.py", line 26, in check_response
    super().check_response(response)
  File "/usr/local/lib/python3.9/site-packages/selenium/webdriver/remote/errorhandler.py", line 242, in check_response
    raise exception_class(message, screen, stacktrace)
selenium.common.exceptions.NoSuchElementException: Message: An element could not be located on the page using the given search parameters.



        </pre>
    </div>
    <!--css div popup end-->

    </td>
</tr>

<tr id='ft2.91' class='none'>
    <td class='errorCase'><div class='testcase'>test_091</div></td>
    <td colspan='5' align='center'>

    <!--css div popup start-->
    <a class="popup_link" onfocus='this.blur();' href="javascript:showTestDetail('div_ft2.91')" >
        error</a>

    <div id='div_ft2.91' class="popup_window">
        <div style='text-align: right; color:red;cursor:pointer'>
        <a onfocus='this.blur();' onclick="document.getElementById('div_ft2.91').style.display = 'none' " >
           [x]</a>
        </div>
        <pre>
        
ft2.91: Traceback (most recent call last):
  File "/Users/xiaozixi/Desktop/自动化测试/iPad-AutoTest/Function/wode.py", line 542, in test_091
    str = self.MyPage.find_ele(MyPage.chain65).get_attribute('value')
  File "/Users/xiaozixi/Desktop/自动化测试/iPad-AutoTest/page/BasePage.py", line 20, in find_ele
    return self.driver.find_element_by_ios_class_chain(loc)
  File "/usr/local/lib/python3.9/site-packages/appium/webdriver/extensions/search_context/ios.py", line 103, in find_element_by_ios_class_chain
    return self.find_element(by=MobileBy.IOS_CLASS_CHAIN, value=class_chain_string)
  File "/usr/local/lib/python3.9/site-packages/appium/webdriver/webdriver.py", line 282, in find_element
    return self.execute(RemoteCommand.FIND_ELEMENT, {'using': by, 'value': value})['value']
  File "/usr/local/lib/python3.9/site-packages/selenium/webdriver/remote/webdriver.py", line 321, in execute
    self.error_handler.check_response(response)
  File "/usr/local/lib/python3.9/site-packages/appium/webdriver/errorhandler.py", line 31, in check_response
    raise wde
  File "/usr/local/lib/python3.9/site-packages/appium/webdriver/errorhandler.py", line 26, in check_response
    super().check_response(response)
  File "/usr/local/lib/python3.9/site-packages/selenium/webdriver/remote/errorhandler.py", line 242, in check_response
    raise exception_class(message, screen, stacktrace)
selenium.common.exceptions.NoSuchElementException: Message: An element could not be located on the page using the given search parameters.



        </pre>
    </div>
    <!--css div popup end-->

    </td>
</tr>

<tr id='ft2.92' class='none'>
    <td class='errorCase'><div class='testcase'>test_092</div></td>
    <td colspan='5' align='center'>

    <!--css div popup start-->
    <a class="popup_link" onfocus='this.blur();' href="javascript:showTestDetail('div_ft2.92')" >
        error</a>

    <div id='div_ft2.92' class="popup_window">
        <div style='text-align: right; color:red;cursor:pointer'>
        <a onfocus='this.blur();' onclick="document.getElementById('div_ft2.92').style.display = 'none' " >
           [x]</a>
        </div>
        <pre>
        
ft2.92: Traceback (most recent call last):
  File "/Users/xiaozixi/Desktop/自动化测试/iPad-AutoTest/Function/wode.py", line 547, in test_092
    self.MyPage.click_ele(MyPage.chain65)
  File "/Users/xiaozixi/Desktop/自动化测试/iPad-AutoTest/page/BasePage.py", line 26, in click_ele
    self.find_ele(loc).click()
  File "/Users/xiaozixi/Desktop/自动化测试/iPad-AutoTest/page/BasePage.py", line 20, in find_ele
    return self.driver.find_element_by_ios_class_chain(loc)
  File "/usr/local/lib/python3.9/site-packages/appium/webdriver/extensions/search_context/ios.py", line 103, in find_element_by_ios_class_chain
    return self.find_element(by=MobileBy.IOS_CLASS_CHAIN, value=class_chain_string)
  File "/usr/local/lib/python3.9/site-packages/appium/webdriver/webdriver.py", line 282, in find_element
    return self.execute(RemoteCommand.FIND_ELEMENT, {'using': by, 'value': value})['value']
  File "/usr/local/lib/python3.9/site-packages/selenium/webdriver/remote/webdriver.py", line 321, in execute
    self.error_handler.check_response(response)
  File "/usr/local/lib/python3.9/site-packages/appium/webdriver/errorhandler.py", line 31, in check_response
    raise wde
  File "/usr/local/lib/python3.9/site-packages/appium/webdriver/errorhandler.py", line 26, in check_response
    super().check_response(response)
  File "/usr/local/lib/python3.9/site-packages/selenium/webdriver/remote/errorhandler.py", line 242, in check_response
    raise exception_class(message, screen, stacktrace)
selenium.common.exceptions.NoSuchElementException: Message: An element could not be located on the page using the given search parameters.



        </pre>
    </div>
    <!--css div popup end-->

    </td>
</tr>

<tr id='ft2.93' class='none'>
    <td class='errorCase'><div class='testcase'>test_093</div></td>
    <td colspan='5' align='center'>

    <!--css div popup start-->
    <a class="popup_link" onfocus='this.blur();' href="javascript:showTestDetail('div_ft2.93')" >
        error</a>

    <div id='div_ft2.93' class="popup_window">
        <div style='text-align: right; color:red;cursor:pointer'>
        <a onfocus='this.blur();' onclick="document.getElementById('div_ft2.93').style.display = 'none' " >
           [x]</a>
        </div>
        <pre>
        
ft2.93: Traceback (most recent call last):
  File "/Users/xiaozixi/Desktop/自动化测试/iPad-AutoTest/Function/wode.py", line 553, in test_093
    self.MyPage.click_ele(MyPage.chain65)
  File "/Users/xiaozixi/Desktop/自动化测试/iPad-AutoTest/page/BasePage.py", line 26, in click_ele
    self.find_ele(loc).click()
  File "/Users/xiaozixi/Desktop/自动化测试/iPad-AutoTest/page/BasePage.py", line 20, in find_ele
    return self.driver.find_element_by_ios_class_chain(loc)
  File "/usr/local/lib/python3.9/site-packages/appium/webdriver/extensions/search_context/ios.py", line 103, in find_element_by_ios_class_chain
    return self.find_element(by=MobileBy.IOS_CLASS_CHAIN, value=class_chain_string)
  File "/usr/local/lib/python3.9/site-packages/appium/webdriver/webdriver.py", line 282, in find_element
    return self.execute(RemoteCommand.FIND_ELEMENT, {'using': by, 'value': value})['value']
  File "/usr/local/lib/python3.9/site-packages/selenium/webdriver/remote/webdriver.py", line 321, in execute
    self.error_handler.check_response(response)
  File "/usr/local/lib/python3.9/site-packages/appium/webdriver/errorhandler.py", line 31, in check_response
    raise wde
  File "/usr/local/lib/python3.9/site-packages/appium/webdriver/errorhandler.py", line 26, in check_response
    super().check_response(response)
  File "/usr/local/lib/python3.9/site-packages/selenium/webdriver/remote/errorhandler.py", line 242, in check_response
    raise exception_class(message, screen, stacktrace)
selenium.common.exceptions.NoSuchElementException: Message: An element could not be located on the page using the given search parameters.



        </pre>
    </div>
    <!--css div popup end-->

    </td>
</tr>

<tr id='ft2.94' class='none'>
    <td class='errorCase'><div class='testcase'>test_094</div></td>
    <td colspan='5' align='center'>

    <!--css div popup start-->
    <a class="popup_link" onfocus='this.blur();' href="javascript:showTestDetail('div_ft2.94')" >
        error</a>

    <div id='div_ft2.94' class="popup_window">
        <div style='text-align: right; color:red;cursor:pointer'>
        <a onfocus='this.blur();' onclick="document.getElementById('div_ft2.94').style.display = 'none' " >
           [x]</a>
        </div>
        <pre>
        
ft2.94: Traceback (most recent call last):
  File "/Users/xiaozixi/Desktop/自动化测试/iPad-AutoTest/Function/wode.py", line 559, in test_094
    str = self.MyPage.find_ele(MyPage.chain66).get_attribute('label')
  File "/Users/xiaozixi/Desktop/自动化测试/iPad-AutoTest/page/BasePage.py", line 20, in find_ele
    return self.driver.find_element_by_ios_class_chain(loc)
  File "/usr/local/lib/python3.9/site-packages/appium/webdriver/extensions/search_context/ios.py", line 103, in find_element_by_ios_class_chain
    return self.find_element(by=MobileBy.IOS_CLASS_CHAIN, value=class_chain_string)
  File "/usr/local/lib/python3.9/site-packages/appium/webdriver/webdriver.py", line 282, in find_element
    return self.execute(RemoteCommand.FIND_ELEMENT, {'using': by, 'value': value})['value']
  File "/usr/local/lib/python3.9/site-packages/selenium/webdriver/remote/webdriver.py", line 321, in execute
    self.error_handler.check_response(response)
  File "/usr/local/lib/python3.9/site-packages/appium/webdriver/errorhandler.py", line 31, in check_response
    raise wde
  File "/usr/local/lib/python3.9/site-packages/appium/webdriver/errorhandler.py", line 26, in check_response
    super().check_response(response)
  File "/usr/local/lib/python3.9/site-packages/selenium/webdriver/remote/errorhandler.py", line 242, in check_response
    raise exception_class(message, screen, stacktrace)
selenium.common.exceptions.NoSuchElementException: Message: An element could not be located on the page using the given search parameters.



        </pre>
    </div>
    <!--css div popup end-->

    </td>
</tr>

<tr id='ft2.95' class='none'>
    <td class='errorCase'><div class='testcase'>test_095</div></td>
    <td colspan='5' align='center'>

    <!--css div popup start-->
    <a class="popup_link" onfocus='this.blur();' href="javascript:showTestDetail('div_ft2.95')" >
        error</a>

    <div id='div_ft2.95' class="popup_window">
        <div style='text-align: right; color:red;cursor:pointer'>
        <a onfocus='this.blur();' onclick="document.getElementById('div_ft2.95').style.display = 'none' " >
           [x]</a>
        </div>
        <pre>
        
ft2.95: Traceback (most recent call last):
  File "/Users/xiaozixi/Desktop/自动化测试/iPad-AutoTest/Function/wode.py", line 564, in test_095
    self.MyPage.click_ele(MyPage.chain66)
  File "/Users/xiaozixi/Desktop/自动化测试/iPad-AutoTest/page/BasePage.py", line 26, in click_ele
    self.find_ele(loc).click()
  File "/Users/xiaozixi/Desktop/自动化测试/iPad-AutoTest/page/BasePage.py", line 20, in find_ele
    return self.driver.find_element_by_ios_class_chain(loc)
  File "/usr/local/lib/python3.9/site-packages/appium/webdriver/extensions/search_context/ios.py", line 103, in find_element_by_ios_class_chain
    return self.find_element(by=MobileBy.IOS_CLASS_CHAIN, value=class_chain_string)
  File "/usr/local/lib/python3.9/site-packages/appium/webdriver/webdriver.py", line 282, in find_element
    return self.execute(RemoteCommand.FIND_ELEMENT, {'using': by, 'value': value})['value']
  File "/usr/local/lib/python3.9/site-packages/selenium/webdriver/remote/webdriver.py", line 321, in execute
    self.error_handler.check_response(response)
  File "/usr/local/lib/python3.9/site-packages/appium/webdriver/errorhandler.py", line 31, in check_response
    raise wde
  File "/usr/local/lib/python3.9/site-packages/appium/webdriver/errorhandler.py", line 26, in check_response
    super().check_response(response)
  File "/usr/local/lib/python3.9/site-packages/selenium/webdriver/remote/errorhandler.py", line 242, in check_response
    raise exception_class(message, screen, stacktrace)
selenium.common.exceptions.NoSuchElementException: Message: An element could not be located on the page using the given search parameters.



        </pre>
    </div>
    <!--css div popup end-->

    </td>
</tr>

<tr id='ft2.96' class='none'>
    <td class='errorCase'><div class='testcase'>test_096</div></td>
    <td colspan='5' align='center'>

    <!--css div popup start-->
    <a class="popup_link" onfocus='this.blur();' href="javascript:showTestDetail('div_ft2.96')" >
        error</a>

    <div id='div_ft2.96' class="popup_window">
        <div style='text-align: right; color:red;cursor:pointer'>
        <a onfocus='this.blur();' onclick="document.getElementById('div_ft2.96').style.display = 'none' " >
           [x]</a>
        </div>
        <pre>
        
ft2.96: Traceback (most recent call last):
  File "/Users/xiaozixi/Desktop/自动化测试/iPad-AutoTest/Function/wode.py", line 570, in test_096
    self.MyPage.click_ele(MyPage.back)
  File "/Users/xiaozixi/Desktop/自动化测试/iPad-AutoTest/page/BasePage.py", line 26, in click_ele
    self.find_ele(loc).click()
  File "/Users/xiaozixi/Desktop/自动化测试/iPad-AutoTest/page/BasePage.py", line 20, in find_ele
    return self.driver.find_element_by_ios_class_chain(loc)
  File "/usr/local/lib/python3.9/site-packages/appium/webdriver/extensions/search_context/ios.py", line 103, in find_element_by_ios_class_chain
    return self.find_element(by=MobileBy.IOS_CLASS_CHAIN, value=class_chain_string)
  File "/usr/local/lib/python3.9/site-packages/appium/webdriver/webdriver.py", line 282, in find_element
    return self.execute(RemoteCommand.FIND_ELEMENT, {'using': by, 'value': value})['value']
  File "/usr/local/lib/python3.9/site-packages/selenium/webdriver/remote/webdriver.py", line 321, in execute
    self.error_handler.check_response(response)
  File "/usr/local/lib/python3.9/site-packages/appium/webdriver/errorhandler.py", line 31, in check_response
    raise wde
  File "/usr/local/lib/python3.9/site-packages/appium/webdriver/errorhandler.py", line 26, in check_response
    super().check_response(response)
  File "/usr/local/lib/python3.9/site-packages/selenium/webdriver/remote/errorhandler.py", line 242, in check_response
    raise exception_class(message, screen, stacktrace)
selenium.common.exceptions.NoSuchElementException: Message: An element could not be located on the page using the given search parameters.



        </pre>
    </div>
    <!--css div popup end-->

    </td>
</tr>

<tr id='ft2.97' class='none'>
    <td class='errorCase'><div class='testcase'>test_097</div></td>
    <td colspan='5' align='center'>

    <!--css div popup start-->
    <a class="popup_link" onfocus='this.blur();' href="javascript:showTestDetail('div_ft2.97')" >
        error</a>

    <div id='div_ft2.97' class="popup_window">
        <div style='text-align: right; color:red;cursor:pointer'>
        <a onfocus='this.blur();' onclick="document.getElementById('div_ft2.97').style.display = 'none' " >
           [x]</a>
        </div>
        <pre>
        
ft2.97: Traceback (most recent call last):
  File "/Users/xiaozixi/Desktop/自动化测试/iPad-AutoTest/Function/wode.py", line 577, in test_097
    str = self.MyPage.find_ele(MyPage.chain67).get_attribute('label')
  File "/Users/xiaozixi/Desktop/自动化测试/iPad-AutoTest/page/BasePage.py", line 20, in find_ele
    return self.driver.find_element_by_ios_class_chain(loc)
  File "/usr/local/lib/python3.9/site-packages/appium/webdriver/extensions/search_context/ios.py", line 103, in find_element_by_ios_class_chain
    return self.find_element(by=MobileBy.IOS_CLASS_CHAIN, value=class_chain_string)
  File "/usr/local/lib/python3.9/site-packages/appium/webdriver/webdriver.py", line 282, in find_element
    return self.execute(RemoteCommand.FIND_ELEMENT, {'using': by, 'value': value})['value']
  File "/usr/local/lib/python3.9/site-packages/selenium/webdriver/remote/webdriver.py", line 321, in execute
    self.error_handler.check_response(response)
  File "/usr/local/lib/python3.9/site-packages/appium/webdriver/errorhandler.py", line 31, in check_response
    raise wde
  File "/usr/local/lib/python3.9/site-packages/appium/webdriver/errorhandler.py", line 26, in check_response
    super().check_response(response)
  File "/usr/local/lib/python3.9/site-packages/selenium/webdriver/remote/errorhandler.py", line 242, in check_response
    raise exception_class(message, screen, stacktrace)
selenium.common.exceptions.NoSuchElementException: Message: An element could not be located on the page using the given search parameters.



        </pre>
    </div>
    <!--css div popup end-->

    </td>
</tr>

<tr id='ft2.98' class='none'>
    <td class='errorCase'><div class='testcase'>test_098</div></td>
    <td colspan='5' align='center'>

    <!--css div popup start-->
    <a class="popup_link" onfocus='this.blur();' href="javascript:showTestDetail('div_ft2.98')" >
        error</a>

    <div id='div_ft2.98' class="popup_window">
        <div style='text-align: right; color:red;cursor:pointer'>
        <a onfocus='this.blur();' onclick="document.getElementById('div_ft2.98').style.display = 'none' " >
           [x]</a>
        </div>
        <pre>
        
ft2.98: Traceback (most recent call last):
  File "/Users/xiaozixi/Desktop/自动化测试/iPad-AutoTest/Function/wode.py", line 582, in test_098
    self.MyPage.click_ele(MyPage.chain67)
  File "/Users/xiaozixi/Desktop/自动化测试/iPad-AutoTest/page/BasePage.py", line 26, in click_ele
    self.find_ele(loc).click()
  File "/Users/xiaozixi/Desktop/自动化测试/iPad-AutoTest/page/BasePage.py", line 20, in find_ele
    return self.driver.find_element_by_ios_class_chain(loc)
  File "/usr/local/lib/python3.9/site-packages/appium/webdriver/extensions/search_context/ios.py", line 103, in find_element_by_ios_class_chain
    return self.find_element(by=MobileBy.IOS_CLASS_CHAIN, value=class_chain_string)
  File "/usr/local/lib/python3.9/site-packages/appium/webdriver/webdriver.py", line 282, in find_element
    return self.execute(RemoteCommand.FIND_ELEMENT, {'using': by, 'value': value})['value']
  File "/usr/local/lib/python3.9/site-packages/selenium/webdriver/remote/webdriver.py", line 321, in execute
    self.error_handler.check_response(response)
  File "/usr/local/lib/python3.9/site-packages/appium/webdriver/errorhandler.py", line 31, in check_response
    raise wde
  File "/usr/local/lib/python3.9/site-packages/appium/webdriver/errorhandler.py", line 26, in check_response
    super().check_response(response)
  File "/usr/local/lib/python3.9/site-packages/selenium/webdriver/remote/errorhandler.py", line 242, in check_response
    raise exception_class(message, screen, stacktrace)
selenium.common.exceptions.NoSuchElementException: Message: An element could not be located on the page using the given search parameters.



        </pre>
    </div>
    <!--css div popup end-->

    </td>
</tr>

<tr id='ft2.99' class='none'>
    <td class='errorCase'><div class='testcase'>test_099</div></td>
    <td colspan='5' align='center'>

    <!--css div popup start-->
    <a class="popup_link" onfocus='this.blur();' href="javascript:showTestDetail('div_ft2.99')" >
        error</a>

    <div id='div_ft2.99' class="popup_window">
        <div style='text-align: right; color:red;cursor:pointer'>
        <a onfocus='this.blur();' onclick="document.getElementById('div_ft2.99').style.display = 'none' " >
           [x]</a>
        </div>
        <pre>
        
ft2.99: Traceback (most recent call last):
  File "/Users/xiaozixi/Desktop/自动化测试/iPad-AutoTest/Function/wode.py", line 588, in test_099
    str = self.MyPage.find_ele(MyPage.chain87).get_attribute('label')
  File "/Users/xiaozixi/Desktop/自动化测试/iPad-AutoTest/page/BasePage.py", line 20, in find_ele
    return self.driver.find_element_by_ios_class_chain(loc)
  File "/usr/local/lib/python3.9/site-packages/appium/webdriver/extensions/search_context/ios.py", line 103, in find_element_by_ios_class_chain
    return self.find_element(by=MobileBy.IOS_CLASS_CHAIN, value=class_chain_string)
  File "/usr/local/lib/python3.9/site-packages/appium/webdriver/webdriver.py", line 282, in find_element
    return self.execute(RemoteCommand.FIND_ELEMENT, {'using': by, 'value': value})['value']
  File "/usr/local/lib/python3.9/site-packages/selenium/webdriver/remote/webdriver.py", line 321, in execute
    self.error_handler.check_response(response)
  File "/usr/local/lib/python3.9/site-packages/appium/webdriver/errorhandler.py", line 31, in check_response
    raise wde
  File "/usr/local/lib/python3.9/site-packages/appium/webdriver/errorhandler.py", line 26, in check_response
    super().check_response(response)
  File "/usr/local/lib/python3.9/site-packages/selenium/webdriver/remote/errorhandler.py", line 242, in check_response
    raise exception_class(message, screen, stacktrace)
selenium.common.exceptions.NoSuchElementException: Message: An element could not be located on the page using the given search parameters.



        </pre>
    </div>
    <!--css div popup end-->

    </td>
</tr>

<tr id='ft2.100' class='none'>
    <td class='errorCase'><div class='testcase'>test_100</div></td>
    <td colspan='5' align='center'>

    <!--css div popup start-->
    <a class="popup_link" onfocus='this.blur();' href="javascript:showTestDetail('div_ft2.100')" >
        error</a>

    <div id='div_ft2.100' class="popup_window">
        <div style='text-align: right; color:red;cursor:pointer'>
        <a onfocus='this.blur();' onclick="document.getElementById('div_ft2.100').style.display = 'none' " >
           [x]</a>
        </div>
        <pre>
        
ft2.100: Traceback (most recent call last):
  File "/Users/xiaozixi/Desktop/自动化测试/iPad-AutoTest/Function/wode.py", line 600, in test_100
    self.MyPage.click_ele(MyPage.chain87)
  File "/Users/xiaozixi/Desktop/自动化测试/iPad-AutoTest/page/BasePage.py", line 26, in click_ele
    self.find_ele(loc).click()
  File "/Users/xiaozixi/Desktop/自动化测试/iPad-AutoTest/page/BasePage.py", line 20, in find_ele
    return self.driver.find_element_by_ios_class_chain(loc)
  File "/usr/local/lib/python3.9/site-packages/appium/webdriver/extensions/search_context/ios.py", line 103, in find_element_by_ios_class_chain
    return self.find_element(by=MobileBy.IOS_CLASS_CHAIN, value=class_chain_string)
  File "/usr/local/lib/python3.9/site-packages/appium/webdriver/webdriver.py", line 282, in find_element
    return self.execute(RemoteCommand.FIND_ELEMENT, {'using': by, 'value': value})['value']
  File "/usr/local/lib/python3.9/site-packages/selenium/webdriver/remote/webdriver.py", line 321, in execute
    self.error_handler.check_response(response)
  File "/usr/local/lib/python3.9/site-packages/appium/webdriver/errorhandler.py", line 31, in check_response
    raise wde
  File "/usr/local/lib/python3.9/site-packages/appium/webdriver/errorhandler.py", line 26, in check_response
    super().check_response(response)
  File "/usr/local/lib/python3.9/site-packages/selenium/webdriver/remote/errorhandler.py", line 242, in check_response
    raise exception_class(message, screen, stacktrace)
selenium.common.exceptions.NoSuchElementException: Message: An element could not be located on the page using the given search parameters.



        </pre>
    </div>
    <!--css div popup end-->

    </td>
</tr>

<tr id='ft2.101' class='none'>
    <td class='errorCase'><div class='testcase'>test_101</div></td>
    <td colspan='5' align='center'>

    <!--css div popup start-->
    <a class="popup_link" onfocus='this.blur();' href="javascript:showTestDetail('div_ft2.101')" >
        error</a>

    <div id='div_ft2.101' class="popup_window">
        <div style='text-align: right; color:red;cursor:pointer'>
        <a onfocus='this.blur();' onclick="document.getElementById('div_ft2.101').style.display = 'none' " >
           [x]</a>
        </div>
        <pre>
        
ft2.101: Traceback (most recent call last):
  File "/Users/xiaozixi/Desktop/自动化测试/iPad-AutoTest/Function/wode.py", line 606, in test_101
    self.MyPage.click_ele(MyPage.back)
  File "/Users/xiaozixi/Desktop/自动化测试/iPad-AutoTest/page/BasePage.py", line 26, in click_ele
    self.find_ele(loc).click()
  File "/Users/xiaozixi/Desktop/自动化测试/iPad-AutoTest/page/BasePage.py", line 20, in find_ele
    return self.driver.find_element_by_ios_class_chain(loc)
  File "/usr/local/lib/python3.9/site-packages/appium/webdriver/extensions/search_context/ios.py", line 103, in find_element_by_ios_class_chain
    return self.find_element(by=MobileBy.IOS_CLASS_CHAIN, value=class_chain_string)
  File "/usr/local/lib/python3.9/site-packages/appium/webdriver/webdriver.py", line 282, in find_element
    return self.execute(RemoteCommand.FIND_ELEMENT, {'using': by, 'value': value})['value']
  File "/usr/local/lib/python3.9/site-packages/selenium/webdriver/remote/webdriver.py", line 321, in execute
    self.error_handler.check_response(response)
  File "/usr/local/lib/python3.9/site-packages/appium/webdriver/errorhandler.py", line 31, in check_response
    raise wde
  File "/usr/local/lib/python3.9/site-packages/appium/webdriver/errorhandler.py", line 26, in check_response
    super().check_response(response)
  File "/usr/local/lib/python3.9/site-packages/selenium/webdriver/remote/errorhandler.py", line 242, in check_response
    raise exception_class(message, screen, stacktrace)
selenium.common.exceptions.NoSuchElementException: Message: An element could not be located on the page using the given search parameters.



        </pre>
    </div>
    <!--css div popup end-->

    </td>
</tr>

<tr id='ft2.102' class='none'>
    <td class='errorCase'><div class='testcase'>test_102</div></td>
    <td colspan='5' align='center'>

    <!--css div popup start-->
    <a class="popup_link" onfocus='this.blur();' href="javascript:showTestDetail('div_ft2.102')" >
        error</a>

    <div id='div_ft2.102' class="popup_window">
        <div style='text-align: right; color:red;cursor:pointer'>
        <a onfocus='this.blur();' onclick="document.getElementById('div_ft2.102').style.display = 'none' " >
           [x]</a>
        </div>
        <pre>
        
ft2.102: Traceback (most recent call last):
  File "/Users/xiaozixi/Desktop/自动化测试/iPad-AutoTest/Function/wode.py", line 612, in test_102
    self.MyPage.click_ele(MyPage.chain88)
  File "/Users/xiaozixi/Desktop/自动化测试/iPad-AutoTest/page/BasePage.py", line 26, in click_ele
    self.find_ele(loc).click()
  File "/Users/xiaozixi/Desktop/自动化测试/iPad-AutoTest/page/BasePage.py", line 20, in find_ele
    return self.driver.find_element_by_ios_class_chain(loc)
  File "/usr/local/lib/python3.9/site-packages/appium/webdriver/extensions/search_context/ios.py", line 103, in find_element_by_ios_class_chain
    return self.find_element(by=MobileBy.IOS_CLASS_CHAIN, value=class_chain_string)
  File "/usr/local/lib/python3.9/site-packages/appium/webdriver/webdriver.py", line 282, in find_element
    return self.execute(RemoteCommand.FIND_ELEMENT, {'using': by, 'value': value})['value']
  File "/usr/local/lib/python3.9/site-packages/selenium/webdriver/remote/webdriver.py", line 321, in execute
    self.error_handler.check_response(response)
  File "/usr/local/lib/python3.9/site-packages/appium/webdriver/errorhandler.py", line 31, in check_response
    raise wde
  File "/usr/local/lib/python3.9/site-packages/appium/webdriver/errorhandler.py", line 26, in check_response
    super().check_response(response)
  File "/usr/local/lib/python3.9/site-packages/selenium/webdriver/remote/errorhandler.py", line 242, in check_response
    raise exception_class(message, screen, stacktrace)
selenium.common.exceptions.NoSuchElementException: Message: An element could not be located on the page using the given search parameters.



        </pre>
    </div>
    <!--css div popup end-->

    </td>
</tr>

<tr id='ft2.103' class='none'>
    <td class='errorCase'><div class='testcase'>test_103</div></td>
    <td colspan='5' align='center'>

    <!--css div popup start-->
    <a class="popup_link" onfocus='this.blur();' href="javascript:showTestDetail('div_ft2.103')" >
        error</a>

    <div id='div_ft2.103' class="popup_window">
        <div style='text-align: right; color:red;cursor:pointer'>
        <a onfocus='this.blur();' onclick="document.getElementById('div_ft2.103').style.display = 'none' " >
           [x]</a>
        </div>
        <pre>
        
ft2.103: Traceback (most recent call last):
  File "/Users/xiaozixi/Desktop/自动化测试/iPad-AutoTest/Function/wode.py", line 618, in test_103
    self.MyPage.click_ele(MyPage.back)
  File "/Users/xiaozixi/Desktop/自动化测试/iPad-AutoTest/page/BasePage.py", line 26, in click_ele
    self.find_ele(loc).click()
  File "/Users/xiaozixi/Desktop/自动化测试/iPad-AutoTest/page/BasePage.py", line 20, in find_ele
    return self.driver.find_element_by_ios_class_chain(loc)
  File "/usr/local/lib/python3.9/site-packages/appium/webdriver/extensions/search_context/ios.py", line 103, in find_element_by_ios_class_chain
    return self.find_element(by=MobileBy.IOS_CLASS_CHAIN, value=class_chain_string)
  File "/usr/local/lib/python3.9/site-packages/appium/webdriver/webdriver.py", line 282, in find_element
    return self.execute(RemoteCommand.FIND_ELEMENT, {'using': by, 'value': value})['value']
  File "/usr/local/lib/python3.9/site-packages/selenium/webdriver/remote/webdriver.py", line 321, in execute
    self.error_handler.check_response(response)
  File "/usr/local/lib/python3.9/site-packages/appium/webdriver/errorhandler.py", line 31, in check_response
    raise wde
  File "/usr/local/lib/python3.9/site-packages/appium/webdriver/errorhandler.py", line 26, in check_response
    super().check_response(response)
  File "/usr/local/lib/python3.9/site-packages/selenium/webdriver/remote/errorhandler.py", line 242, in check_response
    raise exception_class(message, screen, stacktrace)
selenium.common.exceptions.NoSuchElementException: Message: An element could not be located on the page using the given search parameters.



        </pre>
    </div>
    <!--css div popup end-->

    </td>
</tr>

<tr id='ft2.104' class='none'>
    <td class='errorCase'><div class='testcase'>test_104</div></td>
    <td colspan='5' align='center'>

    <!--css div popup start-->
    <a class="popup_link" onfocus='this.blur();' href="javascript:showTestDetail('div_ft2.104')" >
        error</a>

    <div id='div_ft2.104' class="popup_window">
        <div style='text-align: right; color:red;cursor:pointer'>
        <a onfocus='this.blur();' onclick="document.getElementById('div_ft2.104').style.display = 'none' " >
           [x]</a>
        </div>
        <pre>
        
ft2.104: Traceback (most recent call last):
  File "/Users/xiaozixi/Desktop/自动化测试/iPad-AutoTest/Function/wode.py", line 624, in test_104
    self.MyPage.click_ele(MyPage.chain89)
  File "/Users/xiaozixi/Desktop/自动化测试/iPad-AutoTest/page/BasePage.py", line 26, in click_ele
    self.find_ele(loc).click()
  File "/Users/xiaozixi/Desktop/自动化测试/iPad-AutoTest/page/BasePage.py", line 20, in find_ele
    return self.driver.find_element_by_ios_class_chain(loc)
  File "/usr/local/lib/python3.9/site-packages/appium/webdriver/extensions/search_context/ios.py", line 103, in find_element_by_ios_class_chain
    return self.find_element(by=MobileBy.IOS_CLASS_CHAIN, value=class_chain_string)
  File "/usr/local/lib/python3.9/site-packages/appium/webdriver/webdriver.py", line 282, in find_element
    return self.execute(RemoteCommand.FIND_ELEMENT, {'using': by, 'value': value})['value']
  File "/usr/local/lib/python3.9/site-packages/selenium/webdriver/remote/webdriver.py", line 321, in execute
    self.error_handler.check_response(response)
  File "/usr/local/lib/python3.9/site-packages/appium/webdriver/errorhandler.py", line 31, in check_response
    raise wde
  File "/usr/local/lib/python3.9/site-packages/appium/webdriver/errorhandler.py", line 26, in check_response
    super().check_response(response)
  File "/usr/local/lib/python3.9/site-packages/selenium/webdriver/remote/errorhandler.py", line 242, in check_response
    raise exception_class(message, screen, stacktrace)
selenium.common.exceptions.NoSuchElementException: Message: An element could not be located on the page using the given search parameters.



        </pre>
    </div>
    <!--css div popup end-->

    </td>
</tr>

<tr id='ft2.105' class='none'>
    <td class='errorCase'><div class='testcase'>test_105</div></td>
    <td colspan='5' align='center'>

    <!--css div popup start-->
    <a class="popup_link" onfocus='this.blur();' href="javascript:showTestDetail('div_ft2.105')" >
        error</a>

    <div id='div_ft2.105' class="popup_window">
        <div style='text-align: right; color:red;cursor:pointer'>
        <a onfocus='this.blur();' onclick="document.getElementById('div_ft2.105').style.display = 'none' " >
           [x]</a>
        </div>
        <pre>
        
ft2.105: Traceback (most recent call last):
  File "/Users/xiaozixi/Desktop/自动化测试/iPad-AutoTest/Function/wode.py", line 630, in test_105
    self.MyPage.click_ele(MyPage.back)
  File "/Users/xiaozixi/Desktop/自动化测试/iPad-AutoTest/page/BasePage.py", line 26, in click_ele
    self.find_ele(loc).click()
  File "/Users/xiaozixi/Desktop/自动化测试/iPad-AutoTest/page/BasePage.py", line 20, in find_ele
    return self.driver.find_element_by_ios_class_chain(loc)
  File "/usr/local/lib/python3.9/site-packages/appium/webdriver/extensions/search_context/ios.py", line 103, in find_element_by_ios_class_chain
    return self.find_element(by=MobileBy.IOS_CLASS_CHAIN, value=class_chain_string)
  File "/usr/local/lib/python3.9/site-packages/appium/webdriver/webdriver.py", line 282, in find_element
    return self.execute(RemoteCommand.FIND_ELEMENT, {'using': by, 'value': value})['value']
  File "/usr/local/lib/python3.9/site-packages/selenium/webdriver/remote/webdriver.py", line 321, in execute
    self.error_handler.check_response(response)
  File "/usr/local/lib/python3.9/site-packages/appium/webdriver/errorhandler.py", line 31, in check_response
    raise wde
  File "/usr/local/lib/python3.9/site-packages/appium/webdriver/errorhandler.py", line 26, in check_response
    super().check_response(response)
  File "/usr/local/lib/python3.9/site-packages/selenium/webdriver/remote/errorhandler.py", line 242, in check_response
    raise exception_class(message, screen, stacktrace)
selenium.common.exceptions.NoSuchElementException: Message: An element could not be located on the page using the given search parameters.



        </pre>
    </div>
    <!--css div popup end-->

    </td>
</tr>

<tr id='ft2.106' class='none'>
    <td class='errorCase'><div class='testcase'>test_106</div></td>
    <td colspan='5' align='center'>

    <!--css div popup start-->
    <a class="popup_link" onfocus='this.blur();' href="javascript:showTestDetail('div_ft2.106')" >
        error</a>

    <div id='div_ft2.106' class="popup_window">
        <div style='text-align: right; color:red;cursor:pointer'>
        <a onfocus='this.blur();' onclick="document.getElementById('div_ft2.106').style.display = 'none' " >
           [x]</a>
        </div>
        <pre>
        
ft2.106: Traceback (most recent call last):
  File "/Users/xiaozixi/Desktop/自动化测试/iPad-AutoTest/Function/wode.py", line 636, in test_106
    self.MyPage.click_ele(MyPage.back)
  File "/Users/xiaozixi/Desktop/自动化测试/iPad-AutoTest/page/BasePage.py", line 26, in click_ele
    self.find_ele(loc).click()
  File "/Users/xiaozixi/Desktop/自动化测试/iPad-AutoTest/page/BasePage.py", line 20, in find_ele
    return self.driver.find_element_by_ios_class_chain(loc)
  File "/usr/local/lib/python3.9/site-packages/appium/webdriver/extensions/search_context/ios.py", line 103, in find_element_by_ios_class_chain
    return self.find_element(by=MobileBy.IOS_CLASS_CHAIN, value=class_chain_string)
  File "/usr/local/lib/python3.9/site-packages/appium/webdriver/webdriver.py", line 282, in find_element
    return self.execute(RemoteCommand.FIND_ELEMENT, {'using': by, 'value': value})['value']
  File "/usr/local/lib/python3.9/site-packages/selenium/webdriver/remote/webdriver.py", line 321, in execute
    self.error_handler.check_response(response)
  File "/usr/local/lib/python3.9/site-packages/appium/webdriver/errorhandler.py", line 31, in check_response
    raise wde
  File "/usr/local/lib/python3.9/site-packages/appium/webdriver/errorhandler.py", line 26, in check_response
    super().check_response(response)
  File "/usr/local/lib/python3.9/site-packages/selenium/webdriver/remote/errorhandler.py", line 242, in check_response
    raise exception_class(message, screen, stacktrace)
selenium.common.exceptions.NoSuchElementException: Message: An element could not be located on the page using the given search parameters.



        </pre>
    </div>
    <!--css div popup end-->

    </td>
</tr>

<tr id='ft2.107' class='none'>
    <td class='errorCase'><div class='testcase'>test_107</div></td>
    <td colspan='5' align='center'>

    <!--css div popup start-->
    <a class="popup_link" onfocus='this.blur();' href="javascript:showTestDetail('div_ft2.107')" >
        error</a>

    <div id='div_ft2.107' class="popup_window">
        <div style='text-align: right; color:red;cursor:pointer'>
        <a onfocus='this.blur();' onclick="document.getElementById('div_ft2.107').style.display = 'none' " >
           [x]</a>
        </div>
        <pre>
        
ft2.107: Traceback (most recent call last):
  File "/Users/xiaozixi/Desktop/自动化测试/iPad-AutoTest/Function/wode.py", line 642, in test_107
    self.MyPage.click_ele(MyPage.chain68)
  File "/Users/xiaozixi/Desktop/自动化测试/iPad-AutoTest/page/BasePage.py", line 26, in click_ele
    self.find_ele(loc).click()
  File "/Users/xiaozixi/Desktop/自动化测试/iPad-AutoTest/page/BasePage.py", line 20, in find_ele
    return self.driver.find_element_by_ios_class_chain(loc)
  File "/usr/local/lib/python3.9/site-packages/appium/webdriver/extensions/search_context/ios.py", line 103, in find_element_by_ios_class_chain
    return self.find_element(by=MobileBy.IOS_CLASS_CHAIN, value=class_chain_string)
  File "/usr/local/lib/python3.9/site-packages/appium/webdriver/webdriver.py", line 282, in find_element
    return self.execute(RemoteCommand.FIND_ELEMENT, {'using': by, 'value': value})['value']
  File "/usr/local/lib/python3.9/site-packages/selenium/webdriver/remote/webdriver.py", line 321, in execute
    self.error_handler.check_response(response)
  File "/usr/local/lib/python3.9/site-packages/appium/webdriver/errorhandler.py", line 31, in check_response
    raise wde
  File "/usr/local/lib/python3.9/site-packages/appium/webdriver/errorhandler.py", line 26, in check_response
    super().check_response(response)
  File "/usr/local/lib/python3.9/site-packages/selenium/webdriver/remote/errorhandler.py", line 242, in check_response
    raise exception_class(message, screen, stacktrace)
selenium.common.exceptions.NoSuchElementException: Message: An element could not be located on the page using the given search parameters.



        </pre>
    </div>
    <!--css div popup end-->

    </td>
</tr>

<tr id='ft2.108' class='none'>
    <td class='errorCase'><div class='testcase'>test_108</div></td>
    <td colspan='5' align='center'>

    <!--css div popup start-->
    <a class="popup_link" onfocus='this.blur();' href="javascript:showTestDetail('div_ft2.108')" >
        error</a>

    <div id='div_ft2.108' class="popup_window">
        <div style='text-align: right; color:red;cursor:pointer'>
        <a onfocus='this.blur();' onclick="document.getElementById('div_ft2.108').style.display = 'none' " >
           [x]</a>
        </div>
        <pre>
        
ft2.108: Traceback (most recent call last):
  File "/Users/xiaozixi/Desktop/自动化测试/iPad-AutoTest/Function/wode.py", line 649, in test_108
    str = self.MyPage.find_ele(MyPage.chain94).get_attribute('label')
  File "/Users/xiaozixi/Desktop/自动化测试/iPad-AutoTest/page/BasePage.py", line 20, in find_ele
    return self.driver.find_element_by_ios_class_chain(loc)
  File "/usr/local/lib/python3.9/site-packages/appium/webdriver/extensions/search_context/ios.py", line 103, in find_element_by_ios_class_chain
    return self.find_element(by=MobileBy.IOS_CLASS_CHAIN, value=class_chain_string)
  File "/usr/local/lib/python3.9/site-packages/appium/webdriver/webdriver.py", line 282, in find_element
    return self.execute(RemoteCommand.FIND_ELEMENT, {'using': by, 'value': value})['value']
  File "/usr/local/lib/python3.9/site-packages/selenium/webdriver/remote/webdriver.py", line 321, in execute
    self.error_handler.check_response(response)
  File "/usr/local/lib/python3.9/site-packages/appium/webdriver/errorhandler.py", line 31, in check_response
    raise wde
  File "/usr/local/lib/python3.9/site-packages/appium/webdriver/errorhandler.py", line 26, in check_response
    super().check_response(response)
  File "/usr/local/lib/python3.9/site-packages/selenium/webdriver/remote/errorhandler.py", line 242, in check_response
    raise exception_class(message, screen, stacktrace)
selenium.common.exceptions.NoSuchElementException: Message: An element could not be located on the page using the given search parameters.



        </pre>
    </div>
    <!--css div popup end-->

    </td>
</tr>

<tr id='ft2.109' class='none'>
    <td class='errorCase'><div class='testcase'>test_109</div></td>
    <td colspan='5' align='center'>

    <!--css div popup start-->
    <a class="popup_link" onfocus='this.blur();' href="javascript:showTestDetail('div_ft2.109')" >
        error</a>

    <div id='div_ft2.109' class="popup_window">
        <div style='text-align: right; color:red;cursor:pointer'>
        <a onfocus='this.blur();' onclick="document.getElementById('div_ft2.109').style.display = 'none' " >
           [x]</a>
        </div>
        <pre>
        
ft2.109: Traceback (most recent call last):
  File "/Users/xiaozixi/Desktop/自动化测试/iPad-AutoTest/Function/wode.py", line 657, in test_109
    str = self.MyPage.find_ele(MyPage.chain97).get_attribute('label')
  File "/Users/xiaozixi/Desktop/自动化测试/iPad-AutoTest/page/BasePage.py", line 20, in find_ele
    return self.driver.find_element_by_ios_class_chain(loc)
  File "/usr/local/lib/python3.9/site-packages/appium/webdriver/extensions/search_context/ios.py", line 103, in find_element_by_ios_class_chain
    return self.find_element(by=MobileBy.IOS_CLASS_CHAIN, value=class_chain_string)
  File "/usr/local/lib/python3.9/site-packages/appium/webdriver/webdriver.py", line 282, in find_element
    return self.execute(RemoteCommand.FIND_ELEMENT, {'using': by, 'value': value})['value']
  File "/usr/local/lib/python3.9/site-packages/selenium/webdriver/remote/webdriver.py", line 321, in execute
    self.error_handler.check_response(response)
  File "/usr/local/lib/python3.9/site-packages/appium/webdriver/errorhandler.py", line 31, in check_response
    raise wde
  File "/usr/local/lib/python3.9/site-packages/appium/webdriver/errorhandler.py", line 26, in check_response
    super().check_response(response)
  File "/usr/local/lib/python3.9/site-packages/selenium/webdriver/remote/errorhandler.py", line 242, in check_response
    raise exception_class(message, screen, stacktrace)
selenium.common.exceptions.NoSuchElementException: Message: An element could not be located on the page using the given search parameters.



        </pre>
    </div>
    <!--css div popup end-->

    </td>
</tr>

<tr id='ft2.110' class='none'>
    <td class='errorCase'><div class='testcase'>test_110</div></td>
    <td colspan='5' align='center'>

    <!--css div popup start-->
    <a class="popup_link" onfocus='this.blur();' href="javascript:showTestDetail('div_ft2.110')" >
        error</a>

    <div id='div_ft2.110' class="popup_window">
        <div style='text-align: right; color:red;cursor:pointer'>
        <a onfocus='this.blur();' onclick="document.getElementById('div_ft2.110').style.display = 'none' " >
           [x]</a>
        </div>
        <pre>
        
ft2.110: Traceback (most recent call last):
  File "/Users/xiaozixi/Desktop/自动化测试/iPad-AutoTest/Function/wode.py", line 664, in test_110
    str = self.MyPage.find_ele(MyPage.chain99).get_attribute('label')
  File "/Users/xiaozixi/Desktop/自动化测试/iPad-AutoTest/page/BasePage.py", line 20, in find_ele
    return self.driver.find_element_by_ios_class_chain(loc)
  File "/usr/local/lib/python3.9/site-packages/appium/webdriver/extensions/search_context/ios.py", line 103, in find_element_by_ios_class_chain
    return self.find_element(by=MobileBy.IOS_CLASS_CHAIN, value=class_chain_string)
  File "/usr/local/lib/python3.9/site-packages/appium/webdriver/webdriver.py", line 282, in find_element
    return self.execute(RemoteCommand.FIND_ELEMENT, {'using': by, 'value': value})['value']
  File "/usr/local/lib/python3.9/site-packages/selenium/webdriver/remote/webdriver.py", line 321, in execute
    self.error_handler.check_response(response)
  File "/usr/local/lib/python3.9/site-packages/appium/webdriver/errorhandler.py", line 31, in check_response
    raise wde
  File "/usr/local/lib/python3.9/site-packages/appium/webdriver/errorhandler.py", line 26, in check_response
    super().check_response(response)
  File "/usr/local/lib/python3.9/site-packages/selenium/webdriver/remote/errorhandler.py", line 242, in check_response
    raise exception_class(message, screen, stacktrace)
selenium.common.exceptions.NoSuchElementException: Message: An element could not be located on the page using the given search parameters.



        </pre>
    </div>
    <!--css div popup end-->

    </td>
</tr>

<tr id='ft2.111' class='none'>
    <td class='errorCase'><div class='testcase'>test_111</div></td>
    <td colspan='5' align='center'>

    <!--css div popup start-->
    <a class="popup_link" onfocus='this.blur();' href="javascript:showTestDetail('div_ft2.111')" >
        error</a>

    <div id='div_ft2.111' class="popup_window">
        <div style='text-align: right; color:red;cursor:pointer'>
        <a onfocus='this.blur();' onclick="document.getElementById('div_ft2.111').style.display = 'none' " >
           [x]</a>
        </div>
        <pre>
        
ft2.111: Traceback (most recent call last):
  File "/Users/xiaozixi/Desktop/自动化测试/iPad-AutoTest/Function/wode.py", line 671, in test_111
    str = self.MyPage.find_ele(MyPage.chain101).get_attribute('label')
  File "/Users/xiaozixi/Desktop/自动化测试/iPad-AutoTest/page/BasePage.py", line 20, in find_ele
    return self.driver.find_element_by_ios_class_chain(loc)
  File "/usr/local/lib/python3.9/site-packages/appium/webdriver/extensions/search_context/ios.py", line 103, in find_element_by_ios_class_chain
    return self.find_element(by=MobileBy.IOS_CLASS_CHAIN, value=class_chain_string)
  File "/usr/local/lib/python3.9/site-packages/appium/webdriver/webdriver.py", line 282, in find_element
    return self.execute(RemoteCommand.FIND_ELEMENT, {'using': by, 'value': value})['value']
  File "/usr/local/lib/python3.9/site-packages/selenium/webdriver/remote/webdriver.py", line 321, in execute
    self.error_handler.check_response(response)
  File "/usr/local/lib/python3.9/site-packages/appium/webdriver/errorhandler.py", line 31, in check_response
    raise wde
  File "/usr/local/lib/python3.9/site-packages/appium/webdriver/errorhandler.py", line 26, in check_response
    super().check_response(response)
  File "/usr/local/lib/python3.9/site-packages/selenium/webdriver/remote/errorhandler.py", line 242, in check_response
    raise exception_class(message, screen, stacktrace)
selenium.common.exceptions.NoSuchElementException: Message: An element could not be located on the page using the given search parameters.



        </pre>
    </div>
    <!--css div popup end-->

    </td>
</tr>

<tr id='ft2.112' class='none'>
    <td class='errorCase'><div class='testcase'>test_112</div></td>
    <td colspan='5' align='center'>

    <!--css div popup start-->
    <a class="popup_link" onfocus='this.blur();' href="javascript:showTestDetail('div_ft2.112')" >
        error</a>

    <div id='div_ft2.112' class="popup_window">
        <div style='text-align: right; color:red;cursor:pointer'>
        <a onfocus='this.blur();' onclick="document.getElementById('div_ft2.112').style.display = 'none' " >
           [x]</a>
        </div>
        <pre>
        
ft2.112: Traceback (most recent call last):
  File "/Users/xiaozixi/Desktop/自动化测试/iPad-AutoTest/Function/wode.py", line 678, in test_112
    str = self.MyPage.find_ele(MyPage.chain103).get_attribute('label')
  File "/Users/xiaozixi/Desktop/自动化测试/iPad-AutoTest/page/BasePage.py", line 20, in find_ele
    return self.driver.find_element_by_ios_class_chain(loc)
  File "/usr/local/lib/python3.9/site-packages/appium/webdriver/extensions/search_context/ios.py", line 103, in find_element_by_ios_class_chain
    return self.find_element(by=MobileBy.IOS_CLASS_CHAIN, value=class_chain_string)
  File "/usr/local/lib/python3.9/site-packages/appium/webdriver/webdriver.py", line 282, in find_element
    return self.execute(RemoteCommand.FIND_ELEMENT, {'using': by, 'value': value})['value']
  File "/usr/local/lib/python3.9/site-packages/selenium/webdriver/remote/webdriver.py", line 321, in execute
    self.error_handler.check_response(response)
  File "/usr/local/lib/python3.9/site-packages/appium/webdriver/errorhandler.py", line 31, in check_response
    raise wde
  File "/usr/local/lib/python3.9/site-packages/appium/webdriver/errorhandler.py", line 26, in check_response
    super().check_response(response)
  File "/usr/local/lib/python3.9/site-packages/selenium/webdriver/remote/errorhandler.py", line 242, in check_response
    raise exception_class(message, screen, stacktrace)
selenium.common.exceptions.NoSuchElementException: Message: An element could not be located on the page using the given search parameters.



        </pre>
    </div>
    <!--css div popup end-->

    </td>
</tr>

<tr id='ft2.113' class='none'>
    <td class='errorCase'><div class='testcase'>test_113</div></td>
    <td colspan='5' align='center'>

    <!--css div popup start-->
    <a class="popup_link" onfocus='this.blur();' href="javascript:showTestDetail('div_ft2.113')" >
        error</a>

    <div id='div_ft2.113' class="popup_window">
        <div style='text-align: right; color:red;cursor:pointer'>
        <a onfocus='this.blur();' onclick="document.getElementById('div_ft2.113').style.display = 'none' " >
           [x]</a>
        </div>
        <pre>
        
ft2.113: Traceback (most recent call last):
  File "/Users/xiaozixi/Desktop/自动化测试/iPad-AutoTest/Function/wode.py", line 685, in test_113
    str = self.MyPage.find_ele(MyPage.chain105).get_attribute('label')
  File "/Users/xiaozixi/Desktop/自动化测试/iPad-AutoTest/page/BasePage.py", line 20, in find_ele
    return self.driver.find_element_by_ios_class_chain(loc)
  File "/usr/local/lib/python3.9/site-packages/appium/webdriver/extensions/search_context/ios.py", line 103, in find_element_by_ios_class_chain
    return self.find_element(by=MobileBy.IOS_CLASS_CHAIN, value=class_chain_string)
  File "/usr/local/lib/python3.9/site-packages/appium/webdriver/webdriver.py", line 282, in find_element
    return self.execute(RemoteCommand.FIND_ELEMENT, {'using': by, 'value': value})['value']
  File "/usr/local/lib/python3.9/site-packages/selenium/webdriver/remote/webdriver.py", line 321, in execute
    self.error_handler.check_response(response)
  File "/usr/local/lib/python3.9/site-packages/appium/webdriver/errorhandler.py", line 31, in check_response
    raise wde
  File "/usr/local/lib/python3.9/site-packages/appium/webdriver/errorhandler.py", line 26, in check_response
    super().check_response(response)
  File "/usr/local/lib/python3.9/site-packages/selenium/webdriver/remote/errorhandler.py", line 242, in check_response
    raise exception_class(message, screen, stacktrace)
selenium.common.exceptions.NoSuchElementException: Message: An element could not be located on the page using the given search parameters.



        </pre>
    </div>
    <!--css div popup end-->

    </td>
</tr>

<tr id='ft2.114' class='none'>
    <td class='errorCase'><div class='testcase'>test_114</div></td>
    <td colspan='5' align='center'>

    <!--css div popup start-->
    <a class="popup_link" onfocus='this.blur();' href="javascript:showTestDetail('div_ft2.114')" >
        error</a>

    <div id='div_ft2.114' class="popup_window">
        <div style='text-align: right; color:red;cursor:pointer'>
        <a onfocus='this.blur();' onclick="document.getElementById('div_ft2.114').style.display = 'none' " >
           [x]</a>
        </div>
        <pre>
        
ft2.114: Traceback (most recent call last):
  File "/Users/xiaozixi/Desktop/自动化测试/iPad-AutoTest/Function/wode.py", line 692, in test_114
    str = self.MyPage.find_ele(MyPage.chain107).get_attribute('label')
  File "/Users/xiaozixi/Desktop/自动化测试/iPad-AutoTest/page/BasePage.py", line 20, in find_ele
    return self.driver.find_element_by_ios_class_chain(loc)
  File "/usr/local/lib/python3.9/site-packages/appium/webdriver/extensions/search_context/ios.py", line 103, in find_element_by_ios_class_chain
    return self.find_element(by=MobileBy.IOS_CLASS_CHAIN, value=class_chain_string)
  File "/usr/local/lib/python3.9/site-packages/appium/webdriver/webdriver.py", line 282, in find_element
    return self.execute(RemoteCommand.FIND_ELEMENT, {'using': by, 'value': value})['value']
  File "/usr/local/lib/python3.9/site-packages/selenium/webdriver/remote/webdriver.py", line 321, in execute
    self.error_handler.check_response(response)
  File "/usr/local/lib/python3.9/site-packages/appium/webdriver/errorhandler.py", line 31, in check_response
    raise wde
  File "/usr/local/lib/python3.9/site-packages/appium/webdriver/errorhandler.py", line 26, in check_response
    super().check_response(response)
  File "/usr/local/lib/python3.9/site-packages/selenium/webdriver/remote/errorhandler.py", line 242, in check_response
    raise exception_class(message, screen, stacktrace)
selenium.common.exceptions.NoSuchElementException: Message: An element could not be located on the page using the given search parameters.



        </pre>
    </div>
    <!--css div popup end-->

    </td>
</tr>

<tr id='ft2.115' class='none'>
    <td class='errorCase'><div class='testcase'>test_115</div></td>
    <td colspan='5' align='center'>

    <!--css div popup start-->
    <a class="popup_link" onfocus='this.blur();' href="javascript:showTestDetail('div_ft2.115')" >
        error</a>

    <div id='div_ft2.115' class="popup_window">
        <div style='text-align: right; color:red;cursor:pointer'>
        <a onfocus='this.blur();' onclick="document.getElementById('div_ft2.115').style.display = 'none' " >
           [x]</a>
        </div>
        <pre>
        
ft2.115: Traceback (most recent call last):
  File "/Users/xiaozixi/Desktop/自动化测试/iPad-AutoTest/Function/wode.py", line 699, in test_115
    str = self.MyPage.find_ele(MyPage.chain109).get_attribute('label')
  File "/Users/xiaozixi/Desktop/自动化测试/iPad-AutoTest/page/BasePage.py", line 20, in find_ele
    return self.driver.find_element_by_ios_class_chain(loc)
  File "/usr/local/lib/python3.9/site-packages/appium/webdriver/extensions/search_context/ios.py", line 103, in find_element_by_ios_class_chain
    return self.find_element(by=MobileBy.IOS_CLASS_CHAIN, value=class_chain_string)
  File "/usr/local/lib/python3.9/site-packages/appium/webdriver/webdriver.py", line 282, in find_element
    return self.execute(RemoteCommand.FIND_ELEMENT, {'using': by, 'value': value})['value']
  File "/usr/local/lib/python3.9/site-packages/selenium/webdriver/remote/webdriver.py", line 321, in execute
    self.error_handler.check_response(response)
  File "/usr/local/lib/python3.9/site-packages/appium/webdriver/errorhandler.py", line 31, in check_response
    raise wde
  File "/usr/local/lib/python3.9/site-packages/appium/webdriver/errorhandler.py", line 26, in check_response
    super().check_response(response)
  File "/usr/local/lib/python3.9/site-packages/selenium/webdriver/remote/errorhandler.py", line 242, in check_response
    raise exception_class(message, screen, stacktrace)
selenium.common.exceptions.NoSuchElementException: Message: An element could not be located on the page using the given search parameters.



        </pre>
    </div>
    <!--css div popup end-->

    </td>
</tr>

<tr id='ft2.116' class='none'>
    <td class='errorCase'><div class='testcase'>test_116</div></td>
    <td colspan='5' align='center'>

    <!--css div popup start-->
    <a class="popup_link" onfocus='this.blur();' href="javascript:showTestDetail('div_ft2.116')" >
        error</a>

    <div id='div_ft2.116' class="popup_window">
        <div style='text-align: right; color:red;cursor:pointer'>
        <a onfocus='this.blur();' onclick="document.getElementById('div_ft2.116').style.display = 'none' " >
           [x]</a>
        </div>
        <pre>
        
ft2.116: Traceback (most recent call last):
  File "/Users/xiaozixi/Desktop/自动化测试/iPad-AutoTest/Function/wode.py", line 706, in test_116
    self.MyPage.click_ele(MyPage.back)
  File "/Users/xiaozixi/Desktop/自动化测试/iPad-AutoTest/page/BasePage.py", line 26, in click_ele
    self.find_ele(loc).click()
  File "/Users/xiaozixi/Desktop/自动化测试/iPad-AutoTest/page/BasePage.py", line 20, in find_ele
    return self.driver.find_element_by_ios_class_chain(loc)
  File "/usr/local/lib/python3.9/site-packages/appium/webdriver/extensions/search_context/ios.py", line 103, in find_element_by_ios_class_chain
    return self.find_element(by=MobileBy.IOS_CLASS_CHAIN, value=class_chain_string)
  File "/usr/local/lib/python3.9/site-packages/appium/webdriver/webdriver.py", line 282, in find_element
    return self.execute(RemoteCommand.FIND_ELEMENT, {'using': by, 'value': value})['value']
  File "/usr/local/lib/python3.9/site-packages/selenium/webdriver/remote/webdriver.py", line 321, in execute
    self.error_handler.check_response(response)
  File "/usr/local/lib/python3.9/site-packages/appium/webdriver/errorhandler.py", line 31, in check_response
    raise wde
  File "/usr/local/lib/python3.9/site-packages/appium/webdriver/errorhandler.py", line 26, in check_response
    super().check_response(response)
  File "/usr/local/lib/python3.9/site-packages/selenium/webdriver/remote/errorhandler.py", line 242, in check_response
    raise exception_class(message, screen, stacktrace)
selenium.common.exceptions.NoSuchElementException: Message: An element could not be located on the page using the given search parameters.



        </pre>
    </div>
    <!--css div popup end-->

    </td>
</tr>

<tr id='ft2.117' class='none'>
    <td class='errorCase'><div class='testcase'>test_117</div></td>
    <td colspan='5' align='center'>

    <!--css div popup start-->
    <a class="popup_link" onfocus='this.blur();' href="javascript:showTestDetail('div_ft2.117')" >
        error</a>

    <div id='div_ft2.117' class="popup_window">
        <div style='text-align: right; color:red;cursor:pointer'>
        <a onfocus='this.blur();' onclick="document.getElementById('div_ft2.117').style.display = 'none' " >
           [x]</a>
        </div>
        <pre>
        
ft2.117: Traceback (most recent call last):
  File "/Users/xiaozixi/Desktop/自动化测试/iPad-AutoTest/Function/wode.py", line 712, in test_117
    self.MyPage.click_ele(MyPage.chain95)
  File "/Users/xiaozixi/Desktop/自动化测试/iPad-AutoTest/page/BasePage.py", line 26, in click_ele
    self.find_ele(loc).click()
  File "/Users/xiaozixi/Desktop/自动化测试/iPad-AutoTest/page/BasePage.py", line 20, in find_ele
    return self.driver.find_element_by_ios_class_chain(loc)
  File "/usr/local/lib/python3.9/site-packages/appium/webdriver/extensions/search_context/ios.py", line 103, in find_element_by_ios_class_chain
    return self.find_element(by=MobileBy.IOS_CLASS_CHAIN, value=class_chain_string)
  File "/usr/local/lib/python3.9/site-packages/appium/webdriver/webdriver.py", line 282, in find_element
    return self.execute(RemoteCommand.FIND_ELEMENT, {'using': by, 'value': value})['value']
  File "/usr/local/lib/python3.9/site-packages/selenium/webdriver/remote/webdriver.py", line 321, in execute
    self.error_handler.check_response(response)
  File "/usr/local/lib/python3.9/site-packages/appium/webdriver/errorhandler.py", line 31, in check_response
    raise wde
  File "/usr/local/lib/python3.9/site-packages/appium/webdriver/errorhandler.py", line 26, in check_response
    super().check_response(response)
  File "/usr/local/lib/python3.9/site-packages/selenium/webdriver/remote/errorhandler.py", line 242, in check_response
    raise exception_class(message, screen, stacktrace)
selenium.common.exceptions.NoSuchElementException: Message: An element could not be located on the page using the given search parameters.



        </pre>
    </div>
    <!--css div popup end-->

    </td>
</tr>

<tr id='ft2.118' class='none'>
    <td class='errorCase'><div class='testcase'>test_118</div></td>
    <td colspan='5' align='center'>

    <!--css div popup start-->
    <a class="popup_link" onfocus='this.blur();' href="javascript:showTestDetail('div_ft2.118')" >
        error</a>

    <div id='div_ft2.118' class="popup_window">
        <div style='text-align: right; color:red;cursor:pointer'>
        <a onfocus='this.blur();' onclick="document.getElementById('div_ft2.118').style.display = 'none' " >
           [x]</a>
        </div>
        <pre>
        
ft2.118: Traceback (most recent call last):
  File "/Users/xiaozixi/Desktop/自动化测试/iPad-AutoTest/Function/wode.py", line 718, in test_118
    self.MyPage.click_ele(MyPage.back)
  File "/Users/xiaozixi/Desktop/自动化测试/iPad-AutoTest/page/BasePage.py", line 26, in click_ele
    self.find_ele(loc).click()
  File "/Users/xiaozixi/Desktop/自动化测试/iPad-AutoTest/page/BasePage.py", line 20, in find_ele
    return self.driver.find_element_by_ios_class_chain(loc)
  File "/usr/local/lib/python3.9/site-packages/appium/webdriver/extensions/search_context/ios.py", line 103, in find_element_by_ios_class_chain
    return self.find_element(by=MobileBy.IOS_CLASS_CHAIN, value=class_chain_string)
  File "/usr/local/lib/python3.9/site-packages/appium/webdriver/webdriver.py", line 282, in find_element
    return self.execute(RemoteCommand.FIND_ELEMENT, {'using': by, 'value': value})['value']
  File "/usr/local/lib/python3.9/site-packages/selenium/webdriver/remote/webdriver.py", line 321, in execute
    self.error_handler.check_response(response)
  File "/usr/local/lib/python3.9/site-packages/appium/webdriver/errorhandler.py", line 31, in check_response
    raise wde
  File "/usr/local/lib/python3.9/site-packages/appium/webdriver/errorhandler.py", line 26, in check_response
    super().check_response(response)
  File "/usr/local/lib/python3.9/site-packages/selenium/webdriver/remote/errorhandler.py", line 242, in check_response
    raise exception_class(message, screen, stacktrace)
selenium.common.exceptions.NoSuchElementException: Message: An element could not be located on the page using the given search parameters.



        </pre>
    </div>
    <!--css div popup end-->

    </td>
</tr>

<tr id='ft2.119' class='none'>
    <td class='errorCase'><div class='testcase'>test_119</div></td>
    <td colspan='5' align='center'>

    <!--css div popup start-->
    <a class="popup_link" onfocus='this.blur();' href="javascript:showTestDetail('div_ft2.119')" >
        error</a>

    <div id='div_ft2.119' class="popup_window">
        <div style='text-align: right; color:red;cursor:pointer'>
        <a onfocus='this.blur();' onclick="document.getElementById('div_ft2.119').style.display = 'none' " >
           [x]</a>
        </div>
        <pre>
        
ft2.119: Traceback (most recent call last):
  File "/Users/xiaozixi/Desktop/自动化测试/iPad-AutoTest/Function/wode.py", line 724, in test_119
    self.MyPage.click_ele(MyPage.back)
  File "/Users/xiaozixi/Desktop/自动化测试/iPad-AutoTest/page/BasePage.py", line 26, in click_ele
    self.find_ele(loc).click()
  File "/Users/xiaozixi/Desktop/自动化测试/iPad-AutoTest/page/BasePage.py", line 20, in find_ele
    return self.driver.find_element_by_ios_class_chain(loc)
  File "/usr/local/lib/python3.9/site-packages/appium/webdriver/extensions/search_context/ios.py", line 103, in find_element_by_ios_class_chain
    return self.find_element(by=MobileBy.IOS_CLASS_CHAIN, value=class_chain_string)
  File "/usr/local/lib/python3.9/site-packages/appium/webdriver/webdriver.py", line 282, in find_element
    return self.execute(RemoteCommand.FIND_ELEMENT, {'using': by, 'value': value})['value']
  File "/usr/local/lib/python3.9/site-packages/selenium/webdriver/remote/webdriver.py", line 321, in execute
    self.error_handler.check_response(response)
  File "/usr/local/lib/python3.9/site-packages/appium/webdriver/errorhandler.py", line 31, in check_response
    raise wde
  File "/usr/local/lib/python3.9/site-packages/appium/webdriver/errorhandler.py", line 26, in check_response
    super().check_response(response)
  File "/usr/local/lib/python3.9/site-packages/selenium/webdriver/remote/errorhandler.py", line 242, in check_response
    raise exception_class(message, screen, stacktrace)
selenium.common.exceptions.NoSuchElementException: Message: An element could not be located on the page using the given search parameters.



        </pre>
    </div>
    <!--css div popup end-->

    </td>
</tr>

<tr id='ft2.120' class='none'>
    <td class='errorCase'><div class='testcase'>test_120</div></td>
    <td colspan='5' align='center'>

    <!--css div popup start-->
    <a class="popup_link" onfocus='this.blur();' href="javascript:showTestDetail('div_ft2.120')" >
        error</a>

    <div id='div_ft2.120' class="popup_window">
        <div style='text-align: right; color:red;cursor:pointer'>
        <a onfocus='this.blur();' onclick="document.getElementById('div_ft2.120').style.display = 'none' " >
           [x]</a>
        </div>
        <pre>
        
ft2.120: Traceback (most recent call last):
  File "/Users/xiaozixi/Desktop/自动化测试/iPad-AutoTest/Function/wode.py", line 730, in test_120
    self.MyPage.click_ele(MyPage.chain69)
  File "/Users/xiaozixi/Desktop/自动化测试/iPad-AutoTest/page/BasePage.py", line 26, in click_ele
    self.find_ele(loc).click()
  File "/Users/xiaozixi/Desktop/自动化测试/iPad-AutoTest/page/BasePage.py", line 20, in find_ele
    return self.driver.find_element_by_ios_class_chain(loc)
  File "/usr/local/lib/python3.9/site-packages/appium/webdriver/extensions/search_context/ios.py", line 103, in find_element_by_ios_class_chain
    return self.find_element(by=MobileBy.IOS_CLASS_CHAIN, value=class_chain_string)
  File "/usr/local/lib/python3.9/site-packages/appium/webdriver/webdriver.py", line 282, in find_element
    return self.execute(RemoteCommand.FIND_ELEMENT, {'using': by, 'value': value})['value']
  File "/usr/local/lib/python3.9/site-packages/selenium/webdriver/remote/webdriver.py", line 321, in execute
    self.error_handler.check_response(response)
  File "/usr/local/lib/python3.9/site-packages/appium/webdriver/errorhandler.py", line 31, in check_response
    raise wde
  File "/usr/local/lib/python3.9/site-packages/appium/webdriver/errorhandler.py", line 26, in check_response
    super().check_response(response)
  File "/usr/local/lib/python3.9/site-packages/selenium/webdriver/remote/errorhandler.py", line 242, in check_response
    raise exception_class(message, screen, stacktrace)
selenium.common.exceptions.NoSuchElementException: Message: An element could not be located on the page using the given search parameters.



        </pre>
    </div>
    <!--css div popup end-->

    </td>
</tr>

<tr id='ft2.121' class='none'>
    <td class='errorCase'><div class='testcase'>test_121</div></td>
    <td colspan='5' align='center'>

    <!--css div popup start-->
    <a class="popup_link" onfocus='this.blur();' href="javascript:showTestDetail('div_ft2.121')" >
        error</a>

    <div id='div_ft2.121' class="popup_window">
        <div style='text-align: right; color:red;cursor:pointer'>
        <a onfocus='this.blur();' onclick="document.getElementById('div_ft2.121').style.display = 'none' " >
           [x]</a>
        </div>
        <pre>
        
ft2.121: Traceback (most recent call last):
  File "/Users/xiaozixi/Desktop/自动化测试/iPad-AutoTest/Function/wode.py", line 736, in test_121
    self.MyPage.click_ele(MyPage.back)
  File "/Users/xiaozixi/Desktop/自动化测试/iPad-AutoTest/page/BasePage.py", line 26, in click_ele
    self.find_ele(loc).click()
  File "/Users/xiaozixi/Desktop/自动化测试/iPad-AutoTest/page/BasePage.py", line 20, in find_ele
    return self.driver.find_element_by_ios_class_chain(loc)
  File "/usr/local/lib/python3.9/site-packages/appium/webdriver/extensions/search_context/ios.py", line 103, in find_element_by_ios_class_chain
    return self.find_element(by=MobileBy.IOS_CLASS_CHAIN, value=class_chain_string)
  File "/usr/local/lib/python3.9/site-packages/appium/webdriver/webdriver.py", line 282, in find_element
    return self.execute(RemoteCommand.FIND_ELEMENT, {'using': by, 'value': value})['value']
  File "/usr/local/lib/python3.9/site-packages/selenium/webdriver/remote/webdriver.py", line 321, in execute
    self.error_handler.check_response(response)
  File "/usr/local/lib/python3.9/site-packages/appium/webdriver/errorhandler.py", line 31, in check_response
    raise wde
  File "/usr/local/lib/python3.9/site-packages/appium/webdriver/errorhandler.py", line 26, in check_response
    super().check_response(response)
  File "/usr/local/lib/python3.9/site-packages/selenium/webdriver/remote/errorhandler.py", line 242, in check_response
    raise exception_class(message, screen, stacktrace)
selenium.common.exceptions.NoSuchElementException: Message: An element could not be located on the page using the given search parameters.



        </pre>
    </div>
    <!--css div popup end-->

    </td>
</tr>

<tr id='ft2.122' class='none'>
    <td class='errorCase'><div class='testcase'>test_124</div></td>
    <td colspan='5' align='center'>

    <!--css div popup start-->
    <a class="popup_link" onfocus='this.blur();' href="javascript:showTestDetail('div_ft2.122')" >
        error</a>

    <div id='div_ft2.122' class="popup_window">
        <div style='text-align: right; color:red;cursor:pointer'>
        <a onfocus='this.blur();' onclick="document.getElementById('div_ft2.122').style.display = 'none' " >
           [x]</a>
        </div>
        <pre>
        
ft2.122: Traceback (most recent call last):
  File "/Users/xiaozixi/Desktop/自动化测试/iPad-AutoTest/Function/wode.py", line 754, in test_124
    str = self.MyPage.find_ele(MyPage.chain72).get_attribute('label')
  File "/Users/xiaozixi/Desktop/自动化测试/iPad-AutoTest/page/BasePage.py", line 20, in find_ele
    return self.driver.find_element_by_ios_class_chain(loc)
  File "/usr/local/lib/python3.9/site-packages/appium/webdriver/extensions/search_context/ios.py", line 103, in find_element_by_ios_class_chain
    return self.find_element(by=MobileBy.IOS_CLASS_CHAIN, value=class_chain_string)
  File "/usr/local/lib/python3.9/site-packages/appium/webdriver/webdriver.py", line 282, in find_element
    return self.execute(RemoteCommand.FIND_ELEMENT, {'using': by, 'value': value})['value']
  File "/usr/local/lib/python3.9/site-packages/selenium/webdriver/remote/webdriver.py", line 321, in execute
    self.error_handler.check_response(response)
  File "/usr/local/lib/python3.9/site-packages/appium/webdriver/errorhandler.py", line 31, in check_response
    raise wde
  File "/usr/local/lib/python3.9/site-packages/appium/webdriver/errorhandler.py", line 26, in check_response
    super().check_response(response)
  File "/usr/local/lib/python3.9/site-packages/selenium/webdriver/remote/errorhandler.py", line 242, in check_response
    raise exception_class(message, screen, stacktrace)
selenium.common.exceptions.NoSuchElementException: Message: An element could not be located on the page using the given search parameters.



        </pre>
    </div>
    <!--css div popup end-->

    </td>
</tr>

<tr id='ft2.123' class='none'>
    <td class='errorCase'><div class='testcase'>test_125</div></td>
    <td colspan='5' align='center'>

    <!--css div popup start-->
    <a class="popup_link" onfocus='this.blur();' href="javascript:showTestDetail('div_ft2.123')" >
        error</a>

    <div id='div_ft2.123' class="popup_window">
        <div style='text-align: right; color:red;cursor:pointer'>
        <a onfocus='this.blur();' onclick="document.getElementById('div_ft2.123').style.display = 'none' " >
           [x]</a>
        </div>
        <pre>
        
ft2.123: Traceback (most recent call last):
  File "/Users/xiaozixi/Desktop/自动化测试/iPad-AutoTest/Function/wode.py", line 759, in test_125
    str = self.MyPage.find_ele(MyPage.chain73).get_attribute('label')
  File "/Users/xiaozixi/Desktop/自动化测试/iPad-AutoTest/page/BasePage.py", line 20, in find_ele
    return self.driver.find_element_by_ios_class_chain(loc)
  File "/usr/local/lib/python3.9/site-packages/appium/webdriver/extensions/search_context/ios.py", line 103, in find_element_by_ios_class_chain
    return self.find_element(by=MobileBy.IOS_CLASS_CHAIN, value=class_chain_string)
  File "/usr/local/lib/python3.9/site-packages/appium/webdriver/webdriver.py", line 282, in find_element
    return self.execute(RemoteCommand.FIND_ELEMENT, {'using': by, 'value': value})['value']
  File "/usr/local/lib/python3.9/site-packages/selenium/webdriver/remote/webdriver.py", line 321, in execute
    self.error_handler.check_response(response)
  File "/usr/local/lib/python3.9/site-packages/appium/webdriver/errorhandler.py", line 31, in check_response
    raise wde
  File "/usr/local/lib/python3.9/site-packages/appium/webdriver/errorhandler.py", line 26, in check_response
    super().check_response(response)
  File "/usr/local/lib/python3.9/site-packages/selenium/webdriver/remote/errorhandler.py", line 242, in check_response
    raise exception_class(message, screen, stacktrace)
selenium.common.exceptions.NoSuchElementException: Message: An element could not be located on the page using the given search parameters.



        </pre>
    </div>
    <!--css div popup end-->

    </td>
</tr>

<tr id='ft2.124' class='none'>
    <td class='errorCase'><div class='testcase'>test_126</div></td>
    <td colspan='5' align='center'>

    <!--css div popup start-->
    <a class="popup_link" onfocus='this.blur();' href="javascript:showTestDetail('div_ft2.124')" >
        error</a>

    <div id='div_ft2.124' class="popup_window">
        <div style='text-align: right; color:red;cursor:pointer'>
        <a onfocus='this.blur();' onclick="document.getElementById('div_ft2.124').style.display = 'none' " >
           [x]</a>
        </div>
        <pre>
        
ft2.124: Traceback (most recent call last):
  File "/Users/xiaozixi/Desktop/自动化测试/iPad-AutoTest/Function/wode.py", line 764, in test_126
    str = self.MyPage.find_ele(MyPage.chain74).get_attribute('label')
  File "/Users/xiaozixi/Desktop/自动化测试/iPad-AutoTest/page/BasePage.py", line 20, in find_ele
    return self.driver.find_element_by_ios_class_chain(loc)
  File "/usr/local/lib/python3.9/site-packages/appium/webdriver/extensions/search_context/ios.py", line 103, in find_element_by_ios_class_chain
    return self.find_element(by=MobileBy.IOS_CLASS_CHAIN, value=class_chain_string)
  File "/usr/local/lib/python3.9/site-packages/appium/webdriver/webdriver.py", line 282, in find_element
    return self.execute(RemoteCommand.FIND_ELEMENT, {'using': by, 'value': value})['value']
  File "/usr/local/lib/python3.9/site-packages/selenium/webdriver/remote/webdriver.py", line 321, in execute
    self.error_handler.check_response(response)
  File "/usr/local/lib/python3.9/site-packages/appium/webdriver/errorhandler.py", line 31, in check_response
    raise wde
  File "/usr/local/lib/python3.9/site-packages/appium/webdriver/errorhandler.py", line 26, in check_response
    super().check_response(response)
  File "/usr/local/lib/python3.9/site-packages/selenium/webdriver/remote/errorhandler.py", line 242, in check_response
    raise exception_class(message, screen, stacktrace)
selenium.common.exceptions.NoSuchElementException: Message: An element could not be located on the page using the given search parameters.



        </pre>
    </div>
    <!--css div popup end-->

    </td>
</tr>

<tr id='ft2.125' class='none'>
    <td class='errorCase'><div class='testcase'>test_127</div></td>
    <td colspan='5' align='center'>

    <!--css div popup start-->
    <a class="popup_link" onfocus='this.blur();' href="javascript:showTestDetail('div_ft2.125')" >
        error</a>

    <div id='div_ft2.125' class="popup_window">
        <div style='text-align: right; color:red;cursor:pointer'>
        <a onfocus='this.blur();' onclick="document.getElementById('div_ft2.125').style.display = 'none' " >
           [x]</a>
        </div>
        <pre>
        
ft2.125: Traceback (most recent call last):
  File "/Users/xiaozixi/Desktop/自动化测试/iPad-AutoTest/Function/wode.py", line 769, in test_127
    self.MyPage.click_ele(MyPage.chain74)
  File "/Users/xiaozixi/Desktop/自动化测试/iPad-AutoTest/page/BasePage.py", line 26, in click_ele
    self.find_ele(loc).click()
  File "/Users/xiaozixi/Desktop/自动化测试/iPad-AutoTest/page/BasePage.py", line 20, in find_ele
    return self.driver.find_element_by_ios_class_chain(loc)
  File "/usr/local/lib/python3.9/site-packages/appium/webdriver/extensions/search_context/ios.py", line 103, in find_element_by_ios_class_chain
    return self.find_element(by=MobileBy.IOS_CLASS_CHAIN, value=class_chain_string)
  File "/usr/local/lib/python3.9/site-packages/appium/webdriver/webdriver.py", line 282, in find_element
    return self.execute(RemoteCommand.FIND_ELEMENT, {'using': by, 'value': value})['value']
  File "/usr/local/lib/python3.9/site-packages/selenium/webdriver/remote/webdriver.py", line 321, in execute
    self.error_handler.check_response(response)
  File "/usr/local/lib/python3.9/site-packages/appium/webdriver/errorhandler.py", line 31, in check_response
    raise wde
  File "/usr/local/lib/python3.9/site-packages/appium/webdriver/errorhandler.py", line 26, in check_response
    super().check_response(response)
  File "/usr/local/lib/python3.9/site-packages/selenium/webdriver/remote/errorhandler.py", line 242, in check_response
    raise exception_class(message, screen, stacktrace)
selenium.common.exceptions.NoSuchElementException: Message: An element could not be located on the page using the given search parameters.



        </pre>
    </div>
    <!--css div popup end-->

    </td>
</tr>

<tr id='ft2.126' class='none'>
    <td class='errorCase'><div class='testcase'>test_128</div></td>
    <td colspan='5' align='center'>

    <!--css div popup start-->
    <a class="popup_link" onfocus='this.blur();' href="javascript:showTestDetail('div_ft2.126')" >
        error</a>

    <div id='div_ft2.126' class="popup_window">
        <div style='text-align: right; color:red;cursor:pointer'>
        <a onfocus='this.blur();' onclick="document.getElementById('div_ft2.126').style.display = 'none' " >
           [x]</a>
        </div>
        <pre>
        
ft2.126: Traceback (most recent call last):
  File "/Users/xiaozixi/Desktop/自动化测试/iPad-AutoTest/Function/wode.py", line 776, in test_128
    self.MyPage.click_ele(MyPage.back)
  File "/Users/xiaozixi/Desktop/自动化测试/iPad-AutoTest/page/BasePage.py", line 26, in click_ele
    self.find_ele(loc).click()
  File "/Users/xiaozixi/Desktop/自动化测试/iPad-AutoTest/page/BasePage.py", line 20, in find_ele
    return self.driver.find_element_by_ios_class_chain(loc)
  File "/usr/local/lib/python3.9/site-packages/appium/webdriver/extensions/search_context/ios.py", line 103, in find_element_by_ios_class_chain
    return self.find_element(by=MobileBy.IOS_CLASS_CHAIN, value=class_chain_string)
  File "/usr/local/lib/python3.9/site-packages/appium/webdriver/webdriver.py", line 282, in find_element
    return self.execute(RemoteCommand.FIND_ELEMENT, {'using': by, 'value': value})['value']
  File "/usr/local/lib/python3.9/site-packages/selenium/webdriver/remote/webdriver.py", line 321, in execute
    self.error_handler.check_response(response)
  File "/usr/local/lib/python3.9/site-packages/appium/webdriver/errorhandler.py", line 31, in check_response
    raise wde
  File "/usr/local/lib/python3.9/site-packages/appium/webdriver/errorhandler.py", line 26, in check_response
    super().check_response(response)
  File "/usr/local/lib/python3.9/site-packages/selenium/webdriver/remote/errorhandler.py", line 242, in check_response
    raise exception_class(message, screen, stacktrace)
selenium.common.exceptions.NoSuchElementException: Message: An element could not be located on the page using the given search parameters.



        </pre>
    </div>
    <!--css div popup end-->

    </td>
</tr>

<tr id='ft2.127' class='none'>
    <td class='errorCase'><div class='testcase'>test_129</div></td>
    <td colspan='5' align='center'>

    <!--css div popup start-->
    <a class="popup_link" onfocus='this.blur();' href="javascript:showTestDetail('div_ft2.127')" >
        error</a>

    <div id='div_ft2.127' class="popup_window">
        <div style='text-align: right; color:red;cursor:pointer'>
        <a onfocus='this.blur();' onclick="document.getElementById('div_ft2.127').style.display = 'none' " >
           [x]</a>
        </div>
        <pre>
        
ft2.127: Traceback (most recent call last):
  File "/Users/xiaozixi/Desktop/自动化测试/iPad-AutoTest/Function/wode.py", line 782, in test_129
    self.MyPage.click_ele(MyPage.close)
  File "/Users/xiaozixi/Desktop/自动化测试/iPad-AutoTest/page/BasePage.py", line 26, in click_ele
    self.find_ele(loc).click()
  File "/Users/xiaozixi/Desktop/自动化测试/iPad-AutoTest/page/BasePage.py", line 20, in find_ele
    return self.driver.find_element_by_ios_class_chain(loc)
  File "/usr/local/lib/python3.9/site-packages/appium/webdriver/extensions/search_context/ios.py", line 103, in find_element_by_ios_class_chain
    return self.find_element(by=MobileBy.IOS_CLASS_CHAIN, value=class_chain_string)
  File "/usr/local/lib/python3.9/site-packages/appium/webdriver/webdriver.py", line 282, in find_element
    return self.execute(RemoteCommand.FIND_ELEMENT, {'using': by, 'value': value})['value']
  File "/usr/local/lib/python3.9/site-packages/selenium/webdriver/remote/webdriver.py", line 321, in execute
    self.error_handler.check_response(response)
  File "/usr/local/lib/python3.9/site-packages/appium/webdriver/errorhandler.py", line 31, in check_response
    raise wde
  File "/usr/local/lib/python3.9/site-packages/appium/webdriver/errorhandler.py", line 26, in check_response
    super().check_response(response)
  File "/usr/local/lib/python3.9/site-packages/selenium/webdriver/remote/errorhandler.py", line 242, in check_response
    raise exception_class(message, screen, stacktrace)
selenium.common.exceptions.NoSuchElementException: Message: An element could not be located on the page using the given search parameters.



        </pre>
    </div>
    <!--css div popup end-->

    </td>
</tr>

<tr class='passClass'>
    <td>pianku.pianku_test</td>
    <td>77</td>
    <td>77</td>
    <td>0</td>
    <td>0</td>
    <td><a href="javascript:showClassDetail('c3',77)">Detail</a></td>
</tr>

<tr id='pt3.1' class='hiddenRow'>
    <td class='none'><div class='testcase'>test_001</div></td>
    <td colspan='5' align='center'>pass</td>
</tr>

<tr id='pt3.2' class='hiddenRow'>
    <td class='none'><div class='testcase'>test_002</div></td>
    <td colspan='5' align='center'>pass</td>
</tr>

<tr id='pt3.3' class='hiddenRow'>
    <td class='none'><div class='testcase'>test_003</div></td>
    <td colspan='5' align='center'>pass</td>
</tr>

<tr id='pt3.4' class='hiddenRow'>
    <td class='none'><div class='testcase'>test_004</div></td>
    <td colspan='5' align='center'>pass</td>
</tr>

<tr id='pt3.5' class='hiddenRow'>
    <td class='none'><div class='testcase'>test_005</div></td>
    <td colspan='5' align='center'>pass</td>
</tr>

<tr id='pt3.6' class='hiddenRow'>
    <td class='none'><div class='testcase'>test_006</div></td>
    <td colspan='5' align='center'>pass</td>
</tr>

<tr id='pt3.7' class='hiddenRow'>
    <td class='none'><div class='testcase'>test_007</div></td>
    <td colspan='5' align='center'>pass</td>
</tr>

<tr id='pt3.8' class='hiddenRow'>
    <td class='none'><div class='testcase'>test_008</div></td>
    <td colspan='5' align='center'>pass</td>
</tr>

<tr id='pt3.9' class='hiddenRow'>
    <td class='none'><div class='testcase'>test_009</div></td>
    <td colspan='5' align='center'>pass</td>
</tr>

<tr id='pt3.10' class='hiddenRow'>
    <td class='none'><div class='testcase'>test_010</div></td>
    <td colspan='5' align='center'>pass</td>
</tr>

<tr id='pt3.11' class='hiddenRow'>
    <td class='none'><div class='testcase'>test_011</div></td>
    <td colspan='5' align='center'>pass</td>
</tr>

<tr id='pt3.12' class='hiddenRow'>
    <td class='none'><div class='testcase'>test_012</div></td>
    <td colspan='5' align='center'>pass</td>
</tr>

<tr id='pt3.13' class='hiddenRow'>
    <td class='none'><div class='testcase'>test_013</div></td>
    <td colspan='5' align='center'>pass</td>
</tr>

<tr id='pt3.14' class='hiddenRow'>
    <td class='none'><div class='testcase'>test_014</div></td>
    <td colspan='5' align='center'>pass</td>
</tr>

<tr id='pt3.15' class='hiddenRow'>
    <td class='none'><div class='testcase'>test_015</div></td>
    <td colspan='5' align='center'>pass</td>
</tr>

<tr id='pt3.16' class='hiddenRow'>
    <td class='none'><div class='testcase'>test_016</div></td>
    <td colspan='5' align='center'>pass</td>
</tr>

<tr id='pt3.17' class='hiddenRow'>
    <td class='none'><div class='testcase'>test_017</div></td>
    <td colspan='5' align='center'>pass</td>
</tr>

<tr id='pt3.18' class='hiddenRow'>
    <td class='none'><div class='testcase'>test_018</div></td>
    <td colspan='5' align='center'>pass</td>
</tr>

<tr id='pt3.19' class='hiddenRow'>
    <td class='none'><div class='testcase'>test_019</div></td>
    <td colspan='5' align='center'>pass</td>
</tr>

<tr id='pt3.20' class='hiddenRow'>
    <td class='none'><div class='testcase'>test_020</div></td>
    <td colspan='5' align='center'>pass</td>
</tr>

<tr id='pt3.21' class='hiddenRow'>
    <td class='none'><div class='testcase'>test_021</div></td>
    <td colspan='5' align='center'>pass</td>
</tr>

<tr id='pt3.22' class='hiddenRow'>
    <td class='none'><div class='testcase'>test_022</div></td>
    <td colspan='5' align='center'>pass</td>
</tr>

<tr id='pt3.23' class='hiddenRow'>
    <td class='none'><div class='testcase'>test_023</div></td>
    <td colspan='5' align='center'>pass</td>
</tr>

<tr id='pt3.24' class='hiddenRow'>
    <td class='none'><div class='testcase'>test_024</div></td>
    <td colspan='5' align='center'>pass</td>
</tr>

<tr id='pt3.25' class='hiddenRow'>
    <td class='none'><div class='testcase'>test_025</div></td>
    <td colspan='5' align='center'>pass</td>
</tr>

<tr id='pt3.26' class='hiddenRow'>
    <td class='none'><div class='testcase'>test_026</div></td>
    <td colspan='5' align='center'>pass</td>
</tr>

<tr id='pt3.27' class='hiddenRow'>
    <td class='none'><div class='testcase'>test_027</div></td>
    <td colspan='5' align='center'>pass</td>
</tr>

<tr id='pt3.28' class='hiddenRow'>
    <td class='none'><div class='testcase'>test_028</div></td>
    <td colspan='5' align='center'>pass</td>
</tr>

<tr id='pt3.29' class='hiddenRow'>
    <td class='none'><div class='testcase'>test_029</div></td>
    <td colspan='5' align='center'>pass</td>
</tr>

<tr id='pt3.30' class='hiddenRow'>
    <td class='none'><div class='testcase'>test_030</div></td>
    <td colspan='5' align='center'>pass</td>
</tr>

<tr id='pt3.31' class='hiddenRow'>
    <td class='none'><div class='testcase'>test_031</div></td>
    <td colspan='5' align='center'>pass</td>
</tr>

<tr id='pt3.32' class='hiddenRow'>
    <td class='none'><div class='testcase'>test_032</div></td>
    <td colspan='5' align='center'>pass</td>
</tr>

<tr id='pt3.33' class='hiddenRow'>
    <td class='none'><div class='testcase'>test_033</div></td>
    <td colspan='5' align='center'>pass</td>
</tr>

<tr id='pt3.34' class='hiddenRow'>
    <td class='none'><div class='testcase'>test_034</div></td>
    <td colspan='5' align='center'>pass</td>
</tr>

<tr id='pt3.35' class='hiddenRow'>
    <td class='none'><div class='testcase'>test_035</div></td>
    <td colspan='5' align='center'>pass</td>
</tr>

<tr id='pt3.36' class='hiddenRow'>
    <td class='none'><div class='testcase'>test_036</div></td>
    <td colspan='5' align='center'>pass</td>
</tr>

<tr id='pt3.37' class='hiddenRow'>
    <td class='none'><div class='testcase'>test_037</div></td>
    <td colspan='5' align='center'>pass</td>
</tr>

<tr id='pt3.38' class='hiddenRow'>
    <td class='none'><div class='testcase'>test_038</div></td>
    <td colspan='5' align='center'>pass</td>
</tr>

<tr id='pt3.39' class='hiddenRow'>
    <td class='none'><div class='testcase'>test_039</div></td>
    <td colspan='5' align='center'>pass</td>
</tr>

<tr id='pt3.40' class='hiddenRow'>
    <td class='none'><div class='testcase'>test_040</div></td>
    <td colspan='5' align='center'>pass</td>
</tr>

<tr id='pt3.41' class='hiddenRow'>
    <td class='none'><div class='testcase'>test_041</div></td>
    <td colspan='5' align='center'>pass</td>
</tr>

<tr id='pt3.42' class='hiddenRow'>
    <td class='none'><div class='testcase'>test_042</div></td>
    <td colspan='5' align='center'>pass</td>
</tr>

<tr id='pt3.43' class='hiddenRow'>
    <td class='none'><div class='testcase'>test_043</div></td>
    <td colspan='5' align='center'>pass</td>
</tr>

<tr id='pt3.44' class='hiddenRow'>
    <td class='none'><div class='testcase'>test_044</div></td>
    <td colspan='5' align='center'>pass</td>
</tr>

<tr id='pt3.45' class='hiddenRow'>
    <td class='none'><div class='testcase'>test_045</div></td>
    <td colspan='5' align='center'>pass</td>
</tr>

<tr id='pt3.46' class='hiddenRow'>
    <td class='none'><div class='testcase'>test_046</div></td>
    <td colspan='5' align='center'>pass</td>
</tr>

<tr id='pt3.47' class='hiddenRow'>
    <td class='none'><div class='testcase'>test_047</div></td>
    <td colspan='5' align='center'>pass</td>
</tr>

<tr id='pt3.48' class='hiddenRow'>
    <td class='none'><div class='testcase'>test_048</div></td>
    <td colspan='5' align='center'>pass</td>
</tr>

<tr id='pt3.49' class='hiddenRow'>
    <td class='none'><div class='testcase'>test_049</div></td>
    <td colspan='5' align='center'>pass</td>
</tr>

<tr id='pt3.50' class='hiddenRow'>
    <td class='none'><div class='testcase'>test_050</div></td>
    <td colspan='5' align='center'>pass</td>
</tr>

<tr id='pt3.51' class='hiddenRow'>
    <td class='none'><div class='testcase'>test_051</div></td>
    <td colspan='5' align='center'>pass</td>
</tr>

<tr id='pt3.52' class='hiddenRow'>
    <td class='none'><div class='testcase'>test_052</div></td>
    <td colspan='5' align='center'>pass</td>
</tr>

<tr id='pt3.53' class='hiddenRow'>
    <td class='none'><div class='testcase'>test_053</div></td>
    <td colspan='5' align='center'>pass</td>
</tr>

<tr id='pt3.54' class='hiddenRow'>
    <td class='none'><div class='testcase'>test_054</div></td>
    <td colspan='5' align='center'>pass</td>
</tr>

<tr id='pt3.55' class='hiddenRow'>
    <td class='none'><div class='testcase'>test_055</div></td>
    <td colspan='5' align='center'>pass</td>
</tr>

<tr id='pt3.56' class='hiddenRow'>
    <td class='none'><div class='testcase'>test_056</div></td>
    <td colspan='5' align='center'>pass</td>
</tr>

<tr id='pt3.57' class='hiddenRow'>
    <td class='none'><div class='testcase'>test_057</div></td>
    <td colspan='5' align='center'>pass</td>
</tr>

<tr id='pt3.58' class='hiddenRow'>
    <td class='none'><div class='testcase'>test_058</div></td>
    <td colspan='5' align='center'>pass</td>
</tr>

<tr id='pt3.59' class='hiddenRow'>
    <td class='none'><div class='testcase'>test_059</div></td>
    <td colspan='5' align='center'>pass</td>
</tr>

<tr id='pt3.60' class='hiddenRow'>
    <td class='none'><div class='testcase'>test_060</div></td>
    <td colspan='5' align='center'>pass</td>
</tr>

<tr id='pt3.61' class='hiddenRow'>
    <td class='none'><div class='testcase'>test_061</div></td>
    <td colspan='5' align='center'>pass</td>
</tr>

<tr id='pt3.62' class='hiddenRow'>
    <td class='none'><div class='testcase'>test_062</div></td>
    <td colspan='5' align='center'>pass</td>
</tr>

<tr id='pt3.63' class='hiddenRow'>
    <td class='none'><div class='testcase'>test_063</div></td>
    <td colspan='5' align='center'>pass</td>
</tr>

<tr id='pt3.64' class='hiddenRow'>
    <td class='none'><div class='testcase'>test_064</div></td>
    <td colspan='5' align='center'>pass</td>
</tr>

<tr id='pt3.65' class='hiddenRow'>
    <td class='none'><div class='testcase'>test_065</div></td>
    <td colspan='5' align='center'>pass</td>
</tr>

<tr id='pt3.66' class='hiddenRow'>
    <td class='none'><div class='testcase'>test_066</div></td>
    <td colspan='5' align='center'>pass</td>
</tr>

<tr id='pt3.67' class='hiddenRow'>
    <td class='none'><div class='testcase'>test_067</div></td>
    <td colspan='5' align='center'>pass</td>
</tr>

<tr id='pt3.68' class='hiddenRow'>
    <td class='none'><div class='testcase'>test_068</div></td>
    <td colspan='5' align='center'>pass</td>
</tr>

<tr id='pt3.69' class='hiddenRow'>
    <td class='none'><div class='testcase'>test_069</div></td>
    <td colspan='5' align='center'>pass</td>
</tr>

<tr id='pt3.70' class='hiddenRow'>
    <td class='none'><div class='testcase'>test_070</div></td>
    <td colspan='5' align='center'>pass</td>
</tr>

<tr id='pt3.71' class='hiddenRow'>
    <td class='none'><div class='testcase'>test_071</div></td>
    <td colspan='5' align='center'>pass</td>
</tr>

<tr id='pt3.72' class='hiddenRow'>
    <td class='none'><div class='testcase'>test_072</div></td>
    <td colspan='5' align='center'>pass</td>
</tr>

<tr id='pt3.73' class='hiddenRow'>
    <td class='none'><div class='testcase'>test_073</div></td>
    <td colspan='5' align='center'>pass</td>
</tr>

<tr id='pt3.74' class='hiddenRow'>
    <td class='none'><div class='testcase'>test_074</div></td>
    <td colspan='5' align='center'>pass</td>
</tr>

<tr id='pt3.75' class='hiddenRow'>
    <td class='none'><div class='testcase'>test_075</div></td>
    <td colspan='5' align='center'>pass</td>
</tr>

<tr id='pt3.76' class='hiddenRow'>
    <td class='none'><div class='testcase'>test_076</div></td>
    <td colspan='5' align='center'>pass</td>
</tr>

<tr id='pt3.77' class='hiddenRow'>
    <td class='none'><div class='testcase'>test_77</div></td>
    <td colspan='5' align='center'>pass</td>
</tr>

<tr class='errorClass'>
    <td>login.login_test</td>
    <td>4</td>
    <td>2</td>
    <td>0</td>
    <td>2</td>
    <td><a href="javascript:showClassDetail('c4',4)">Detail</a></td>
</tr>

<tr id='ft4.1' class='none'>
    <td class='errorCase'><div class='testcase'>test_001: 有快捷登录时邮箱登录</div></td>
    <td colspan='5' align='center'>

    <!--css div popup start-->
    <a class="popup_link" onfocus='this.blur();' href="javascript:showTestDetail('div_ft4.1')" >
        error</a>

    <div id='div_ft4.1' class="popup_window">
        <div style='text-align: right; color:red;cursor:pointer'>
        <a onfocus='this.blur();' onclick="document.getElementById('div_ft4.1').style.display = 'none' " >
           [x]</a>
        </div>
        <pre>
        
ft4.1: Traceback (most recent call last):
  File "/Users/xiaozixi/Desktop/自动化测试/iPad-AutoTest/Function/login.py", line 38, in test_001
    self.LoginPage.into_mail_login()
  File "/Users/xiaozixi/Desktop/自动化测试/iPad-AutoTest/page/login_page.py", line 119, in into_mail_login
    self.click_ele(self.chain1)
  File "/Users/xiaozixi/Desktop/自动化测试/iPad-AutoTest/page/BasePage.py", line 26, in click_ele
    self.find_ele(loc).click()
  File "/Users/xiaozixi/Desktop/自动化测试/iPad-AutoTest/page/BasePage.py", line 20, in find_ele
    return self.driver.find_element_by_ios_class_chain(loc)
  File "/usr/local/lib/python3.9/site-packages/appium/webdriver/extensions/search_context/ios.py", line 103, in find_element_by_ios_class_chain
    return self.find_element(by=MobileBy.IOS_CLASS_CHAIN, value=class_chain_string)
  File "/usr/local/lib/python3.9/site-packages/appium/webdriver/webdriver.py", line 282, in find_element
    return self.execute(RemoteCommand.FIND_ELEMENT, {'using': by, 'value': value})['value']
  File "/usr/local/lib/python3.9/site-packages/selenium/webdriver/remote/webdriver.py", line 321, in execute
    self.error_handler.check_response(response)
  File "/usr/local/lib/python3.9/site-packages/appium/webdriver/errorhandler.py", line 31, in check_response
    raise wde
  File "/usr/local/lib/python3.9/site-packages/appium/webdriver/errorhandler.py", line 26, in check_response
    super().check_response(response)
  File "/usr/local/lib/python3.9/site-packages/selenium/webdriver/remote/errorhandler.py", line 242, in check_response
    raise exception_class(message, screen, stacktrace)
selenium.common.exceptions.NoSuchElementException: Message: An element could not be located on the page using the given search parameters.



        </pre>
    </div>
    <!--css div popup end-->

    </td>
</tr>

<tr id='pt4.2' class='hiddenRow'>
    <td class='none'><div class='testcase'>test_002</div></td>
    <td colspan='5' align='center'>pass</td>
</tr>

<tr id='ft4.3' class='none'>
    <td class='errorCase'><div class='testcase'>test_003</div></td>
    <td colspan='5' align='center'>

    <!--css div popup start-->
    <a class="popup_link" onfocus='this.blur();' href="javascript:showTestDetail('div_ft4.3')" >
        error</a>

    <div id='div_ft4.3' class="popup_window">
        <div style='text-align: right; color:red;cursor:pointer'>
        <a onfocus='this.blur();' onclick="document.getElementById('div_ft4.3').style.display = 'none' " >
           [x]</a>
        </div>
        <pre>
        
ft4.3: Traceback (most recent call last):
  File "/Users/xiaozixi/Desktop/自动化测试/iPad-AutoTest/Function/login.py", line 50, in test_003
    self.LoginPage.quick_login()
  File "/Users/xiaozixi/Desktop/自动化测试/iPad-AutoTest/page/login_page.py", line 124, in quick_login
    self.click_ele(self.chain4)
  File "/Users/xiaozixi/Desktop/自动化测试/iPad-AutoTest/page/BasePage.py", line 26, in click_ele
    self.find_ele(loc).click()
  File "/Users/xiaozixi/Desktop/自动化测试/iPad-AutoTest/page/BasePage.py", line 20, in find_ele
    return self.driver.find_element_by_ios_class_chain(loc)
  File "/usr/local/lib/python3.9/site-packages/appium/webdriver/extensions/search_context/ios.py", line 103, in find_element_by_ios_class_chain
    return self.find_element(by=MobileBy.IOS_CLASS_CHAIN, value=class_chain_string)
  File "/usr/local/lib/python3.9/site-packages/appium/webdriver/webdriver.py", line 282, in find_element
    return self.execute(RemoteCommand.FIND_ELEMENT, {'using': by, 'value': value})['value']
  File "/usr/local/lib/python3.9/site-packages/selenium/webdriver/remote/webdriver.py", line 321, in execute
    self.error_handler.check_response(response)
  File "/usr/local/lib/python3.9/site-packages/appium/webdriver/errorhandler.py", line 31, in check_response
    raise wde
  File "/usr/local/lib/python3.9/site-packages/appium/webdriver/errorhandler.py", line 26, in check_response
    super().check_response(response)
  File "/usr/local/lib/python3.9/site-packages/selenium/webdriver/remote/errorhandler.py", line 242, in check_response
    raise exception_class(message, screen, stacktrace)
selenium.common.exceptions.NoSuchElementException: Message: An element could not be located on the page using the given search parameters.



        </pre>
    </div>
    <!--css div popup end-->

    </td>
</tr>

<tr id='pt4.4' class='hiddenRow'>
    <td class='none'><div class='testcase'>test_004</div></td>
    <td colspan='5' align='center'>pass</td>
</tr>

<tr class='errorClass'>
    <td>search.search_test</td>
    <td>15</td>
    <td>11</td>
    <td>1</td>
    <td>3</td>
    <td><a href="javascript:showClassDetail('c5',15)">Detail</a></td>
</tr>

<tr id='pt5.1' class='hiddenRow'>
    <td class='none'><div class='testcase'>test_001</div></td>
    <td colspan='5' align='center'>pass</td>
</tr>

<tr id='pt5.2' class='hiddenRow'>
    <td class='none'><div class='testcase'>test_002</div></td>
    <td colspan='5' align='center'>pass</td>
</tr>

<tr id='pt5.3' class='hiddenRow'>
    <td class='none'><div class='testcase'>test_003</div></td>
    <td colspan='5' align='center'>pass</td>
</tr>

<tr id='pt5.4' class='hiddenRow'>
    <td class='none'><div class='testcase'>test_004</div></td>
    <td colspan='5' align='center'>pass</td>
</tr>

<tr id='pt5.5' class='hiddenRow'>
    <td class='none'><div class='testcase'>test_005</div></td>
    <td colspan='5' align='center'>pass</td>
</tr>

<tr id='pt5.6' class='hiddenRow'>
    <td class='none'><div class='testcase'>test_006</div></td>
    <td colspan='5' align='center'>pass</td>
</tr>

<tr id='ft5.7' class='none'>
    <td class='errorCase'><div class='testcase'>test_007</div></td>
    <td colspan='5' align='center'>

    <!--css div popup start-->
    <a class="popup_link" onfocus='this.blur();' href="javascript:showTestDetail('div_ft5.7')" >
        error</a>

    <div id='div_ft5.7' class="popup_window">
        <div style='text-align: right; color:red;cursor:pointer'>
        <a onfocus='this.blur();' onclick="document.getElementById('div_ft5.7').style.display = 'none' " >
           [x]</a>
        </div>
        <pre>
        
ft5.7: Traceback (most recent call last):
  File "/Users/xiaozixi/Desktop/自动化测试/iPad-AutoTest/Function/search.py", line 75, in test_007
    str = self.SearchPage.find_ele(SearchuPage.chain15).get_attribute('value')
  File "/Users/xiaozixi/Desktop/自动化测试/iPad-AutoTest/page/BasePage.py", line 20, in find_ele
    return self.driver.find_element_by_ios_class_chain(loc)
  File "/usr/local/lib/python3.9/site-packages/appium/webdriver/extensions/search_context/ios.py", line 103, in find_element_by_ios_class_chain
    return self.find_element(by=MobileBy.IOS_CLASS_CHAIN, value=class_chain_string)
  File "/usr/local/lib/python3.9/site-packages/appium/webdriver/webdriver.py", line 282, in find_element
    return self.execute(RemoteCommand.FIND_ELEMENT, {'using': by, 'value': value})['value']
  File "/usr/local/lib/python3.9/site-packages/selenium/webdriver/remote/webdriver.py", line 321, in execute
    self.error_handler.check_response(response)
  File "/usr/local/lib/python3.9/site-packages/appium/webdriver/errorhandler.py", line 31, in check_response
    raise wde
  File "/usr/local/lib/python3.9/site-packages/appium/webdriver/errorhandler.py", line 26, in check_response
    super().check_response(response)
  File "/usr/local/lib/python3.9/site-packages/selenium/webdriver/remote/errorhandler.py", line 242, in check_response
    raise exception_class(message, screen, stacktrace)
selenium.common.exceptions.NoSuchElementException: Message: An element could not be located on the page using the given search parameters.



        </pre>
    </div>
    <!--css div popup end-->

    </td>
</tr>

<tr id='pt5.8' class='hiddenRow'>
    <td class='none'><div class='testcase'>test_008</div></td>
    <td colspan='5' align='center'>pass</td>
</tr>

<tr id='pt5.9' class='hiddenRow'>
    <td class='none'><div class='testcase'>test_009</div></td>
    <td colspan='5' align='center'>pass</td>
</tr>

<tr id='ft5.10' class='none'>
    <td class='failCase'><div class='testcase'>test_010</div></td>
    <td colspan='5' align='center'>

    <!--css div popup start-->
    <a class="popup_link" onfocus='this.blur();' href="javascript:showTestDetail('div_ft5.10')" >
        fail</a>

    <div id='div_ft5.10' class="popup_window">
        <div style='text-align: right; color:red;cursor:pointer'>
        <a onfocus='this.blur();' onclick="document.getElementById('div_ft5.10').style.display = 'none' " >
           [x]</a>
        </div>
        <pre>
        
ft5.10: Traceback (most recent call last):
  File "/Users/xiaozixi/Desktop/自动化测试/iPad-AutoTest/Function/search.py", line 98, in test_010
    assert str == '高级筛选'
AssertionError


        </pre>
    </div>
    <!--css div popup end-->

    </td>
</tr>

<tr id='pt5.11' class='hiddenRow'>
    <td class='none'><div class='testcase'>test_011</div></td>
    <td colspan='5' align='center'>pass</td>
</tr>

<tr id='pt5.12' class='hiddenRow'>
    <td class='none'><div class='testcase'>test_012</div></td>
    <td colspan='5' align='center'>pass</td>
</tr>

<tr id='pt5.13' class='hiddenRow'>
    <td class='none'><div class='testcase'>test_013</div></td>
    <td colspan='5' align='center'>pass</td>
</tr>

<tr id='ft5.14' class='none'>
    <td class='errorCase'><div class='testcase'>test_014</div></td>
    <td colspan='5' align='center'>

    <!--css div popup start-->
    <a class="popup_link" onfocus='this.blur();' href="javascript:showTestDetail('div_ft5.14')" >
        error</a>

    <div id='div_ft5.14' class="popup_window">
        <div style='text-align: right; color:red;cursor:pointer'>
        <a onfocus='this.blur();' onclick="document.getElementById('div_ft5.14').style.display = 'none' " >
           [x]</a>
        </div>
        <pre>
        
ft5.14: Traceback (most recent call last):
  File "/Users/xiaozixi/Desktop/自动化测试/iPad-AutoTest/Function/search.py", line 127, in test_014
    self.SearchPage.click_ele(SearchuPage.chain27)
  File "/Users/xiaozixi/Desktop/自动化测试/iPad-AutoTest/page/BasePage.py", line 26, in click_ele
    self.find_ele(loc).click()
  File "/Users/xiaozixi/Desktop/自动化测试/iPad-AutoTest/page/BasePage.py", line 20, in find_ele
    return self.driver.find_element_by_ios_class_chain(loc)
  File "/usr/local/lib/python3.9/site-packages/appium/webdriver/extensions/search_context/ios.py", line 103, in find_element_by_ios_class_chain
    return self.find_element(by=MobileBy.IOS_CLASS_CHAIN, value=class_chain_string)
  File "/usr/local/lib/python3.9/site-packages/appium/webdriver/webdriver.py", line 282, in find_element
    return self.execute(RemoteCommand.FIND_ELEMENT, {'using': by, 'value': value})['value']
  File "/usr/local/lib/python3.9/site-packages/selenium/webdriver/remote/webdriver.py", line 321, in execute
    self.error_handler.check_response(response)
  File "/usr/local/lib/python3.9/site-packages/appium/webdriver/errorhandler.py", line 31, in check_response
    raise wde
  File "/usr/local/lib/python3.9/site-packages/appium/webdriver/errorhandler.py", line 26, in check_response
    super().check_response(response)
  File "/usr/local/lib/python3.9/site-packages/selenium/webdriver/remote/errorhandler.py", line 242, in check_response
    raise exception_class(message, screen, stacktrace)
selenium.common.exceptions.NoSuchElementException: Message: An element could not be located on the page using the given search parameters.



        </pre>
    </div>
    <!--css div popup end-->

    </td>
</tr>

<tr id='ft5.15' class='none'>
    <td class='errorCase'><div class='testcase'>test_015</div></td>
    <td colspan='5' align='center'>

    <!--css div popup start-->
    <a class="popup_link" onfocus='this.blur();' href="javascript:showTestDetail('div_ft5.15')" >
        error</a>

    <div id='div_ft5.15' class="popup_window">
        <div style='text-align: right; color:red;cursor:pointer'>
        <a onfocus='this.blur();' onclick="document.getElementById('div_ft5.15').style.display = 'none' " >
           [x]</a>
        </div>
        <pre>
        
ft5.15: Traceback (most recent call last):
  File "/Users/xiaozixi/Desktop/自动化测试/iPad-AutoTest/Function/search.py", line 135, in test_015
    self.SearchPage.click_ele(SearchuPage.chain29)
  File "/Users/xiaozixi/Desktop/自动化测试/iPad-AutoTest/page/BasePage.py", line 26, in click_ele
    self.find_ele(loc).click()
  File "/Users/xiaozixi/Desktop/自动化测试/iPad-AutoTest/page/BasePage.py", line 20, in find_ele
    return self.driver.find_element_by_ios_class_chain(loc)
  File "/usr/local/lib/python3.9/site-packages/appium/webdriver/extensions/search_context/ios.py", line 103, in find_element_by_ios_class_chain
    return self.find_element(by=MobileBy.IOS_CLASS_CHAIN, value=class_chain_string)
  File "/usr/local/lib/python3.9/site-packages/appium/webdriver/webdriver.py", line 282, in find_element
    return self.execute(RemoteCommand.FIND_ELEMENT, {'using': by, 'value': value})['value']
  File "/usr/local/lib/python3.9/site-packages/selenium/webdriver/remote/webdriver.py", line 321, in execute
    self.error_handler.check_response(response)
  File "/usr/local/lib/python3.9/site-packages/appium/webdriver/errorhandler.py", line 31, in check_response
    raise wde
  File "/usr/local/lib/python3.9/site-packages/appium/webdriver/errorhandler.py", line 26, in check_response
    super().check_response(response)
  File "/usr/local/lib/python3.9/site-packages/selenium/webdriver/remote/errorhandler.py", line 242, in check_response
    raise exception_class(message, screen, stacktrace)
selenium.common.exceptions.NoSuchElementException: Message: An element could not be located on the page using the given search parameters.



        </pre>
    </div>
    <!--css div popup end-->

    </td>
</tr>

<tr id='total_row'>
    <td>Total</td>
    <td>247</td>
    <td>143</td>
    <td>7</td>
    <td>97</td>
    <td>&nbsp;</td>
</tr>
</table>

<div id='ending'>&nbsp;</div>

</body>
</html>
